[ 2016-08-28T03:34:10+08:00 ] 180.76.15.150 /singwa/index.php?c=detail&id=28
INFO: [ app_init ] --START--
INFO: Run Behavior\BuildLiteBehavior [ RunTime:0.000023s ]
INFO: [ app_init ] --END-- [ RunTime:0.000351s ]
INFO: [ app_begin ] --START--
INFO: Run Behavior\ReadHtmlCacheBehavior [ RunTime:0.000434s ]
INFO: [ app_begin ] --END-- [ RunTime:0.000486s ]
NOTIC: [2048] Declaration of Home\Controller\CommonController::error() should be compatible with Think\Controller::error($message = '', $jumpUrl = '', $ajax = false) /var/www/clients/client1/web6/web/singwa/Application/Home/Controller/CommonController.class.php 第 23 行.
NOTIC: [2048] Declaration of Common\Model\NewsModel::select() should be compatible with Think\Model::select($options = Array) /var/www/clients/client1/web6/web/singwa/Application/Common/Model/NewsModel.class.php 第 8 行.
NOTIC: [2048] Declaration of Common\Model\NewsModel::find() should be compatible with Think\Model::find($options = Array) /var/www/clients/client1/web6/web/singwa/Application/Common/Model/NewsModel.class.php 第 8 行.
SQL: SHOW COLUMNS FROM `cms_news` [ RunTime:0.0010s ]
SQL: SELECT * FROM `cms_news` WHERE ( news_id=28 ) LIMIT 1   [ RunTime:0.0003s ]
SQL: UPDATE `cms_news` SET `count`='16' WHERE ( news_id=28 ) [ RunTime:0.0003s ]
NOTIC: [2048] Declaration of Common\Model\NewsContentModel::find() should be compatible with Think\Model::find($options = Array) /var/www/clients/client1/web6/web/singwa/Application/Common/Model/NewsContentModel.class.php 第 42 行.
SQL: SHOW COLUMNS FROM `cms_news_content` [ RunTime:0.0004s ]
SQL: SELECT * FROM `cms_news_content` WHERE ( news_id=28 ) LIMIT 1   [ RunTime:0.0002s ]
SQL: SELECT * FROM `cms_news` WHERE `status` = 1 ORDER BY count desc,news_id desc LIMIT 10   [ RunTime:0.0003s ]
NOTIC: [2048] Declaration of Common\Model\PositionContentModel::select() should be compatible with Think\Model::select($options = Array) /var/www/clients/client1/web6/web/singwa/Application/Common/Model/PositionContentModel.class.php 第 106 行.
NOTIC: [2048] Declaration of Common\Model\PositionContentModel::find() should be compatible with Think\Model::find($options = Array) /var/www/clients/client1/web6/web/singwa/Application/Common/Model/PositionContentModel.class.php 第 106 行.
SQL: SHOW COLUMNS FROM `cms_position_content` [ RunTime:0.0005s ]
SQL: SELECT * FROM `cms_position_content` WHERE `status` = 1 AND `position_id` = 5 ORDER BY id desc LIMIT 2   [ RunTime:0.0002s ]
INFO: [ view_parse ] --START--
INFO: [ template_filter ] --START--
INFO: Run Behavior\ContentReplaceBehavior [ RunTime:0.000045s ]
INFO: [ template_filter ] --END-- [ RunTime:0.000089s ]
NOTIC: [2048] Declaration of Common\Model\BasicModel::save() should be compatible with Think\Model::save($data = '', $options = Array) /var/www/clients/client1/web6/web/singwa/Application/Common/Model/BasicModel.class.php 第 28 行.
NOTIC: [2048] Declaration of Common\Model\BasicModel::select() should be compatible with Think\Model::select($options = Array) /var/www/clients/client1/web6/web/singwa/Application/Common/Model/BasicModel.class.php 第 28 行.
NOTIC: [2048] Declaration of Common\Model\MenuModel::find() should be compatible with Think\Model::find($options = Array) /var/www/clients/client1/web6/web/singwa/Application/Common/Model/MenuModel.class.php 第 88 行.
SQL: SHOW COLUMNS FROM `cms_menu` [ RunTime:0.0005s ]
SQL: SELECT * FROM `cms_menu` WHERE `status` = 1 AND `type` = 0 ORDER BY listorder desc,menu_id desc  [ RunTime:0.0002s ]
NOTIC: [8] Undefined index: name /var/www/clients/client1/web6/web/singwa/Application/Runtime/Cache/Home/0d75cb75cd30b13fdd4834afd69acb19.php 第 60 行.
INFO: Run Behavior\ParseTemplateBehavior [ RunTime:0.008802s ]
INFO: [ view_parse ] --END-- [ RunTime:0.008839s ]
INFO: [ view_filter ] --START--
INFO: Run Behavior\WriteHtmlCacheBehavior [ RunTime:0.000190s ]
INFO: [ view_filter ] --END-- [ RunTime:0.000221s ]
INFO: [ app_end ] --START--
INFO: Run Behavior\ShowPageTraceBehavior [ RunTime:0.000408s ]
INFO: [ app_end ] --END-- [ RunTime:0.000444s ]

[ 2016-08-28T15:43:37+08:00 ] 157.55.39.194 /singwa/index.php
INFO: [ app_init ] --START--
INFO: Run Behavior\BuildLiteBehavior [ RunTime:0.000021s ]
INFO: [ app_init ] --END-- [ RunTime:0.000891s ]
INFO: [ app_begin ] --START--
INFO: Run Behavior\ReadHtmlCacheBehavior [ RunTime:0.000764s ]
INFO: [ app_begin ] --END-- [ RunTime:0.000810s ]
NOTIC: [2048] Declaration of Home\Controller\CommonController::error() should be compatible with Think\Controller::error($message = '', $jumpUrl = '', $ajax = false) /var/www/clients/client1/web6/web/singwa/Application/Home/Controller/CommonController.class.php 第 23 行.
NOTIC: [2048] Declaration of Common\Model\NewsModel::select() should be compatible with Think\Model::select($options = Array) /var/www/clients/client1/web6/web/singwa/Application/Common/Model/NewsModel.class.php 第 8 行.
NOTIC: [2048] Declaration of Common\Model\NewsModel::find() should be compatible with Think\Model::find($options = Array) /var/www/clients/client1/web6/web/singwa/Application/Common/Model/NewsModel.class.php 第 8 行.
SQL: SHOW COLUMNS FROM `cms_news` [ RunTime:0.0021s ]
SQL: SELECT * FROM `cms_news` WHERE `status` = 1 ORDER BY count desc,news_id desc LIMIT 10   [ RunTime:0.0014s ]
NOTIC: [2048] Declaration of Common\Model\PositionContentModel::select() should be compatible with Think\Model::select($options = Array) /var/www/clients/client1/web6/web/singwa/Application/Common/Model/PositionContentModel.class.php 第 106 行.
NOTIC: [2048] Declaration of Common\Model\PositionContentModel::find() should be compatible with Think\Model::find($options = Array) /var/www/clients/client1/web6/web/singwa/Application/Common/Model/PositionContentModel.class.php 第 106 行.
SQL: SHOW COLUMNS FROM `cms_position_content` [ RunTime:0.0004s ]
SQL: SELECT * FROM `cms_position_content` WHERE `status` = 1 AND `position_id` = 2 ORDER BY id desc LIMIT 1   [ RunTime:0.0012s ]
SQL: SELECT * FROM `cms_position_content` WHERE `status` = 1 AND `position_id` = 3 ORDER BY id desc LIMIT 3   [ RunTime:0.0001s ]
SQL: SELECT * FROM `cms_news` WHERE `status` = 1 AND `thumb` <> '' ORDER BY listorder desc,news_id desc LIMIT 30   [ RunTime:0.0002s ]
SQL: SELECT * FROM `cms_position_content` WHERE `status` = 1 AND `position_id` = 5 ORDER BY id desc LIMIT 2   [ RunTime:0.0002s ]
INFO: [ view_parse ] --START--
INFO: [ template_filter ] --START--
INFO: Run Behavior\ContentReplaceBehavior [ RunTime:0.000057s ]
INFO: [ template_filter ] --END-- [ RunTime:0.000095s ]
NOTIC: [2048] Declaration of Common\Model\BasicModel::save() should be compatible with Think\Model::save($data = '', $options = Array) /var/www/clients/client1/web6/web/singwa/Application/Common/Model/BasicModel.class.php 第 28 行.
NOTIC: [2048] Declaration of Common\Model\BasicModel::select() should be compatible with Think\Model::select($options = Array) /var/www/clients/client1/web6/web/singwa/Application/Common/Model/BasicModel.class.php 第 28 行.
NOTIC: [2048] Declaration of Common\Model\MenuModel::find() should be compatible with Think\Model::find($options = Array) /var/www/clients/client1/web6/web/singwa/Application/Common/Model/MenuModel.class.php 第 88 行.
SQL: SHOW COLUMNS FROM `cms_menu` [ RunTime:0.0004s ]
SQL: SELECT * FROM `cms_menu` WHERE `status` = 1 AND `type` = 0 ORDER BY listorder desc,menu_id desc  [ RunTime:0.0005s ]
NOTIC: [8] Undefined index: count /var/www/clients/client1/web6/web/singwa/Application/Runtime/Cache/Home/2a94b8bda04ff446dcedd42276fc99ee.php 第 34 行.
NOTIC: [8] Undefined index: name /var/www/clients/client1/web6/web/singwa/Application/Runtime/Cache/Home/2a94b8bda04ff446dcedd42276fc99ee.php 第 79 行.
INFO: Run Behavior\ParseTemplateBehavior [ RunTime:0.017363s ]
INFO: [ view_parse ] --END-- [ RunTime:0.017394s ]
INFO: [ view_filter ] --START--
INFO: Run Behavior\WriteHtmlCacheBehavior [ RunTime:0.000542s ]
INFO: [ view_filter ] --END-- [ RunTime:0.000572s ]
INFO: [ app_end ] --START--
INFO: Run Behavior\ShowPageTraceBehavior [ RunTime:0.000718s ]
INFO: [ app_end ] --END-- [ RunTime:0.000752s ]

