[ 2016-08-22T11:17:17+08:00 ] 123.4.221.58 /singwa/index.php
INFO: [ app_init ] --START--
INFO: Run Behavior\BuildLiteBehavior [ RunTime:0.000037s ]
INFO: [ app_init ] --END-- [ RunTime:0.001397s ]
INFO: [ app_begin ] --START--
INFO: Run Behavior\ReadHtmlCacheBehavior [ RunTime:0.002658s ]
INFO: [ app_begin ] --END-- [ RunTime:0.002732s ]
NOTIC: [2048] Declaration of Home\Controller\CommonController::error() should be compatible with Think\Controller::error($message = '', $jumpUrl = '', $ajax = false) /var/www/clients/client1/web6/web/singwa/Application/Home/Controller/CommonController.class.php 第 23 行.
NOTIC: [2048] Declaration of Common\Model\NewsModel::select() should be compatible with Think\Model::select($options = Array) /var/www/clients/client1/web6/web/singwa/Application/Common/Model/NewsModel.class.php 第 8 行.
NOTIC: [2048] Declaration of Common\Model\NewsModel::find() should be compatible with Think\Model::find($options = Array) /var/www/clients/client1/web6/web/singwa/Application/Common/Model/NewsModel.class.php 第 8 行.
SQL: SHOW COLUMNS FROM `cms_news` [ RunTime:0.0016s ]
SQL: SELECT * FROM `cms_news` WHERE `status` = 1 ORDER BY count desc,news_id desc LIMIT 10   [ RunTime:0.0006s ]
NOTIC: [2048] Declaration of Common\Model\PositionContentModel::select() should be compatible with Think\Model::select($options = Array) /var/www/clients/client1/web6/web/singwa/Application/Common/Model/PositionContentModel.class.php 第 106 行.
NOTIC: [2048] Declaration of Common\Model\PositionContentModel::find() should be compatible with Think\Model::find($options = Array) /var/www/clients/client1/web6/web/singwa/Application/Common/Model/PositionContentModel.class.php 第 106 行.
SQL: SHOW COLUMNS FROM `cms_position_content` [ RunTime:0.0003s ]
SQL: SELECT * FROM `cms_position_content` WHERE `status` = 1 AND `position_id` = 2 ORDER BY id desc LIMIT 1   [ RunTime:0.0005s ]
SQL: SELECT * FROM `cms_position_content` WHERE `status` = 1 AND `position_id` = 3 ORDER BY id desc LIMIT 3   [ RunTime:0.0001s ]
SQL: SELECT * FROM `cms_news` WHERE `status` = 1 AND `thumb` <> '' ORDER BY listorder desc,news_id desc LIMIT 30   [ RunTime:0.0002s ]
SQL: SELECT * FROM `cms_position_content` WHERE `status` = 1 AND `position_id` = 5 ORDER BY id desc LIMIT 2   [ RunTime:0.0001s ]
INFO: [ view_parse ] --START--
INFO: [ template_filter ] --START--
INFO: Run Behavior\ContentReplaceBehavior [ RunTime:0.000052s ]
INFO: [ template_filter ] --END-- [ RunTime:0.000085s ]
NOTIC: [2048] Declaration of Common\Model\BasicModel::save() should be compatible with Think\Model::save($data = '', $options = Array) /var/www/clients/client1/web6/web/singwa/Application/Common/Model/BasicModel.class.php 第 28 行.
NOTIC: [2048] Declaration of Common\Model\BasicModel::select() should be compatible with Think\Model::select($options = Array) /var/www/clients/client1/web6/web/singwa/Application/Common/Model/BasicModel.class.php 第 28 行.
NOTIC: [2048] Declaration of Common\Model\MenuModel::find() should be compatible with Think\Model::find($options = Array) /var/www/clients/client1/web6/web/singwa/Application/Common/Model/MenuModel.class.php 第 88 行.
SQL: SHOW COLUMNS FROM `cms_menu` [ RunTime:0.0004s ]
SQL: SELECT * FROM `cms_menu` WHERE `status` = 1 AND `type` = 0 ORDER BY listorder desc,menu_id desc  [ RunTime:0.0005s ]
NOTIC: [8] Undefined index: count /var/www/clients/client1/web6/web/singwa/Application/Runtime/Cache/Home/2a94b8bda04ff446dcedd42276fc99ee.php 第 34 行.
NOTIC: [8] Undefined index: name /var/www/clients/client1/web6/web/singwa/Application/Runtime/Cache/Home/2a94b8bda04ff446dcedd42276fc99ee.php 第 79 行.
INFO: Run Behavior\ParseTemplateBehavior [ RunTime:0.030753s ]
INFO: [ view_parse ] --END-- [ RunTime:0.030780s ]
INFO: [ view_filter ] --START--
INFO: Run Behavior\WriteHtmlCacheBehavior [ RunTime:0.000651s ]
INFO: [ view_filter ] --END-- [ RunTime:0.000698s ]
INFO: [ app_end ] --START--
INFO: Run Behavior\ShowPageTraceBehavior [ RunTime:0.000674s ]
INFO: [ app_end ] --END-- [ RunTime:0.000702s ]

[ 2016-08-22T11:28:11+08:00 ] 123.4.221.58 /singwa/index.php?c=index&a=getCount
INFO: [ app_init ] --START--
INFO: Run Behavior\BuildLiteBehavior [ RunTime:0.000017s ]
INFO: [ app_init ] --END-- [ RunTime:0.000325s ]
INFO: [ app_begin ] --START--
INFO: Run Behavior\ReadHtmlCacheBehavior [ RunTime:0.000375s ]
INFO: [ app_begin ] --END-- [ RunTime:0.000412s ]
NOTIC: [2048] Declaration of Home\Controller\CommonController::error() should be compatible with Think\Controller::error($message = '', $jumpUrl = '', $ajax = false) /var/www/clients/client1/web6/web/singwa/Application/Home/Controller/CommonController.class.php 第 23 行.
NOTIC: [2048] Declaration of Common\Model\NewsModel::select() should be compatible with Think\Model::select($options = Array) /var/www/clients/client1/web6/web/singwa/Application/Common/Model/NewsModel.class.php 第 8 行.
NOTIC: [2048] Declaration of Common\Model\NewsModel::find() should be compatible with Think\Model::find($options = Array) /var/www/clients/client1/web6/web/singwa/Application/Common/Model/NewsModel.class.php 第 8 行.
SQL: SHOW COLUMNS FROM `cms_news` [ RunTime:0.0008s ]
SQL: SELECT * FROM `cms_news` WHERE `news_id` IN ('27','32','31','30','29','28','26','25')  [ RunTime:0.0002s ]

[ 2016-08-22T12:10:44+08:00 ] 123.4.221.58 /singwa/index.php
INFO: [ app_init ] --START--
INFO: Run Behavior\BuildLiteBehavior [ RunTime:0.000018s ]
INFO: [ app_init ] --END-- [ RunTime:0.000331s ]
INFO: [ app_begin ] --START--
INFO: Run Behavior\ReadHtmlCacheBehavior [ RunTime:0.000436s ]
INFO: [ app_begin ] --END-- [ RunTime:0.000485s ]
NOTIC: [2048] Declaration of Home\Controller\CommonController::error() should be compatible with Think\Controller::error($message = '', $jumpUrl = '', $ajax = false) /var/www/clients/client1/web6/web/singwa/Application/Home/Controller/CommonController.class.php 第 23 行.
NOTIC: [2048] Declaration of Common\Model\NewsModel::select() should be compatible with Think\Model::select($options = Array) /var/www/clients/client1/web6/web/singwa/Application/Common/Model/NewsModel.class.php 第 8 行.
NOTIC: [2048] Declaration of Common\Model\NewsModel::find() should be compatible with Think\Model::find($options = Array) /var/www/clients/client1/web6/web/singwa/Application/Common/Model/NewsModel.class.php 第 8 行.
SQL: SHOW COLUMNS FROM `cms_news` [ RunTime:0.0011s ]
SQL: SELECT * FROM `cms_news` WHERE `status` = 1 ORDER BY count desc,news_id desc LIMIT 10   [ RunTime:0.0004s ]
NOTIC: [2048] Declaration of Common\Model\PositionContentModel::select() should be compatible with Think\Model::select($options = Array) /var/www/clients/client1/web6/web/singwa/Application/Common/Model/PositionContentModel.class.php 第 106 行.
NOTIC: [2048] Declaration of Common\Model\PositionContentModel::find() should be compatible with Think\Model::find($options = Array) /var/www/clients/client1/web6/web/singwa/Application/Common/Model/PositionContentModel.class.php 第 106 行.
SQL: SHOW COLUMNS FROM `cms_position_content` [ RunTime:0.0005s ]
SQL: SELECT * FROM `cms_position_content` WHERE `status` = 1 AND `position_id` = 2 ORDER BY id desc LIMIT 1   [ RunTime:0.0002s ]
SQL: SELECT * FROM `cms_position_content` WHERE `status` = 1 AND `position_id` = 3 ORDER BY id desc LIMIT 3   [ RunTime:0.0002s ]
SQL: SELECT * FROM `cms_news` WHERE `status` = 1 AND `thumb` <> '' ORDER BY listorder desc,news_id desc LIMIT 30   [ RunTime:0.0003s ]
SQL: SELECT * FROM `cms_position_content` WHERE `status` = 1 AND `position_id` = 5 ORDER BY id desc LIMIT 2   [ RunTime:0.0002s ]
INFO: [ view_parse ] --START--
INFO: [ template_filter ] --START--
INFO: Run Behavior\ContentReplaceBehavior [ RunTime:0.000068s ]
INFO: [ template_filter ] --END-- [ RunTime:0.000104s ]
NOTIC: [2048] Declaration of Common\Model\BasicModel::save() should be compatible with Think\Model::save($data = '', $options = Array) /var/www/clients/client1/web6/web/singwa/Application/Common/Model/BasicModel.class.php 第 28 行.
NOTIC: [2048] Declaration of Common\Model\BasicModel::select() should be compatible with Think\Model::select($options = Array) /var/www/clients/client1/web6/web/singwa/Application/Common/Model/BasicModel.class.php 第 28 行.
NOTIC: [2048] Declaration of Common\Model\MenuModel::find() should be compatible with Think\Model::find($options = Array) /var/www/clients/client1/web6/web/singwa/Application/Common/Model/MenuModel.class.php 第 88 行.
SQL: SHOW COLUMNS FROM `cms_menu` [ RunTime:0.0005s ]
SQL: SELECT * FROM `cms_menu` WHERE `status` = 1 AND `type` = 0 ORDER BY listorder desc,menu_id desc  [ RunTime:0.0002s ]
NOTIC: [8] Undefined index: count /var/www/clients/client1/web6/web/singwa/Application/Runtime/Cache/Home/2a94b8bda04ff446dcedd42276fc99ee.php 第 34 行.
NOTIC: [8] Undefined index: name /var/www/clients/client1/web6/web/singwa/Application/Runtime/Cache/Home/2a94b8bda04ff446dcedd42276fc99ee.php 第 79 行.
INFO: Run Behavior\ParseTemplateBehavior [ RunTime:0.010675s ]
INFO: [ view_parse ] --END-- [ RunTime:0.010709s ]
INFO: [ view_filter ] --START--
INFO: Run Behavior\WriteHtmlCacheBehavior [ RunTime:0.000199s ]
INFO: [ view_filter ] --END-- [ RunTime:0.000230s ]
INFO: [ app_end ] --START--
INFO: Run Behavior\ShowPageTraceBehavior [ RunTime:0.000384s ]
INFO: [ app_end ] --END-- [ RunTime:0.000421s ]

[ 2016-08-22T12:10:46+08:00 ] 123.4.221.58 /singwa/index.php?c=index&a=getCount
INFO: [ app_init ] --START--
INFO: Run Behavior\BuildLiteBehavior [ RunTime:0.000014s ]
INFO: [ app_init ] --END-- [ RunTime:0.000272s ]
INFO: [ app_begin ] --START--
INFO: Run Behavior\ReadHtmlCacheBehavior [ RunTime:0.000347s ]
INFO: [ app_begin ] --END-- [ RunTime:0.000382s ]
NOTIC: [2048] Declaration of Home\Controller\CommonController::error() should be compatible with Think\Controller::error($message = '', $jumpUrl = '', $ajax = false) /var/www/clients/client1/web6/web/singwa/Application/Home/Controller/CommonController.class.php 第 23 行.
NOTIC: [2048] Declaration of Common\Model\NewsModel::select() should be compatible with Think\Model::select($options = Array) /var/www/clients/client1/web6/web/singwa/Application/Common/Model/NewsModel.class.php 第 8 行.
NOTIC: [2048] Declaration of Common\Model\NewsModel::find() should be compatible with Think\Model::find($options = Array) /var/www/clients/client1/web6/web/singwa/Application/Common/Model/NewsModel.class.php 第 8 行.
SQL: SHOW COLUMNS FROM `cms_news` [ RunTime:0.0006s ]
SQL: SELECT * FROM `cms_news` WHERE `news_id` IN ('27','32','31','30','29','28','26','25')  [ RunTime:0.0002s ]

[ 2016-08-22T18:33:09+08:00 ] 158.69.228.25 /singwa/index.php
INFO: [ app_init ] --START--
INFO: Run Behavior\BuildLiteBehavior [ RunTime:0.000023s ]
INFO: [ app_init ] --END-- [ RunTime:0.000975s ]
INFO: [ app_begin ] --START--
INFO: Run Behavior\ReadHtmlCacheBehavior [ RunTime:0.000876s ]
INFO: [ app_begin ] --END-- [ RunTime:0.000916s ]
NOTIC: [2048] Declaration of Home\Controller\CommonController::error() should be compatible with Think\Controller::error($message = '', $jumpUrl = '', $ajax = false) /var/www/clients/client1/web6/web/singwa/Application/Home/Controller/CommonController.class.php 第 23 行.
NOTIC: [2048] Declaration of Common\Model\NewsModel::select() should be compatible with Think\Model::select($options = Array) /var/www/clients/client1/web6/web/singwa/Application/Common/Model/NewsModel.class.php 第 8 行.
NOTIC: [2048] Declaration of Common\Model\NewsModel::find() should be compatible with Think\Model::find($options = Array) /var/www/clients/client1/web6/web/singwa/Application/Common/Model/NewsModel.class.php 第 8 行.
SQL: SHOW COLUMNS FROM `cms_news` [ RunTime:0.0078s ]
SQL: SELECT * FROM `cms_news` WHERE `status` = 1 ORDER BY count desc,news_id desc LIMIT 10   [ RunTime:0.0007s ]
NOTIC: [2048] Declaration of Common\Model\PositionContentModel::select() should be compatible with Think\Model::select($options = Array) /var/www/clients/client1/web6/web/singwa/Application/Common/Model/PositionContentModel.class.php 第 106 行.
NOTIC: [2048] Declaration of Common\Model\PositionContentModel::find() should be compatible with Think\Model::find($options = Array) /var/www/clients/client1/web6/web/singwa/Application/Common/Model/PositionContentModel.class.php 第 106 行.
SQL: SHOW COLUMNS FROM `cms_position_content` [ RunTime:0.0004s ]
SQL: SELECT * FROM `cms_position_content` WHERE `status` = 1 AND `position_id` = 2 ORDER BY id desc LIMIT 1   [ RunTime:0.0007s ]
SQL: SELECT * FROM `cms_position_content` WHERE `status` = 1 AND `position_id` = 3 ORDER BY id desc LIMIT 3   [ RunTime:0.0002s ]
SQL: SELECT * FROM `cms_news` WHERE `status` = 1 AND `thumb` <> '' ORDER BY listorder desc,news_id desc LIMIT 30   [ RunTime:0.0003s ]
SQL: SELECT * FROM `cms_position_content` WHERE `status` = 1 AND `position_id` = 5 ORDER BY id desc LIMIT 2   [ RunTime:0.0002s ]
INFO: [ view_parse ] --START--
INFO: [ template_filter ] --START--
INFO: Run Behavior\ContentReplaceBehavior [ RunTime:0.000055s ]
INFO: [ template_filter ] --END-- [ RunTime:0.000088s ]
NOTIC: [2048] Declaration of Common\Model\BasicModel::save() should be compatible with Think\Model::save($data = '', $options = Array) /var/www/clients/client1/web6/web/singwa/Application/Common/Model/BasicModel.class.php 第 28 行.
NOTIC: [2048] Declaration of Common\Model\BasicModel::select() should be compatible with Think\Model::select($options = Array) /var/www/clients/client1/web6/web/singwa/Application/Common/Model/BasicModel.class.php 第 28 行.
NOTIC: [2048] Declaration of Common\Model\MenuModel::find() should be compatible with Think\Model::find($options = Array) /var/www/clients/client1/web6/web/singwa/Application/Common/Model/MenuModel.class.php 第 88 行.
SQL: SHOW COLUMNS FROM `cms_menu` [ RunTime:0.0004s ]
SQL: SELECT * FROM `cms_menu` WHERE `status` = 1 AND `type` = 0 ORDER BY listorder desc,menu_id desc  [ RunTime:0.0016s ]
NOTIC: [8] Undefined index: count /var/www/clients/client1/web6/web/singwa/Application/Runtime/Cache/Home/2a94b8bda04ff446dcedd42276fc99ee.php 第 34 行.
NOTIC: [8] Undefined index: name /var/www/clients/client1/web6/web/singwa/Application/Runtime/Cache/Home/2a94b8bda04ff446dcedd42276fc99ee.php 第 79 行.
INFO: Run Behavior\ParseTemplateBehavior [ RunTime:0.027710s ]
INFO: [ view_parse ] --END-- [ RunTime:0.027748s ]
INFO: [ view_filter ] --START--
INFO: Run Behavior\WriteHtmlCacheBehavior [ RunTime:0.002285s ]
INFO: [ view_filter ] --END-- [ RunTime:0.002332s ]
INFO: [ app_end ] --START--
INFO: Run Behavior\ShowPageTraceBehavior [ RunTime:0.002492s ]
INFO: [ app_end ] --END-- [ RunTime:0.002557s ]

[ 2016-08-22T18:33:23+08:00 ] 158.69.228.25 /singwa/index.php?c=cat&id=12
INFO: [ app_init ] --START--
INFO: Run Behavior\BuildLiteBehavior [ RunTime:0.000018s ]
INFO: [ app_init ] --END-- [ RunTime:0.000304s ]
INFO: [ app_begin ] --START--
INFO: Run Behavior\ReadHtmlCacheBehavior [ RunTime:0.000349s ]
INFO: [ app_begin ] --END-- [ RunTime:0.000393s ]
NOTIC: [2048] Declaration of Home\Controller\CommonController::error() should be compatible with Think\Controller::error($message = '', $jumpUrl = '', $ajax = false) /var/www/clients/client1/web6/web/singwa/Application/Home/Controller/CommonController.class.php 第 23 行.
NOTIC: [2048] Declaration of Common\Model\MenuModel::find() should be compatible with Think\Model::find($options = Array) /var/www/clients/client1/web6/web/singwa/Application/Common/Model/MenuModel.class.php 第 5 行.
SQL: SHOW COLUMNS FROM `cms_menu` [ RunTime:0.0006s ]
SQL: SELECT * FROM `cms_menu` WHERE ( menu_id=12 ) LIMIT 1   [ RunTime:0.0002s ]
NOTIC: [2048] Declaration of Common\Model\NewsModel::select() should be compatible with Think\Model::select($options = Array) /var/www/clients/client1/web6/web/singwa/Application/Common/Model/NewsModel.class.php 第 153 行.
NOTIC: [2048] Declaration of Common\Model\NewsModel::find() should be compatible with Think\Model::find($options = Array) /var/www/clients/client1/web6/web/singwa/Application/Common/Model/NewsModel.class.php 第 153 行.
SQL: SHOW COLUMNS FROM `cms_news` [ RunTime:0.0005s ]
SQL: SELECT * FROM `cms_news` WHERE `status` = 1 ORDER BY count desc,news_id desc LIMIT 10   [ RunTime:0.0002s ]
NOTIC: [2048] Declaration of Common\Model\PositionContentModel::select() should be compatible with Think\Model::select($options = Array) /var/www/clients/client1/web6/web/singwa/Application/Common/Model/PositionContentModel.class.php 第 106 行.
NOTIC: [2048] Declaration of Common\Model\PositionContentModel::find() should be compatible with Think\Model::find($options = Array) /var/www/clients/client1/web6/web/singwa/Application/Common/Model/PositionContentModel.class.php 第 106 行.
SQL: SHOW COLUMNS FROM `cms_position_content` [ RunTime:0.0004s ]
SQL: SELECT * FROM `cms_position_content` WHERE `status` = 1 AND `position_id` = 5 ORDER BY id desc LIMIT 2   [ RunTime:0.0001s ]
NOTIC: [8] Undefined index: p /var/www/clients/client1/web6/web/singwa/Application/Home/Controller/CatController.class.php 第 23 行.
SQL: SELECT * FROM `cms_news` WHERE `status` = 1 AND `thumb` <> '' AND `catid` = 12 ORDER BY listorder desc, news_id desc LIMIT 0,2   [ RunTime:0.0002s ]
SQL: SELECT COUNT(*) AS tp_count FROM `cms_news` WHERE `status` = 1 AND `thumb` <> '' AND `catid` = 12 LIMIT 1   [ RunTime:0.0002s ]
INFO: [ view_parse ] --START--
INFO: [ template_filter ] --START--
INFO: Run Behavior\ContentReplaceBehavior [ RunTime:0.000044s ]
INFO: [ template_filter ] --END-- [ RunTime:0.000084s ]
NOTIC: [2048] Declaration of Common\Model\BasicModel::save() should be compatible with Think\Model::save($data = '', $options = Array) /var/www/clients/client1/web6/web/singwa/Application/Common/Model/BasicModel.class.php 第 28 行.
NOTIC: [2048] Declaration of Common\Model\BasicModel::select() should be compatible with Think\Model::select($options = Array) /var/www/clients/client1/web6/web/singwa/Application/Common/Model/BasicModel.class.php 第 28 行.
SQL: SELECT * FROM `cms_menu` WHERE `status` = 1 AND `type` = 0 ORDER BY listorder desc,menu_id desc  [ RunTime:0.0002s ]
NOTIC: [8] Undefined index: name /var/www/clients/client1/web6/web/singwa/Application/Runtime/Cache/Home/14fcc139096cfd1d2075eb8db7e60b1e.php 第 38 行.
NOTIC: [8] Undefined index: name /var/www/clients/client1/web6/web/singwa/Application/Runtime/Cache/Home/14fcc139096cfd1d2075eb8db7e60b1e.php 第 38 行.
NOTIC: [8] Undefined index: name /var/www/clients/client1/web6/web/singwa/Application/Runtime/Cache/Home/14fcc139096cfd1d2075eb8db7e60b1e.php 第 71 行.
INFO: Run Behavior\ParseTemplateBehavior [ RunTime:0.008216s ]
INFO: [ view_parse ] --END-- [ RunTime:0.008267s ]
INFO: [ view_filter ] --START--
INFO: Run Behavior\WriteHtmlCacheBehavior [ RunTime:0.000157s ]
INFO: [ view_filter ] --END-- [ RunTime:0.000182s ]
INFO: [ app_end ] --START--
INFO: Run Behavior\ShowPageTraceBehavior [ RunTime:0.000352s ]
INFO: [ app_end ] --END-- [ RunTime:0.000381s ]

[ 2016-08-22T18:33:25+08:00 ] 158.69.228.25 /singwa/index.php?c=cat&id=16
INFO: [ app_init ] --START--
INFO: Run Behavior\BuildLiteBehavior [ RunTime:0.000013s ]
INFO: [ app_init ] --END-- [ RunTime:0.000276s ]
INFO: [ app_begin ] --START--
INFO: Run Behavior\ReadHtmlCacheBehavior [ RunTime:0.000334s ]
INFO: [ app_begin ] --END-- [ RunTime:0.000373s ]
NOTIC: [2048] Declaration of Home\Controller\CommonController::error() should be compatible with Think\Controller::error($message = '', $jumpUrl = '', $ajax = false) /var/www/clients/client1/web6/web/singwa/Application/Home/Controller/CommonController.class.php 第 23 行.
NOTIC: [2048] Declaration of Common\Model\MenuModel::find() should be compatible with Think\Model::find($options = Array) /var/www/clients/client1/web6/web/singwa/Application/Common/Model/MenuModel.class.php 第 5 行.
SQL: SHOW COLUMNS FROM `cms_menu` [ RunTime:0.0006s ]
SQL: SELECT * FROM `cms_menu` WHERE ( menu_id=16 ) LIMIT 1   [ RunTime:0.0002s ]
NOTIC: [2048] Declaration of Common\Model\NewsModel::select() should be compatible with Think\Model::select($options = Array) /var/www/clients/client1/web6/web/singwa/Application/Common/Model/NewsModel.class.php 第 153 行.
NOTIC: [2048] Declaration of Common\Model\NewsModel::find() should be compatible with Think\Model::find($options = Array) /var/www/clients/client1/web6/web/singwa/Application/Common/Model/NewsModel.class.php 第 153 行.
SQL: SHOW COLUMNS FROM `cms_news` [ RunTime:0.0004s ]
SQL: SELECT * FROM `cms_news` WHERE `status` = 1 ORDER BY count desc,news_id desc LIMIT 10   [ RunTime:0.0002s ]
NOTIC: [2048] Declaration of Common\Model\PositionContentModel::select() should be compatible with Think\Model::select($options = Array) /var/www/clients/client1/web6/web/singwa/Application/Common/Model/PositionContentModel.class.php 第 106 行.
NOTIC: [2048] Declaration of Common\Model\PositionContentModel::find() should be compatible with Think\Model::find($options = Array) /var/www/clients/client1/web6/web/singwa/Application/Common/Model/PositionContentModel.class.php 第 106 行.
SQL: SHOW COLUMNS FROM `cms_position_content` [ RunTime:0.0004s ]
SQL: SELECT * FROM `cms_position_content` WHERE `status` = 1 AND `position_id` = 5 ORDER BY id desc LIMIT 2   [ RunTime:0.0001s ]
NOTIC: [8] Undefined index: p /var/www/clients/client1/web6/web/singwa/Application/Home/Controller/CatController.class.php 第 23 行.
SQL: SELECT * FROM `cms_news` WHERE `status` = 1 AND `thumb` <> '' AND `catid` = 16 ORDER BY listorder desc, news_id desc LIMIT 0,2   [ RunTime:0.0002s ]
SQL: SELECT COUNT(*) AS tp_count FROM `cms_news` WHERE `status` = 1 AND `thumb` <> '' AND `catid` = 16 LIMIT 1   [ RunTime:0.0002s ]
INFO: [ view_parse ] --START--
INFO: [ template_filter ] --START--
INFO: Run Behavior\ContentReplaceBehavior [ RunTime:0.000037s ]
INFO: [ template_filter ] --END-- [ RunTime:0.000073s ]
NOTIC: [2048] Declaration of Common\Model\BasicModel::save() should be compatible with Think\Model::save($data = '', $options = Array) /var/www/clients/client1/web6/web/singwa/Application/Common/Model/BasicModel.class.php 第 28 行.
NOTIC: [2048] Declaration of Common\Model\BasicModel::select() should be compatible with Think\Model::select($options = Array) /var/www/clients/client1/web6/web/singwa/Application/Common/Model/BasicModel.class.php 第 28 行.
SQL: SELECT * FROM `cms_menu` WHERE `status` = 1 AND `type` = 0 ORDER BY listorder desc,menu_id desc  [ RunTime:0.0002s ]
NOTIC: [8] Undefined index: name /var/www/clients/client1/web6/web/singwa/Application/Runtime/Cache/Home/14fcc139096cfd1d2075eb8db7e60b1e.php 第 38 行.
NOTIC: [8] Undefined index: name /var/www/clients/client1/web6/web/singwa/Application/Runtime/Cache/Home/14fcc139096cfd1d2075eb8db7e60b1e.php 第 71 行.
INFO: Run Behavior\ParseTemplateBehavior [ RunTime:0.007580s ]
INFO: [ view_parse ] --END-- [ RunTime:0.007609s ]
INFO: [ view_filter ] --START--
INFO: Run Behavior\WriteHtmlCacheBehavior [ RunTime:0.000157s ]
INFO: [ view_filter ] --END-- [ RunTime:0.000182s ]
INFO: [ app_end ] --START--
INFO: Run Behavior\ShowPageTraceBehavior [ RunTime:0.000343s ]
INFO: [ app_end ] --END-- [ RunTime:0.000371s ]

[ 2016-08-22T18:33:25+08:00 ] 158.69.228.25 /singwa/index.php?c=cat&id=18
INFO: [ app_init ] --START--
INFO: Run Behavior\BuildLiteBehavior [ RunTime:0.000010s ]
INFO: [ app_init ] --END-- [ RunTime:0.000244s ]
INFO: [ app_begin ] --START--
INFO: Run Behavior\ReadHtmlCacheBehavior [ RunTime:0.000333s ]
INFO: [ app_begin ] --END-- [ RunTime:0.000367s ]
NOTIC: [2048] Declaration of Home\Controller\CommonController::error() should be compatible with Think\Controller::error($message = '', $jumpUrl = '', $ajax = false) /var/www/clients/client1/web6/web/singwa/Application/Home/Controller/CommonController.class.php 第 23 行.
NOTIC: [2048] Declaration of Common\Model\MenuModel::find() should be compatible with Think\Model::find($options = Array) /var/www/clients/client1/web6/web/singwa/Application/Common/Model/MenuModel.class.php 第 5 行.
SQL: SHOW COLUMNS FROM `cms_menu` [ RunTime:0.0006s ]
SQL: SELECT * FROM `cms_menu` WHERE ( menu_id=18 ) LIMIT 1   [ RunTime:0.0002s ]
NOTIC: [2048] Declaration of Common\Model\NewsModel::select() should be compatible with Think\Model::select($options = Array) /var/www/clients/client1/web6/web/singwa/Application/Common/Model/NewsModel.class.php 第 153 行.
NOTIC: [2048] Declaration of Common\Model\NewsModel::find() should be compatible with Think\Model::find($options = Array) /var/www/clients/client1/web6/web/singwa/Application/Common/Model/NewsModel.class.php 第 153 行.
SQL: SHOW COLUMNS FROM `cms_news` [ RunTime:0.0004s ]
SQL: SELECT * FROM `cms_news` WHERE `status` = 1 ORDER BY count desc,news_id desc LIMIT 10   [ RunTime:0.0002s ]
NOTIC: [2048] Declaration of Common\Model\PositionContentModel::select() should be compatible with Think\Model::select($options = Array) /var/www/clients/client1/web6/web/singwa/Application/Common/Model/PositionContentModel.class.php 第 106 行.
NOTIC: [2048] Declaration of Common\Model\PositionContentModel::find() should be compatible with Think\Model::find($options = Array) /var/www/clients/client1/web6/web/singwa/Application/Common/Model/PositionContentModel.class.php 第 106 行.
SQL: SHOW COLUMNS FROM `cms_position_content` [ RunTime:0.0004s ]
SQL: SELECT * FROM `cms_position_content` WHERE `status` = 1 AND `position_id` = 5 ORDER BY id desc LIMIT 2   [ RunTime:0.0002s ]
NOTIC: [8] Undefined index: p /var/www/clients/client1/web6/web/singwa/Application/Home/Controller/CatController.class.php 第 23 行.
SQL: SELECT * FROM `cms_news` WHERE `status` = 1 AND `thumb` <> '' AND `catid` = 18 ORDER BY listorder desc, news_id desc LIMIT 0,2   [ RunTime:0.0002s ]
SQL: SELECT COUNT(*) AS tp_count FROM `cms_news` WHERE `status` = 1 AND `thumb` <> '' AND `catid` = 18 LIMIT 1   [ RunTime:0.0001s ]
INFO: [ view_parse ] --START--
INFO: [ template_filter ] --START--
INFO: Run Behavior\ContentReplaceBehavior [ RunTime:0.000035s ]
INFO: [ template_filter ] --END-- [ RunTime:0.000065s ]
NOTIC: [2048] Declaration of Common\Model\BasicModel::save() should be compatible with Think\Model::save($data = '', $options = Array) /var/www/clients/client1/web6/web/singwa/Application/Common/Model/BasicModel.class.php 第 28 行.
NOTIC: [2048] Declaration of Common\Model\BasicModel::select() should be compatible with Think\Model::select($options = Array) /var/www/clients/client1/web6/web/singwa/Application/Common/Model/BasicModel.class.php 第 28 行.
SQL: SELECT * FROM `cms_menu` WHERE `status` = 1 AND `type` = 0 ORDER BY listorder desc,menu_id desc  [ RunTime:0.0002s ]
NOTIC: [8] Undefined index: name /var/www/clients/client1/web6/web/singwa/Application/Runtime/Cache/Home/14fcc139096cfd1d2075eb8db7e60b1e.php 第 38 行.
NOTIC: [8] Undefined index: name /var/www/clients/client1/web6/web/singwa/Application/Runtime/Cache/Home/14fcc139096cfd1d2075eb8db7e60b1e.php 第 71 行.
INFO: Run Behavior\ParseTemplateBehavior [ RunTime:0.007462s ]
INFO: [ view_parse ] --END-- [ RunTime:0.007503s ]
INFO: [ view_filter ] --START--
INFO: Run Behavior\WriteHtmlCacheBehavior [ RunTime:0.000157s ]
INFO: [ view_filter ] --END-- [ RunTime:0.000183s ]
INFO: [ app_end ] --START--
INFO: Run Behavior\ShowPageTraceBehavior [ RunTime:0.000342s ]
INFO: [ app_end ] --END-- [ RunTime:0.000369s ]

[ 2016-08-22T18:33:25+08:00 ] 158.69.228.25 /singwa/index.php?c=cat&id=8
INFO: [ app_init ] --START--
INFO: Run Behavior\BuildLiteBehavior [ RunTime:0.000009s ]
INFO: [ app_init ] --END-- [ RunTime:0.000263s ]
INFO: [ app_begin ] --START--
INFO: Run Behavior\ReadHtmlCacheBehavior [ RunTime:0.000340s ]
INFO: [ app_begin ] --END-- [ RunTime:0.000379s ]
NOTIC: [2048] Declaration of Home\Controller\CommonController::error() should be compatible with Think\Controller::error($message = '', $jumpUrl = '', $ajax = false) /var/www/clients/client1/web6/web/singwa/Application/Home/Controller/CommonController.class.php 第 23 行.
NOTIC: [2048] Declaration of Common\Model\MenuModel::find() should be compatible with Think\Model::find($options = Array) /var/www/clients/client1/web6/web/singwa/Application/Common/Model/MenuModel.class.php 第 5 行.
SQL: SHOW COLUMNS FROM `cms_menu` [ RunTime:0.0006s ]
SQL: SELECT * FROM `cms_menu` WHERE ( menu_id=8 ) LIMIT 1   [ RunTime:0.0002s ]
NOTIC: [2048] Declaration of Common\Model\NewsModel::select() should be compatible with Think\Model::select($options = Array) /var/www/clients/client1/web6/web/singwa/Application/Common/Model/NewsModel.class.php 第 153 行.
NOTIC: [2048] Declaration of Common\Model\NewsModel::find() should be compatible with Think\Model::find($options = Array) /var/www/clients/client1/web6/web/singwa/Application/Common/Model/NewsModel.class.php 第 153 行.
SQL: SHOW COLUMNS FROM `cms_news` [ RunTime:0.0004s ]
SQL: SELECT * FROM `cms_news` WHERE `status` = 1 ORDER BY count desc,news_id desc LIMIT 10   [ RunTime:0.0002s ]
NOTIC: [2048] Declaration of Common\Model\PositionContentModel::select() should be compatible with Think\Model::select($options = Array) /var/www/clients/client1/web6/web/singwa/Application/Common/Model/PositionContentModel.class.php 第 106 行.
NOTIC: [2048] Declaration of Common\Model\PositionContentModel::find() should be compatible with Think\Model::find($options = Array) /var/www/clients/client1/web6/web/singwa/Application/Common/Model/PositionContentModel.class.php 第 106 行.
SQL: SHOW COLUMNS FROM `cms_position_content` [ RunTime:0.0004s ]
SQL: SELECT * FROM `cms_position_content` WHERE `status` = 1 AND `position_id` = 5 ORDER BY id desc LIMIT 2   [ RunTime:0.0002s ]
NOTIC: [8] Undefined index: p /var/www/clients/client1/web6/web/singwa/Application/Home/Controller/CatController.class.php 第 23 行.
SQL: SELECT * FROM `cms_news` WHERE `status` = 1 AND `thumb` <> '' AND `catid` = 8 ORDER BY listorder desc, news_id desc LIMIT 0,2   [ RunTime:0.0002s ]
SQL: SELECT COUNT(*) AS tp_count FROM `cms_news` WHERE `status` = 1 AND `thumb` <> '' AND `catid` = 8 LIMIT 1   [ RunTime:0.0001s ]
INFO: [ view_parse ] --START--
INFO: [ template_filter ] --START--
INFO: Run Behavior\ContentReplaceBehavior [ RunTime:0.000037s ]
INFO: [ template_filter ] --END-- [ RunTime:0.000073s ]
NOTIC: [2048] Declaration of Common\Model\BasicModel::save() should be compatible with Think\Model::save($data = '', $options = Array) /var/www/clients/client1/web6/web/singwa/Application/Common/Model/BasicModel.class.php 第 28 行.
NOTIC: [2048] Declaration of Common\Model\BasicModel::select() should be compatible with Think\Model::select($options = Array) /var/www/clients/client1/web6/web/singwa/Application/Common/Model/BasicModel.class.php 第 28 行.
SQL: SELECT * FROM `cms_menu` WHERE `status` = 1 AND `type` = 0 ORDER BY listorder desc,menu_id desc  [ RunTime:0.0002s ]
NOTIC: [8] Undefined index: name /var/www/clients/client1/web6/web/singwa/Application/Runtime/Cache/Home/14fcc139096cfd1d2075eb8db7e60b1e.php 第 38 行.
NOTIC: [8] Undefined index: name /var/www/clients/client1/web6/web/singwa/Application/Runtime/Cache/Home/14fcc139096cfd1d2075eb8db7e60b1e.php 第 38 行.
NOTIC: [8] Undefined index: name /var/www/clients/client1/web6/web/singwa/Application/Runtime/Cache/Home/14fcc139096cfd1d2075eb8db7e60b1e.php 第 71 行.
INFO: Run Behavior\ParseTemplateBehavior [ RunTime:0.007522s ]
INFO: [ view_parse ] --END-- [ RunTime:0.007569s ]
INFO: [ view_filter ] --START--
INFO: Run Behavior\WriteHtmlCacheBehavior [ RunTime:0.000157s ]
INFO: [ view_filter ] --END-- [ RunTime:0.000183s ]
INFO: [ app_end ] --START--
INFO: Run Behavior\ShowPageTraceBehavior [ RunTime:0.000341s ]
INFO: [ app_end ] --END-- [ RunTime:0.000370s ]

[ 2016-08-22T18:33:25+08:00 ] 158.69.228.25 /singwa/index.php?c=cat&id=20
INFO: [ app_init ] --START--
INFO: Run Behavior\BuildLiteBehavior [ RunTime:0.000010s ]
INFO: [ app_init ] --END-- [ RunTime:0.000243s ]
INFO: [ app_begin ] --START--
INFO: Run Behavior\ReadHtmlCacheBehavior [ RunTime:0.000327s ]
INFO: [ app_begin ] --END-- [ RunTime:0.000362s ]
NOTIC: [2048] Declaration of Home\Controller\CommonController::error() should be compatible with Think\Controller::error($message = '', $jumpUrl = '', $ajax = false) /var/www/clients/client1/web6/web/singwa/Application/Home/Controller/CommonController.class.php 第 23 行.
NOTIC: [2048] Declaration of Common\Model\MenuModel::find() should be compatible with Think\Model::find($options = Array) /var/www/clients/client1/web6/web/singwa/Application/Common/Model/MenuModel.class.php 第 5 行.
SQL: SHOW COLUMNS FROM `cms_menu` [ RunTime:0.0006s ]
SQL: SELECT * FROM `cms_menu` WHERE ( menu_id=20 ) LIMIT 1   [ RunTime:0.0002s ]
NOTIC: [2048] Declaration of Common\Model\NewsModel::select() should be compatible with Think\Model::select($options = Array) /var/www/clients/client1/web6/web/singwa/Application/Common/Model/NewsModel.class.php 第 153 行.
NOTIC: [2048] Declaration of Common\Model\NewsModel::find() should be compatible with Think\Model::find($options = Array) /var/www/clients/client1/web6/web/singwa/Application/Common/Model/NewsModel.class.php 第 153 行.
SQL: SHOW COLUMNS FROM `cms_news` [ RunTime:0.0004s ]
SQL: SELECT * FROM `cms_news` WHERE `status` = 1 ORDER BY count desc,news_id desc LIMIT 10   [ RunTime:0.0002s ]
NOTIC: [2048] Declaration of Common\Model\PositionContentModel::select() should be compatible with Think\Model::select($options = Array) /var/www/clients/client1/web6/web/singwa/Application/Common/Model/PositionContentModel.class.php 第 106 行.
NOTIC: [2048] Declaration of Common\Model\PositionContentModel::find() should be compatible with Think\Model::find($options = Array) /var/www/clients/client1/web6/web/singwa/Application/Common/Model/PositionContentModel.class.php 第 106 行.
SQL: SHOW COLUMNS FROM `cms_position_content` [ RunTime:0.0004s ]
SQL: SELECT * FROM `cms_position_content` WHERE `status` = 1 AND `position_id` = 5 ORDER BY id desc LIMIT 2   [ RunTime:0.0002s ]
NOTIC: [8] Undefined index: p /var/www/clients/client1/web6/web/singwa/Application/Home/Controller/CatController.class.php 第 23 行.
SQL: SELECT * FROM `cms_news` WHERE `status` = 1 AND `thumb` <> '' AND `catid` = 20 ORDER BY listorder desc, news_id desc LIMIT 0,2   [ RunTime:0.0002s ]
SQL: SELECT COUNT(*) AS tp_count FROM `cms_news` WHERE `status` = 1 AND `thumb` <> '' AND `catid` = 20 LIMIT 1   [ RunTime:0.0001s ]
INFO: [ view_parse ] --START--
INFO: [ template_filter ] --START--
INFO: Run Behavior\ContentReplaceBehavior [ RunTime:0.000037s ]
INFO: [ template_filter ] --END-- [ RunTime:0.000066s ]
NOTIC: [2048] Declaration of Common\Model\BasicModel::save() should be compatible with Think\Model::save($data = '', $options = Array) /var/www/clients/client1/web6/web/singwa/Application/Common/Model/BasicModel.class.php 第 28 行.
NOTIC: [2048] Declaration of Common\Model\BasicModel::select() should be compatible with Think\Model::select($options = Array) /var/www/clients/client1/web6/web/singwa/Application/Common/Model/BasicModel.class.php 第 28 行.
SQL: SELECT * FROM `cms_menu` WHERE `status` = 1 AND `type` = 0 ORDER BY listorder desc,menu_id desc  [ RunTime:0.0002s ]
NOTIC: [8] Undefined index: name /var/www/clients/client1/web6/web/singwa/Application/Runtime/Cache/Home/14fcc139096cfd1d2075eb8db7e60b1e.php 第 38 行.
NOTIC: [8] Undefined index: name /var/www/clients/client1/web6/web/singwa/Application/Runtime/Cache/Home/14fcc139096cfd1d2075eb8db7e60b1e.php 第 71 行.
INFO: Run Behavior\ParseTemplateBehavior [ RunTime:0.007486s ]
INFO: [ view_parse ] --END-- [ RunTime:0.007513s ]
INFO: [ view_filter ] --START--
INFO: Run Behavior\WriteHtmlCacheBehavior [ RunTime:0.000174s ]
INFO: [ view_filter ] --END-- [ RunTime:0.000200s ]
INFO: [ app_end ] --START--
INFO: Run Behavior\ShowPageTraceBehavior [ RunTime:0.000335s ]
INFO: [ app_end ] --END-- [ RunTime:0.000363s ]

[ 2016-08-22T18:33:25+08:00 ] 158.69.228.25 /singwa/index.php?c=cat&id=19
INFO: [ app_init ] --START--
INFO: Run Behavior\BuildLiteBehavior [ RunTime:0.000009s ]
INFO: [ app_init ] --END-- [ RunTime:0.000258s ]
INFO: [ app_begin ] --START--
INFO: Run Behavior\ReadHtmlCacheBehavior [ RunTime:0.000344s ]
INFO: [ app_begin ] --END-- [ RunTime:0.000383s ]
NOTIC: [2048] Declaration of Home\Controller\CommonController::error() should be compatible with Think\Controller::error($message = '', $jumpUrl = '', $ajax = false) /var/www/clients/client1/web6/web/singwa/Application/Home/Controller/CommonController.class.php 第 23 行.
NOTIC: [2048] Declaration of Common\Model\MenuModel::find() should be compatible with Think\Model::find($options = Array) /var/www/clients/client1/web6/web/singwa/Application/Common/Model/MenuModel.class.php 第 5 行.
SQL: SHOW COLUMNS FROM `cms_menu` [ RunTime:0.0006s ]
SQL: SELECT * FROM `cms_menu` WHERE ( menu_id=19 ) LIMIT 1   [ RunTime:0.0002s ]
NOTIC: [2048] Declaration of Common\Model\NewsModel::select() should be compatible with Think\Model::select($options = Array) /var/www/clients/client1/web6/web/singwa/Application/Common/Model/NewsModel.class.php 第 153 行.
NOTIC: [2048] Declaration of Common\Model\NewsModel::find() should be compatible with Think\Model::find($options = Array) /var/www/clients/client1/web6/web/singwa/Application/Common/Model/NewsModel.class.php 第 153 行.
SQL: SHOW COLUMNS FROM `cms_news` [ RunTime:0.0004s ]
SQL: SELECT * FROM `cms_news` WHERE `status` = 1 ORDER BY count desc,news_id desc LIMIT 10   [ RunTime:0.0002s ]
NOTIC: [2048] Declaration of Common\Model\PositionContentModel::select() should be compatible with Think\Model::select($options = Array) /var/www/clients/client1/web6/web/singwa/Application/Common/Model/PositionContentModel.class.php 第 106 行.
NOTIC: [2048] Declaration of Common\Model\PositionContentModel::find() should be compatible with Think\Model::find($options = Array) /var/www/clients/client1/web6/web/singwa/Application/Common/Model/PositionContentModel.class.php 第 106 行.
SQL: SHOW COLUMNS FROM `cms_position_content` [ RunTime:0.0004s ]
SQL: SELECT * FROM `cms_position_content` WHERE `status` = 1 AND `position_id` = 5 ORDER BY id desc LIMIT 2   [ RunTime:0.0002s ]
NOTIC: [8] Undefined index: p /var/www/clients/client1/web6/web/singwa/Application/Home/Controller/CatController.class.php 第 23 行.
SQL: SELECT * FROM `cms_news` WHERE `status` = 1 AND `thumb` <> '' AND `catid` = 19 ORDER BY listorder desc, news_id desc LIMIT 0,2   [ RunTime:0.0002s ]
SQL: SELECT COUNT(*) AS tp_count FROM `cms_news` WHERE `status` = 1 AND `thumb` <> '' AND `catid` = 19 LIMIT 1   [ RunTime:0.0001s ]
INFO: [ view_parse ] --START--
INFO: [ template_filter ] --START--
INFO: Run Behavior\ContentReplaceBehavior [ RunTime:0.000035s ]
INFO: [ template_filter ] --END-- [ RunTime:0.000070s ]
NOTIC: [2048] Declaration of Common\Model\BasicModel::save() should be compatible with Think\Model::save($data = '', $options = Array) /var/www/clients/client1/web6/web/singwa/Application/Common/Model/BasicModel.class.php 第 28 行.
NOTIC: [2048] Declaration of Common\Model\BasicModel::select() should be compatible with Think\Model::select($options = Array) /var/www/clients/client1/web6/web/singwa/Application/Common/Model/BasicModel.class.php 第 28 行.
SQL: SELECT * FROM `cms_menu` WHERE `status` = 1 AND `type` = 0 ORDER BY listorder desc,menu_id desc  [ RunTime:0.0002s ]
NOTIC: [8] Undefined index: name /var/www/clients/client1/web6/web/singwa/Application/Runtime/Cache/Home/14fcc139096cfd1d2075eb8db7e60b1e.php 第 38 行.
NOTIC: [8] Undefined index: name /var/www/clients/client1/web6/web/singwa/Application/Runtime/Cache/Home/14fcc139096cfd1d2075eb8db7e60b1e.php 第 71 行.
INFO: Run Behavior\ParseTemplateBehavior [ RunTime:0.007557s ]
INFO: [ view_parse ] --END-- [ RunTime:0.007585s ]
INFO: [ view_filter ] --START--
INFO: Run Behavior\WriteHtmlCacheBehavior [ RunTime:0.000157s ]
INFO: [ view_filter ] --END-- [ RunTime:0.000182s ]
INFO: [ app_end ] --START--
INFO: Run Behavior\ShowPageTraceBehavior [ RunTime:0.000333s ]
INFO: [ app_end ] --END-- [ RunTime:0.000360s ]

[ 2016-08-22T18:33:26+08:00 ] 158.69.228.25 /singwa/index.php?c=detail&id=27
INFO: [ app_init ] --START--
INFO: Run Behavior\BuildLiteBehavior [ RunTime:0.000010s ]
INFO: [ app_init ] --END-- [ RunTime:0.000240s ]
INFO: [ app_begin ] --START--
INFO: Run Behavior\ReadHtmlCacheBehavior [ RunTime:0.000326s ]
INFO: [ app_begin ] --END-- [ RunTime:0.000360s ]
NOTIC: [2048] Declaration of Home\Controller\CommonController::error() should be compatible with Think\Controller::error($message = '', $jumpUrl = '', $ajax = false) /var/www/clients/client1/web6/web/singwa/Application/Home/Controller/CommonController.class.php 第 23 行.
NOTIC: [2048] Declaration of Common\Model\NewsModel::select() should be compatible with Think\Model::select($options = Array) /var/www/clients/client1/web6/web/singwa/Application/Common/Model/NewsModel.class.php 第 8 行.
NOTIC: [2048] Declaration of Common\Model\NewsModel::find() should be compatible with Think\Model::find($options = Array) /var/www/clients/client1/web6/web/singwa/Application/Common/Model/NewsModel.class.php 第 8 行.
SQL: SHOW COLUMNS FROM `cms_news` [ RunTime:0.0006s ]
SQL: SELECT * FROM `cms_news` WHERE ( news_id=27 ) LIMIT 1   [ RunTime:0.0007s ]
SQL: UPDATE `cms_news` SET `count`='12' WHERE ( news_id=27 ) [ RunTime:0.0002s ]
NOTIC: [2048] Declaration of Common\Model\NewsContentModel::find() should be compatible with Think\Model::find($options = Array) /var/www/clients/client1/web6/web/singwa/Application/Common/Model/NewsContentModel.class.php 第 42 行.
SQL: SHOW COLUMNS FROM `cms_news_content` [ RunTime:0.0120s ]
SQL: SELECT * FROM `cms_news_content` WHERE ( news_id=27 ) LIMIT 1   [ RunTime:0.0005s ]
SQL: SELECT * FROM `cms_news` WHERE `status` = 1 ORDER BY count desc,news_id desc LIMIT 10   [ RunTime:0.0003s ]
NOTIC: [2048] Declaration of Common\Model\PositionContentModel::select() should be compatible with Think\Model::select($options = Array) /var/www/clients/client1/web6/web/singwa/Application/Common/Model/PositionContentModel.class.php 第 106 行.
NOTIC: [2048] Declaration of Common\Model\PositionContentModel::find() should be compatible with Think\Model::find($options = Array) /var/www/clients/client1/web6/web/singwa/Application/Common/Model/PositionContentModel.class.php 第 106 行.
SQL: SHOW COLUMNS FROM `cms_position_content` [ RunTime:0.0007s ]
SQL: SELECT * FROM `cms_position_content` WHERE `status` = 1 AND `position_id` = 5 ORDER BY id desc LIMIT 2   [ RunTime:0.0002s ]
INFO: [ view_parse ] --START--
INFO: [ template_filter ] --START--
INFO: Run Behavior\ContentReplaceBehavior [ RunTime:0.000057s ]
INFO: [ template_filter ] --END-- [ RunTime:0.000109s ]
NOTIC: [2048] Declaration of Common\Model\BasicModel::save() should be compatible with Think\Model::save($data = '', $options = Array) /var/www/clients/client1/web6/web/singwa/Application/Common/Model/BasicModel.class.php 第 28 行.
NOTIC: [2048] Declaration of Common\Model\BasicModel::select() should be compatible with Think\Model::select($options = Array) /var/www/clients/client1/web6/web/singwa/Application/Common/Model/BasicModel.class.php 第 28 行.
NOTIC: [2048] Declaration of Common\Model\MenuModel::find() should be compatible with Think\Model::find($options = Array) /var/www/clients/client1/web6/web/singwa/Application/Common/Model/MenuModel.class.php 第 88 行.
SQL: SHOW COLUMNS FROM `cms_menu` [ RunTime:0.0004s ]
SQL: SELECT * FROM `cms_menu` WHERE `status` = 1 AND `type` = 0 ORDER BY listorder desc,menu_id desc  [ RunTime:0.0002s ]
NOTIC: [8] Undefined index: name /var/www/clients/client1/web6/web/singwa/Application/Runtime/Cache/Home/0d75cb75cd30b13fdd4834afd69acb19.php 第 60 行.
INFO: Run Behavior\ParseTemplateBehavior [ RunTime:0.012192s ]
INFO: [ view_parse ] --END-- [ RunTime:0.012226s ]
INFO: [ view_filter ] --START--
INFO: Run Behavior\WriteHtmlCacheBehavior [ RunTime:0.000164s ]
INFO: [ view_filter ] --END-- [ RunTime:0.000190s ]
INFO: [ app_end ] --START--
INFO: Run Behavior\ShowPageTraceBehavior [ RunTime:0.000379s ]
INFO: [ app_end ] --END-- [ RunTime:0.000411s ]

[ 2016-08-22T18:33:26+08:00 ] 158.69.228.25 /singwa/index.php?c=detail&id=29
INFO: [ app_init ] --START--
INFO: Run Behavior\BuildLiteBehavior [ RunTime:0.000010s ]
INFO: [ app_init ] --END-- [ RunTime:0.000273s ]
INFO: [ app_begin ] --START--
INFO: Run Behavior\ReadHtmlCacheBehavior [ RunTime:0.000352s ]
INFO: [ app_begin ] --END-- [ RunTime:0.000391s ]
NOTIC: [2048] Declaration of Home\Controller\CommonController::error() should be compatible with Think\Controller::error($message = '', $jumpUrl = '', $ajax = false) /var/www/clients/client1/web6/web/singwa/Application/Home/Controller/CommonController.class.php 第 23 行.
NOTIC: [2048] Declaration of Common\Model\NewsModel::select() should be compatible with Think\Model::select($options = Array) /var/www/clients/client1/web6/web/singwa/Application/Common/Model/NewsModel.class.php 第 8 行.
NOTIC: [2048] Declaration of Common\Model\NewsModel::find() should be compatible with Think\Model::find($options = Array) /var/www/clients/client1/web6/web/singwa/Application/Common/Model/NewsModel.class.php 第 8 行.
SQL: SHOW COLUMNS FROM `cms_news` [ RunTime:0.0006s ]
SQL: SELECT * FROM `cms_news` WHERE ( news_id=29 ) LIMIT 1   [ RunTime:0.0002s ]
SQL: UPDATE `cms_news` SET `count`='3' WHERE ( news_id=29 ) [ RunTime:0.0002s ]
NOTIC: [2048] Declaration of Common\Model\NewsContentModel::find() should be compatible with Think\Model::find($options = Array) /var/www/clients/client1/web6/web/singwa/Application/Common/Model/NewsContentModel.class.php 第 42 行.
SQL: SHOW COLUMNS FROM `cms_news_content` [ RunTime:0.0004s ]
SQL: SELECT * FROM `cms_news_content` WHERE ( news_id=29 ) LIMIT 1   [ RunTime:0.0010s ]
SQL: SELECT * FROM `cms_news` WHERE `status` = 1 ORDER BY count desc,news_id desc LIMIT 10   [ RunTime:0.0002s ]
NOTIC: [2048] Declaration of Common\Model\PositionContentModel::select() should be compatible with Think\Model::select($options = Array) /var/www/clients/client1/web6/web/singwa/Application/Common/Model/PositionContentModel.class.php 第 106 行.
NOTIC: [2048] Declaration of Common\Model\PositionContentModel::find() should be compatible with Think\Model::find($options = Array) /var/www/clients/client1/web6/web/singwa/Application/Common/Model/PositionContentModel.class.php 第 106 行.
SQL: SHOW COLUMNS FROM `cms_position_content` [ RunTime:0.0004s ]
SQL: SELECT * FROM `cms_position_content` WHERE `status` = 1 AND `position_id` = 5 ORDER BY id desc LIMIT 2   [ RunTime:0.0002s ]
INFO: [ view_parse ] --START--
INFO: [ template_filter ] --START--
INFO: Run Behavior\ContentReplaceBehavior [ RunTime:0.000037s ]
INFO: [ template_filter ] --END-- [ RunTime:0.000070s ]
NOTIC: [2048] Declaration of Common\Model\BasicModel::save() should be compatible with Think\Model::save($data = '', $options = Array) /var/www/clients/client1/web6/web/singwa/Application/Common/Model/BasicModel.class.php 第 28 行.
NOTIC: [2048] Declaration of Common\Model\BasicModel::select() should be compatible with Think\Model::select($options = Array) /var/www/clients/client1/web6/web/singwa/Application/Common/Model/BasicModel.class.php 第 28 行.
NOTIC: [2048] Declaration of Common\Model\MenuModel::find() should be compatible with Think\Model::find($options = Array) /var/www/clients/client1/web6/web/singwa/Application/Common/Model/MenuModel.class.php 第 88 行.
SQL: SHOW COLUMNS FROM `cms_menu` [ RunTime:0.0005s ]
SQL: SELECT * FROM `cms_menu` WHERE `status` = 1 AND `type` = 0 ORDER BY listorder desc,menu_id desc  [ RunTime:0.0002s ]
NOTIC: [8] Undefined index: name /var/www/clients/client1/web6/web/singwa/Application/Runtime/Cache/Home/0d75cb75cd30b13fdd4834afd69acb19.php 第 60 行.
INFO: Run Behavior\ParseTemplateBehavior [ RunTime:0.007661s ]
INFO: [ view_parse ] --END-- [ RunTime:0.007690s ]
INFO: [ view_filter ] --START--
INFO: Run Behavior\WriteHtmlCacheBehavior [ RunTime:0.000161s ]
INFO: [ view_filter ] --END-- [ RunTime:0.000189s ]
INFO: [ app_end ] --START--
INFO: Run Behavior\ShowPageTraceBehavior [ RunTime:0.000344s ]
INFO: [ app_end ] --END-- [ RunTime:0.000379s ]

[ 2016-08-22T18:33:26+08:00 ] 158.69.228.25 /singwa/index.php?c=detail&id=25
INFO: [ app_init ] --START--
INFO: Run Behavior\BuildLiteBehavior [ RunTime:0.000010s ]
INFO: [ app_init ] --END-- [ RunTime:0.000244s ]
INFO: [ app_begin ] --START--
INFO: Run Behavior\ReadHtmlCacheBehavior [ RunTime:0.000339s ]
INFO: [ app_begin ] --END-- [ RunTime:0.000373s ]
NOTIC: [2048] Declaration of Home\Controller\CommonController::error() should be compatible with Think\Controller::error($message = '', $jumpUrl = '', $ajax = false) /var/www/clients/client1/web6/web/singwa/Application/Home/Controller/CommonController.class.php 第 23 行.
NOTIC: [2048] Declaration of Common\Model\NewsModel::select() should be compatible with Think\Model::select($options = Array) /var/www/clients/client1/web6/web/singwa/Application/Common/Model/NewsModel.class.php 第 8 行.
NOTIC: [2048] Declaration of Common\Model\NewsModel::find() should be compatible with Think\Model::find($options = Array) /var/www/clients/client1/web6/web/singwa/Application/Common/Model/NewsModel.class.php 第 8 行.
SQL: SHOW COLUMNS FROM `cms_news` [ RunTime:0.0006s ]
SQL: SELECT * FROM `cms_news` WHERE ( news_id=25 ) LIMIT 1   [ RunTime:0.0002s ]
SQL: UPDATE `cms_news` SET `count`='3' WHERE ( news_id=25 ) [ RunTime:0.0001s ]
NOTIC: [2048] Declaration of Common\Model\NewsContentModel::find() should be compatible with Think\Model::find($options = Array) /var/www/clients/client1/web6/web/singwa/Application/Common/Model/NewsContentModel.class.php 第 42 行.
SQL: SHOW COLUMNS FROM `cms_news_content` [ RunTime:0.0003s ]
SQL: SELECT * FROM `cms_news_content` WHERE ( news_id=25 ) LIMIT 1   [ RunTime:0.0048s ]
SQL: SELECT * FROM `cms_news` WHERE `status` = 1 ORDER BY count desc,news_id desc LIMIT 10   [ RunTime:0.0002s ]
NOTIC: [2048] Declaration of Common\Model\PositionContentModel::select() should be compatible with Think\Model::select($options = Array) /var/www/clients/client1/web6/web/singwa/Application/Common/Model/PositionContentModel.class.php 第 106 行.
NOTIC: [2048] Declaration of Common\Model\PositionContentModel::find() should be compatible with Think\Model::find($options = Array) /var/www/clients/client1/web6/web/singwa/Application/Common/Model/PositionContentModel.class.php 第 106 行.
SQL: SHOW COLUMNS FROM `cms_position_content` [ RunTime:0.0004s ]
SQL: SELECT * FROM `cms_position_content` WHERE `status` = 1 AND `position_id` = 5 ORDER BY id desc LIMIT 2   [ RunTime:0.0001s ]
INFO: [ view_parse ] --START--
INFO: [ template_filter ] --START--
INFO: Run Behavior\ContentReplaceBehavior [ RunTime:0.000032s ]
INFO: [ template_filter ] --END-- [ RunTime:0.000068s ]
NOTIC: [2048] Declaration of Common\Model\BasicModel::save() should be compatible with Think\Model::save($data = '', $options = Array) /var/www/clients/client1/web6/web/singwa/Application/Common/Model/BasicModel.class.php 第 28 行.
NOTIC: [2048] Declaration of Common\Model\BasicModel::select() should be compatible with Think\Model::select($options = Array) /var/www/clients/client1/web6/web/singwa/Application/Common/Model/BasicModel.class.php 第 28 行.
NOTIC: [2048] Declaration of Common\Model\MenuModel::find() should be compatible with Think\Model::find($options = Array) /var/www/clients/client1/web6/web/singwa/Application/Common/Model/MenuModel.class.php 第 88 行.
SQL: SHOW COLUMNS FROM `cms_menu` [ RunTime:0.0004s ]
SQL: SELECT * FROM `cms_menu` WHERE `status` = 1 AND `type` = 0 ORDER BY listorder desc,menu_id desc  [ RunTime:0.0001s ]
NOTIC: [8] Undefined index: name /var/www/clients/client1/web6/web/singwa/Application/Runtime/Cache/Home/0d75cb75cd30b13fdd4834afd69acb19.php 第 60 行.
INFO: Run Behavior\ParseTemplateBehavior [ RunTime:0.008265s ]
INFO: [ view_parse ] --END-- [ RunTime:0.008302s ]
INFO: [ view_filter ] --START--
INFO: Run Behavior\WriteHtmlCacheBehavior [ RunTime:0.000159s ]
INFO: [ view_filter ] --END-- [ RunTime:0.000185s ]
INFO: [ app_end ] --START--
INFO: Run Behavior\ShowPageTraceBehavior [ RunTime:0.000350s ]
INFO: [ app_end ] --END-- [ RunTime:0.000381s ]

[ 2016-08-22T18:33:26+08:00 ] 158.69.228.25 /singwa/index.php?c=detail&id=26
INFO: [ app_init ] --START--
INFO: Run Behavior\BuildLiteBehavior [ RunTime:0.000010s ]
INFO: [ app_init ] --END-- [ RunTime:0.000245s ]
INFO: [ app_begin ] --START--
INFO: Run Behavior\ReadHtmlCacheBehavior [ RunTime:0.000330s ]
INFO: [ app_begin ] --END-- [ RunTime:0.000370s ]
NOTIC: [2048] Declaration of Home\Controller\CommonController::error() should be compatible with Think\Controller::error($message = '', $jumpUrl = '', $ajax = false) /var/www/clients/client1/web6/web/singwa/Application/Home/Controller/CommonController.class.php 第 23 行.
NOTIC: [2048] Declaration of Common\Model\NewsModel::select() should be compatible with Think\Model::select($options = Array) /var/www/clients/client1/web6/web/singwa/Application/Common/Model/NewsModel.class.php 第 8 行.
NOTIC: [2048] Declaration of Common\Model\NewsModel::find() should be compatible with Think\Model::find($options = Array) /var/www/clients/client1/web6/web/singwa/Application/Common/Model/NewsModel.class.php 第 8 行.
SQL: SHOW COLUMNS FROM `cms_news` [ RunTime:0.0005s ]
SQL: SELECT * FROM `cms_news` WHERE ( news_id=26 ) LIMIT 1   [ RunTime:0.0002s ]
SQL: UPDATE `cms_news` SET `count`='2' WHERE ( news_id=26 ) [ RunTime:0.0001s ]
NOTIC: [2048] Declaration of Common\Model\NewsContentModel::find() should be compatible with Think\Model::find($options = Array) /var/www/clients/client1/web6/web/singwa/Application/Common/Model/NewsContentModel.class.php 第 42 行.
SQL: SHOW COLUMNS FROM `cms_news_content` [ RunTime:0.0004s ]
SQL: SELECT * FROM `cms_news_content` WHERE ( news_id=26 ) LIMIT 1   [ RunTime:0.0002s ]
SQL: SELECT * FROM `cms_news` WHERE `status` = 1 ORDER BY count desc,news_id desc LIMIT 10   [ RunTime:0.0002s ]
NOTIC: [2048] Declaration of Common\Model\PositionContentModel::select() should be compatible with Think\Model::select($options = Array) /var/www/clients/client1/web6/web/singwa/Application/Common/Model/PositionContentModel.class.php 第 106 行.
NOTIC: [2048] Declaration of Common\Model\PositionContentModel::find() should be compatible with Think\Model::find($options = Array) /var/www/clients/client1/web6/web/singwa/Application/Common/Model/PositionContentModel.class.php 第 106 行.
SQL: SHOW COLUMNS FROM `cms_position_content` [ RunTime:0.0004s ]
SQL: SELECT * FROM `cms_position_content` WHERE `status` = 1 AND `position_id` = 5 ORDER BY id desc LIMIT 2   [ RunTime:0.0002s ]
INFO: [ view_parse ] --START--
INFO: [ template_filter ] --START--
INFO: Run Behavior\ContentReplaceBehavior [ RunTime:0.000031s ]
INFO: [ template_filter ] --END-- [ RunTime:0.000065s ]
NOTIC: [2048] Declaration of Common\Model\BasicModel::save() should be compatible with Think\Model::save($data = '', $options = Array) /var/www/clients/client1/web6/web/singwa/Application/Common/Model/BasicModel.class.php 第 28 行.
NOTIC: [2048] Declaration of Common\Model\BasicModel::select() should be compatible with Think\Model::select($options = Array) /var/www/clients/client1/web6/web/singwa/Application/Common/Model/BasicModel.class.php 第 28 行.
NOTIC: [2048] Declaration of Common\Model\MenuModel::find() should be compatible with Think\Model::find($options = Array) /var/www/clients/client1/web6/web/singwa/Application/Common/Model/MenuModel.class.php 第 88 行.
SQL: SHOW COLUMNS FROM `cms_menu` [ RunTime:0.0005s ]
SQL: SELECT * FROM `cms_menu` WHERE `status` = 1 AND `type` = 0 ORDER BY listorder desc,menu_id desc  [ RunTime:0.0001s ]
NOTIC: [8] Undefined index: name /var/www/clients/client1/web6/web/singwa/Application/Runtime/Cache/Home/0d75cb75cd30b13fdd4834afd69acb19.php 第 60 行.
INFO: Run Behavior\ParseTemplateBehavior [ RunTime:0.007585s ]
INFO: [ view_parse ] --END-- [ RunTime:0.007625s ]
INFO: [ view_filter ] --START--
INFO: Run Behavior\WriteHtmlCacheBehavior [ RunTime:0.000158s ]
INFO: [ view_filter ] --END-- [ RunTime:0.000183s ]
INFO: [ app_end ] --START--
INFO: Run Behavior\ShowPageTraceBehavior [ RunTime:0.000338s ]
INFO: [ app_end ] --END-- [ RunTime:0.000375s ]

[ 2016-08-22T18:33:26+08:00 ] 158.69.228.25 /singwa/index.php?c=detail&id=32
INFO: [ app_init ] --START--
INFO: Run Behavior\BuildLiteBehavior [ RunTime:0.000010s ]
INFO: [ app_init ] --END-- [ RunTime:0.000248s ]
INFO: [ app_begin ] --START--
INFO: Run Behavior\ReadHtmlCacheBehavior [ RunTime:0.000349s ]
INFO: [ app_begin ] --END-- [ RunTime:0.000383s ]
NOTIC: [2048] Declaration of Home\Controller\CommonController::error() should be compatible with Think\Controller::error($message = '', $jumpUrl = '', $ajax = false) /var/www/clients/client1/web6/web/singwa/Application/Home/Controller/CommonController.class.php 第 23 行.
NOTIC: [2048] Declaration of Common\Model\NewsModel::select() should be compatible with Think\Model::select($options = Array) /var/www/clients/client1/web6/web/singwa/Application/Common/Model/NewsModel.class.php 第 8 行.
NOTIC: [2048] Declaration of Common\Model\NewsModel::find() should be compatible with Think\Model::find($options = Array) /var/www/clients/client1/web6/web/singwa/Application/Common/Model/NewsModel.class.php 第 8 行.
SQL: SHOW COLUMNS FROM `cms_news` [ RunTime:0.0005s ]
SQL: SELECT * FROM `cms_news` WHERE ( news_id=32 ) LIMIT 1   [ RunTime:0.0001s ]
SQL: UPDATE `cms_news` SET `count`='4' WHERE ( news_id=32 ) [ RunTime:0.0001s ]
NOTIC: [2048] Declaration of Common\Model\NewsContentModel::find() should be compatible with Think\Model::find($options = Array) /var/www/clients/client1/web6/web/singwa/Application/Common/Model/NewsContentModel.class.php 第 42 行.
SQL: SHOW COLUMNS FROM `cms_news_content` [ RunTime:0.0004s ]
SQL: SELECT * FROM `cms_news_content` WHERE ( news_id=32 ) LIMIT 1   [ RunTime:0.0002s ]
SQL: SELECT * FROM `cms_news` WHERE `status` = 1 ORDER BY count desc,news_id desc LIMIT 10   [ RunTime:0.0002s ]
NOTIC: [2048] Declaration of Common\Model\PositionContentModel::select() should be compatible with Think\Model::select($options = Array) /var/www/clients/client1/web6/web/singwa/Application/Common/Model/PositionContentModel.class.php 第 106 行.
NOTIC: [2048] Declaration of Common\Model\PositionContentModel::find() should be compatible with Think\Model::find($options = Array) /var/www/clients/client1/web6/web/singwa/Application/Common/Model/PositionContentModel.class.php 第 106 行.
SQL: SHOW COLUMNS FROM `cms_position_content` [ RunTime:0.0004s ]
SQL: SELECT * FROM `cms_position_content` WHERE `status` = 1 AND `position_id` = 5 ORDER BY id desc LIMIT 2   [ RunTime:0.0002s ]
INFO: [ view_parse ] --START--
INFO: [ template_filter ] --START--
INFO: Run Behavior\ContentReplaceBehavior [ RunTime:0.000033s ]
INFO: [ template_filter ] --END-- [ RunTime:0.000061s ]
NOTIC: [2048] Declaration of Common\Model\BasicModel::save() should be compatible with Think\Model::save($data = '', $options = Array) /var/www/clients/client1/web6/web/singwa/Application/Common/Model/BasicModel.class.php 第 28 行.
NOTIC: [2048] Declaration of Common\Model\BasicModel::select() should be compatible with Think\Model::select($options = Array) /var/www/clients/client1/web6/web/singwa/Application/Common/Model/BasicModel.class.php 第 28 行.
NOTIC: [2048] Declaration of Common\Model\MenuModel::find() should be compatible with Think\Model::find($options = Array) /var/www/clients/client1/web6/web/singwa/Application/Common/Model/MenuModel.class.php 第 88 行.
SQL: SHOW COLUMNS FROM `cms_menu` [ RunTime:0.0004s ]
SQL: SELECT * FROM `cms_menu` WHERE `status` = 1 AND `type` = 0 ORDER BY listorder desc,menu_id desc  [ RunTime:0.0001s ]
NOTIC: [8] Undefined index: name /var/www/clients/client1/web6/web/singwa/Application/Runtime/Cache/Home/0d75cb75cd30b13fdd4834afd69acb19.php 第 60 行.
INFO: Run Behavior\ParseTemplateBehavior [ RunTime:0.007410s ]
INFO: [ view_parse ] --END-- [ RunTime:0.007434s ]
INFO: [ view_filter ] --START--
INFO: Run Behavior\WriteHtmlCacheBehavior [ RunTime:0.000174s ]
INFO: [ view_filter ] --END-- [ RunTime:0.000200s ]
INFO: [ app_end ] --START--
INFO: Run Behavior\ShowPageTraceBehavior [ RunTime:0.000343s ]
INFO: [ app_end ] --END-- [ RunTime:0.000376s ]

[ 2016-08-22T18:33:26+08:00 ] 158.69.228.25 /singwa/index.php?c=detail&id=31
INFO: [ app_init ] --START--
INFO: Run Behavior\BuildLiteBehavior [ RunTime:0.000009s ]
INFO: [ app_init ] --END-- [ RunTime:0.000239s ]
INFO: [ app_begin ] --START--
INFO: Run Behavior\ReadHtmlCacheBehavior [ RunTime:0.000331s ]
INFO: [ app_begin ] --END-- [ RunTime:0.000371s ]
NOTIC: [2048] Declaration of Home\Controller\CommonController::error() should be compatible with Think\Controller::error($message = '', $jumpUrl = '', $ajax = false) /var/www/clients/client1/web6/web/singwa/Application/Home/Controller/CommonController.class.php 第 23 行.
NOTIC: [2048] Declaration of Common\Model\NewsModel::select() should be compatible with Think\Model::select($options = Array) /var/www/clients/client1/web6/web/singwa/Application/Common/Model/NewsModel.class.php 第 8 行.
NOTIC: [2048] Declaration of Common\Model\NewsModel::find() should be compatible with Think\Model::find($options = Array) /var/www/clients/client1/web6/web/singwa/Application/Common/Model/NewsModel.class.php 第 8 行.
SQL: SHOW COLUMNS FROM `cms_news` [ RunTime:0.0005s ]
SQL: SELECT * FROM `cms_news` WHERE ( news_id=31 ) LIMIT 1   [ RunTime:0.0001s ]
SQL: UPDATE `cms_news` SET `count`='4' WHERE ( news_id=31 ) [ RunTime:0.0001s ]
NOTIC: [2048] Declaration of Common\Model\NewsContentModel::find() should be compatible with Think\Model::find($options = Array) /var/www/clients/client1/web6/web/singwa/Application/Common/Model/NewsContentModel.class.php 第 42 行.
SQL: SHOW COLUMNS FROM `cms_news_content` [ RunTime:0.0003s ]
SQL: SELECT * FROM `cms_news_content` WHERE ( news_id=31 ) LIMIT 1   [ RunTime:0.0002s ]
SQL: SELECT * FROM `cms_news` WHERE `status` = 1 ORDER BY count desc,news_id desc LIMIT 10   [ RunTime:0.0002s ]
NOTIC: [2048] Declaration of Common\Model\PositionContentModel::select() should be compatible with Think\Model::select($options = Array) /var/www/clients/client1/web6/web/singwa/Application/Common/Model/PositionContentModel.class.php 第 106 行.
NOTIC: [2048] Declaration of Common\Model\PositionContentModel::find() should be compatible with Think\Model::find($options = Array) /var/www/clients/client1/web6/web/singwa/Application/Common/Model/PositionContentModel.class.php 第 106 行.
SQL: SHOW COLUMNS FROM `cms_position_content` [ RunTime:0.0004s ]
SQL: SELECT * FROM `cms_position_content` WHERE `status` = 1 AND `position_id` = 5 ORDER BY id desc LIMIT 2   [ RunTime:0.0002s ]
INFO: [ view_parse ] --START--
INFO: [ template_filter ] --START--
INFO: Run Behavior\ContentReplaceBehavior [ RunTime:0.000031s ]
INFO: [ template_filter ] --END-- [ RunTime:0.000063s ]
NOTIC: [2048] Declaration of Common\Model\BasicModel::save() should be compatible with Think\Model::save($data = '', $options = Array) /var/www/clients/client1/web6/web/singwa/Application/Common/Model/BasicModel.class.php 第 28 行.
NOTIC: [2048] Declaration of Common\Model\BasicModel::select() should be compatible with Think\Model::select($options = Array) /var/www/clients/client1/web6/web/singwa/Application/Common/Model/BasicModel.class.php 第 28 行.
NOTIC: [2048] Declaration of Common\Model\MenuModel::find() should be compatible with Think\Model::find($options = Array) /var/www/clients/client1/web6/web/singwa/Application/Common/Model/MenuModel.class.php 第 88 行.
SQL: SHOW COLUMNS FROM `cms_menu` [ RunTime:0.0004s ]
SQL: SELECT * FROM `cms_menu` WHERE `status` = 1 AND `type` = 0 ORDER BY listorder desc,menu_id desc  [ RunTime:0.0001s ]
NOTIC: [8] Undefined index: name /var/www/clients/client1/web6/web/singwa/Application/Runtime/Cache/Home/0d75cb75cd30b13fdd4834afd69acb19.php 第 60 行.
INFO: Run Behavior\ParseTemplateBehavior [ RunTime:0.007444s ]
INFO: [ view_parse ] --END-- [ RunTime:0.007474s ]
INFO: [ view_filter ] --START--
INFO: Run Behavior\WriteHtmlCacheBehavior [ RunTime:0.000158s ]
INFO: [ view_filter ] --END-- [ RunTime:0.000183s ]
INFO: [ app_end ] --START--
INFO: Run Behavior\ShowPageTraceBehavior [ RunTime:0.000360s ]
INFO: [ app_end ] --END-- [ RunTime:0.000393s ]

[ 2016-08-22T18:33:26+08:00 ] 158.69.228.25 /singwa/index.php?c=detail&id=30
INFO: [ app_init ] --START--
INFO: Run Behavior\BuildLiteBehavior [ RunTime:0.000010s ]
INFO: [ app_init ] --END-- [ RunTime:0.000258s ]
INFO: [ app_begin ] --START--
INFO: Run Behavior\ReadHtmlCacheBehavior [ RunTime:0.000326s ]
INFO: [ app_begin ] --END-- [ RunTime:0.000360s ]
NOTIC: [2048] Declaration of Home\Controller\CommonController::error() should be compatible with Think\Controller::error($message = '', $jumpUrl = '', $ajax = false) /var/www/clients/client1/web6/web/singwa/Application/Home/Controller/CommonController.class.php 第 23 行.
NOTIC: [2048] Declaration of Common\Model\NewsModel::select() should be compatible with Think\Model::select($options = Array) /var/www/clients/client1/web6/web/singwa/Application/Common/Model/NewsModel.class.php 第 8 行.
NOTIC: [2048] Declaration of Common\Model\NewsModel::find() should be compatible with Think\Model::find($options = Array) /var/www/clients/client1/web6/web/singwa/Application/Common/Model/NewsModel.class.php 第 8 行.
SQL: SHOW COLUMNS FROM `cms_news` [ RunTime:0.0006s ]
SQL: SELECT * FROM `cms_news` WHERE ( news_id=30 ) LIMIT 1   [ RunTime:0.0002s ]
SQL: UPDATE `cms_news` SET `count`='4' WHERE ( news_id=30 ) [ RunTime:0.0001s ]
NOTIC: [2048] Declaration of Common\Model\NewsContentModel::find() should be compatible with Think\Model::find($options = Array) /var/www/clients/client1/web6/web/singwa/Application/Common/Model/NewsContentModel.class.php 第 42 行.
SQL: SHOW COLUMNS FROM `cms_news_content` [ RunTime:0.0003s ]
SQL: SELECT * FROM `cms_news_content` WHERE ( news_id=30 ) LIMIT 1   [ RunTime:0.0001s ]
SQL: SELECT * FROM `cms_news` WHERE `status` = 1 ORDER BY count desc,news_id desc LIMIT 10   [ RunTime:0.0002s ]
NOTIC: [2048] Declaration of Common\Model\PositionContentModel::select() should be compatible with Think\Model::select($options = Array) /var/www/clients/client1/web6/web/singwa/Application/Common/Model/PositionContentModel.class.php 第 106 行.
NOTIC: [2048] Declaration of Common\Model\PositionContentModel::find() should be compatible with Think\Model::find($options = Array) /var/www/clients/client1/web6/web/singwa/Application/Common/Model/PositionContentModel.class.php 第 106 行.
SQL: SHOW COLUMNS FROM `cms_position_content` [ RunTime:0.0004s ]
SQL: SELECT * FROM `cms_position_content` WHERE `status` = 1 AND `position_id` = 5 ORDER BY id desc LIMIT 2   [ RunTime:0.0001s ]
INFO: [ view_parse ] --START--
INFO: [ template_filter ] --START--
INFO: Run Behavior\ContentReplaceBehavior [ RunTime:0.000031s ]
INFO: [ template_filter ] --END-- [ RunTime:0.000059s ]
NOTIC: [2048] Declaration of Common\Model\BasicModel::save() should be compatible with Think\Model::save($data = '', $options = Array) /var/www/clients/client1/web6/web/singwa/Application/Common/Model/BasicModel.class.php 第 28 行.
NOTIC: [2048] Declaration of Common\Model\BasicModel::select() should be compatible with Think\Model::select($options = Array) /var/www/clients/client1/web6/web/singwa/Application/Common/Model/BasicModel.class.php 第 28 行.
NOTIC: [2048] Declaration of Common\Model\MenuModel::find() should be compatible with Think\Model::find($options = Array) /var/www/clients/client1/web6/web/singwa/Application/Common/Model/MenuModel.class.php 第 88 行.
SQL: SHOW COLUMNS FROM `cms_menu` [ RunTime:0.0004s ]
SQL: SELECT * FROM `cms_menu` WHERE `status` = 1 AND `type` = 0 ORDER BY listorder desc,menu_id desc  [ RunTime:0.0002s ]
NOTIC: [8] Undefined index: name /var/www/clients/client1/web6/web/singwa/Application/Runtime/Cache/Home/0d75cb75cd30b13fdd4834afd69acb19.php 第 60 行.
INFO: Run Behavior\ParseTemplateBehavior [ RunTime:0.007442s ]
INFO: [ view_parse ] --END-- [ RunTime:0.007466s ]
INFO: [ view_filter ] --START--
INFO: Run Behavior\WriteHtmlCacheBehavior [ RunTime:0.000167s ]
INFO: [ view_filter ] --END-- [ RunTime:0.000192s ]
INFO: [ app_end ] --START--
INFO: Run Behavior\ShowPageTraceBehavior [ RunTime:0.000342s ]
INFO: [ app_end ] --END-- [ RunTime:0.000375s ]

[ 2016-08-22T18:33:26+08:00 ] 158.69.228.25 /singwa/index.php?c=detail&id=28
INFO: [ app_init ] --START--
INFO: Run Behavior\BuildLiteBehavior [ RunTime:0.000009s ]
INFO: [ app_init ] --END-- [ RunTime:0.000234s ]
INFO: [ app_begin ] --START--
INFO: Run Behavior\ReadHtmlCacheBehavior [ RunTime:0.000326s ]
INFO: [ app_begin ] --END-- [ RunTime:0.000364s ]
NOTIC: [2048] Declaration of Home\Controller\CommonController::error() should be compatible with Think\Controller::error($message = '', $jumpUrl = '', $ajax = false) /var/www/clients/client1/web6/web/singwa/Application/Home/Controller/CommonController.class.php 第 23 行.
NOTIC: [2048] Declaration of Common\Model\NewsModel::select() should be compatible with Think\Model::select($options = Array) /var/www/clients/client1/web6/web/singwa/Application/Common/Model/NewsModel.class.php 第 8 行.
NOTIC: [2048] Declaration of Common\Model\NewsModel::find() should be compatible with Think\Model::find($options = Array) /var/www/clients/client1/web6/web/singwa/Application/Common/Model/NewsModel.class.php 第 8 行.
SQL: SHOW COLUMNS FROM `cms_news` [ RunTime:0.0004s ]
SQL: SELECT * FROM `cms_news` WHERE ( news_id=28 ) LIMIT 1   [ RunTime:0.0001s ]
SQL: UPDATE `cms_news` SET `count`='10' WHERE ( news_id=28 ) [ RunTime:0.0002s ]
NOTIC: [2048] Declaration of Common\Model\NewsContentModel::find() should be compatible with Think\Model::find($options = Array) /var/www/clients/client1/web6/web/singwa/Application/Common/Model/NewsContentModel.class.php 第 42 行.
SQL: SHOW COLUMNS FROM `cms_news_content` [ RunTime:0.0003s ]
SQL: SELECT * FROM `cms_news_content` WHERE ( news_id=28 ) LIMIT 1   [ RunTime:0.0001s ]
SQL: SELECT * FROM `cms_news` WHERE `status` = 1 ORDER BY count desc,news_id desc LIMIT 10   [ RunTime:0.0002s ]
NOTIC: [2048] Declaration of Common\Model\PositionContentModel::select() should be compatible with Think\Model::select($options = Array) /var/www/clients/client1/web6/web/singwa/Application/Common/Model/PositionContentModel.class.php 第 106 行.
NOTIC: [2048] Declaration of Common\Model\PositionContentModel::find() should be compatible with Think\Model::find($options = Array) /var/www/clients/client1/web6/web/singwa/Application/Common/Model/PositionContentModel.class.php 第 106 行.
SQL: SHOW COLUMNS FROM `cms_position_content` [ RunTime:0.0004s ]
SQL: SELECT * FROM `cms_position_content` WHERE `status` = 1 AND `position_id` = 5 ORDER BY id desc LIMIT 2   [ RunTime:0.0001s ]
INFO: [ view_parse ] --START--
INFO: [ template_filter ] --START--
INFO: Run Behavior\ContentReplaceBehavior [ RunTime:0.000030s ]
INFO: [ template_filter ] --END-- [ RunTime:0.000065s ]
NOTIC: [2048] Declaration of Common\Model\BasicModel::save() should be compatible with Think\Model::save($data = '', $options = Array) /var/www/clients/client1/web6/web/singwa/Application/Common/Model/BasicModel.class.php 第 28 行.
NOTIC: [2048] Declaration of Common\Model\BasicModel::select() should be compatible with Think\Model::select($options = Array) /var/www/clients/client1/web6/web/singwa/Application/Common/Model/BasicModel.class.php 第 28 行.
NOTIC: [2048] Declaration of Common\Model\MenuModel::find() should be compatible with Think\Model::find($options = Array) /var/www/clients/client1/web6/web/singwa/Application/Common/Model/MenuModel.class.php 第 88 行.
SQL: SHOW COLUMNS FROM `cms_menu` [ RunTime:0.0004s ]
SQL: SELECT * FROM `cms_menu` WHERE `status` = 1 AND `type` = 0 ORDER BY listorder desc,menu_id desc  [ RunTime:0.0002s ]
NOTIC: [8] Undefined index: name /var/www/clients/client1/web6/web/singwa/Application/Runtime/Cache/Home/0d75cb75cd30b13fdd4834afd69acb19.php 第 60 行.
INFO: Run Behavior\ParseTemplateBehavior [ RunTime:0.007435s ]
INFO: [ view_parse ] --END-- [ RunTime:0.007461s ]
INFO: [ view_filter ] --START--
INFO: Run Behavior\WriteHtmlCacheBehavior [ RunTime:0.000157s ]
INFO: [ view_filter ] --END-- [ RunTime:0.000182s ]
INFO: [ app_end ] --START--
INFO: Run Behavior\ShowPageTraceBehavior [ RunTime:0.000335s ]
INFO: [ app_end ] --END-- [ RunTime:0.000365s ]

