[ 2016-08-16T01:51:45+08:00 ] 88.198.16.153 /singwa/index.php
INFO: [ app_init ] --START--
INFO: Run Behavior\BuildLiteBehavior [ RunTime:0.000016s ]
INFO: [ app_init ] --END-- [ RunTime:0.001605s ]
INFO: [ app_begin ] --START--
INFO: Run Behavior\ReadHtmlCacheBehavior [ RunTime:0.000714s ]
INFO: [ app_begin ] --END-- [ RunTime:0.000751s ]
NOTIC: [2048] Declaration of Home\Controller\CommonController::error() should be compatible with Think\Controller::error($message = '', $jumpUrl = '', $ajax = false) /var/www/clients/client1/web6/web/singwa/Application/Home/Controller/CommonController.class.php 第 23 行.
NOTIC: [2048] Declaration of Common\Model\NewsModel::select() should be compatible with Think\Model::select($options = Array) /var/www/clients/client1/web6/web/singwa/Application/Common/Model/NewsModel.class.php 第 8 行.
NOTIC: [2048] Declaration of Common\Model\NewsModel::find() should be compatible with Think\Model::find($options = Array) /var/www/clients/client1/web6/web/singwa/Application/Common/Model/NewsModel.class.php 第 8 行.
SQL: SHOW COLUMNS FROM `cms_news` [ RunTime:0.0008s ]
SQL: SELECT * FROM `cms_news` WHERE `status` = 1 ORDER BY count desc,news_id desc LIMIT 10   [ RunTime:0.0006s ]
NOTIC: [2048] Declaration of Common\Model\PositionContentModel::select() should be compatible with Think\Model::select($options = Array) /var/www/clients/client1/web6/web/singwa/Application/Common/Model/PositionContentModel.class.php 第 106 行.
NOTIC: [2048] Declaration of Common\Model\PositionContentModel::find() should be compatible with Think\Model::find($options = Array) /var/www/clients/client1/web6/web/singwa/Application/Common/Model/PositionContentModel.class.php 第 106 行.
SQL: SHOW COLUMNS FROM `cms_position_content` [ RunTime:0.0004s ]
SQL: SELECT * FROM `cms_position_content` WHERE `status` = 1 AND `position_id` = 2 ORDER BY id desc LIMIT 1   [ RunTime:0.0005s ]
SQL: SELECT * FROM `cms_position_content` WHERE `status` = 1 AND `position_id` = 3 ORDER BY id desc LIMIT 3   [ RunTime:0.0001s ]
SQL: SELECT * FROM `cms_news` WHERE `status` = 1 AND `thumb` <> '' ORDER BY listorder desc,news_id desc LIMIT 30   [ RunTime:0.0002s ]
SQL: SELECT * FROM `cms_position_content` WHERE `status` = 1 AND `position_id` = 5 ORDER BY id desc LIMIT 2   [ RunTime:0.0001s ]
INFO: [ view_parse ] --START--
INFO: [ template_filter ] --START--
INFO: Run Behavior\ContentReplaceBehavior [ RunTime:0.000055s ]
INFO: [ template_filter ] --END-- [ RunTime:0.000091s ]
NOTIC: [2048] Declaration of Common\Model\BasicModel::save() should be compatible with Think\Model::save($data = '', $options = Array) /var/www/clients/client1/web6/web/singwa/Application/Common/Model/BasicModel.class.php 第 28 行.
NOTIC: [2048] Declaration of Common\Model\BasicModel::select() should be compatible with Think\Model::select($options = Array) /var/www/clients/client1/web6/web/singwa/Application/Common/Model/BasicModel.class.php 第 28 行.
NOTIC: [2048] Declaration of Common\Model\MenuModel::find() should be compatible with Think\Model::find($options = Array) /var/www/clients/client1/web6/web/singwa/Application/Common/Model/MenuModel.class.php 第 88 行.
SQL: SHOW COLUMNS FROM `cms_menu` [ RunTime:0.0004s ]
SQL: SELECT * FROM `cms_menu` WHERE `status` = 1 AND `type` = 0 ORDER BY listorder desc,menu_id desc  [ RunTime:0.0006s ]
NOTIC: [8] Undefined index: count /var/www/clients/client1/web6/web/singwa/Application/Runtime/Cache/Home/2a94b8bda04ff446dcedd42276fc99ee.php 第 34 行.
NOTIC: [8] Undefined index: name /var/www/clients/client1/web6/web/singwa/Application/Runtime/Cache/Home/2a94b8bda04ff446dcedd42276fc99ee.php 第 79 行.
INFO: Run Behavior\ParseTemplateBehavior [ RunTime:0.035045s ]
INFO: [ view_parse ] --END-- [ RunTime:0.035079s ]
INFO: [ view_filter ] --START--
INFO: Run Behavior\WriteHtmlCacheBehavior [ RunTime:0.000660s ]
INFO: [ view_filter ] --END-- [ RunTime:0.000707s ]
INFO: [ app_end ] --START--
INFO: Run Behavior\ShowPageTraceBehavior [ RunTime:0.000769s ]
INFO: [ app_end ] --END-- [ RunTime:0.000802s ]

[ 2016-08-16T01:52:03+08:00 ] 88.198.16.153 /singwa/index.php
INFO: [ app_init ] --START--
INFO: Run Behavior\BuildLiteBehavior [ RunTime:0.000010s ]
INFO: [ app_init ] --END-- [ RunTime:0.000260s ]
INFO: [ app_begin ] --START--
INFO: Run Behavior\ReadHtmlCacheBehavior [ RunTime:0.000371s ]
INFO: [ app_begin ] --END-- [ RunTime:0.000416s ]
NOTIC: [2048] Declaration of Home\Controller\CommonController::error() should be compatible with Think\Controller::error($message = '', $jumpUrl = '', $ajax = false) /var/www/clients/client1/web6/web/singwa/Application/Home/Controller/CommonController.class.php 第 23 行.
NOTIC: [2048] Declaration of Common\Model\NewsModel::select() should be compatible with Think\Model::select($options = Array) /var/www/clients/client1/web6/web/singwa/Application/Common/Model/NewsModel.class.php 第 8 行.
NOTIC: [2048] Declaration of Common\Model\NewsModel::find() should be compatible with Think\Model::find($options = Array) /var/www/clients/client1/web6/web/singwa/Application/Common/Model/NewsModel.class.php 第 8 行.
SQL: SHOW COLUMNS FROM `cms_news` [ RunTime:0.0006s ]
SQL: SELECT * FROM `cms_news` WHERE `status` = 1 ORDER BY count desc,news_id desc LIMIT 10   [ RunTime:0.0003s ]
NOTIC: [2048] Declaration of Common\Model\PositionContentModel::select() should be compatible with Think\Model::select($options = Array) /var/www/clients/client1/web6/web/singwa/Application/Common/Model/PositionContentModel.class.php 第 106 行.
NOTIC: [2048] Declaration of Common\Model\PositionContentModel::find() should be compatible with Think\Model::find($options = Array) /var/www/clients/client1/web6/web/singwa/Application/Common/Model/PositionContentModel.class.php 第 106 行.
SQL: SHOW COLUMNS FROM `cms_position_content` [ RunTime:0.0006s ]
SQL: SELECT * FROM `cms_position_content` WHERE `status` = 1 AND `position_id` = 2 ORDER BY id desc LIMIT 1   [ RunTime:0.0004s ]
SQL: SELECT * FROM `cms_position_content` WHERE `status` = 1 AND `position_id` = 3 ORDER BY id desc LIMIT 3   [ RunTime:0.0001s ]
SQL: SELECT * FROM `cms_news` WHERE `status` = 1 AND `thumb` <> '' ORDER BY listorder desc,news_id desc LIMIT 30   [ RunTime:0.0002s ]
SQL: SELECT * FROM `cms_position_content` WHERE `status` = 1 AND `position_id` = 5 ORDER BY id desc LIMIT 2   [ RunTime:0.0001s ]
INFO: [ view_parse ] --START--
INFO: [ template_filter ] --START--
INFO: Run Behavior\ContentReplaceBehavior [ RunTime:0.000048s ]
INFO: [ template_filter ] --END-- [ RunTime:0.000079s ]
NOTIC: [2048] Declaration of Common\Model\BasicModel::save() should be compatible with Think\Model::save($data = '', $options = Array) /var/www/clients/client1/web6/web/singwa/Application/Common/Model/BasicModel.class.php 第 28 行.
NOTIC: [2048] Declaration of Common\Model\BasicModel::select() should be compatible with Think\Model::select($options = Array) /var/www/clients/client1/web6/web/singwa/Application/Common/Model/BasicModel.class.php 第 28 行.
NOTIC: [2048] Declaration of Common\Model\MenuModel::find() should be compatible with Think\Model::find($options = Array) /var/www/clients/client1/web6/web/singwa/Application/Common/Model/MenuModel.class.php 第 88 行.
SQL: SHOW COLUMNS FROM `cms_menu` [ RunTime:0.0006s ]
SQL: SELECT * FROM `cms_menu` WHERE `status` = 1 AND `type` = 0 ORDER BY listorder desc,menu_id desc  [ RunTime:0.0002s ]
NOTIC: [8] Undefined index: count /var/www/clients/client1/web6/web/singwa/Application/Runtime/Cache/Home/2a94b8bda04ff446dcedd42276fc99ee.php 第 34 行.
NOTIC: [8] Undefined index: name /var/www/clients/client1/web6/web/singwa/Application/Runtime/Cache/Home/2a94b8bda04ff446dcedd42276fc99ee.php 第 79 行.
INFO: Run Behavior\ParseTemplateBehavior [ RunTime:0.010015s ]
INFO: [ view_parse ] --END-- [ RunTime:0.010051s ]
INFO: [ view_filter ] --START--
INFO: Run Behavior\WriteHtmlCacheBehavior [ RunTime:0.000164s ]
INFO: [ view_filter ] --END-- [ RunTime:0.000190s ]
INFO: [ app_end ] --START--
INFO: Run Behavior\ShowPageTraceBehavior [ RunTime:0.000345s ]
INFO: [ app_end ] --END-- [ RunTime:0.000376s ]

