[ 2016-08-01T09:21:13+08:00 ] 172.16.110.0 /admin.php
INFO: [ app_init ] --START--
INFO: Run Behavior\BuildLiteBehavior [ RunTime:0.000034s ]
INFO: [ app_init ] --END-- [ RunTime:0.002201s ]
INFO: [ app_begin ] --START--
INFO: Run Behavior\ReadHtmlCacheBehavior [ RunTime:0.002877s ]
INFO: [ app_begin ] --END-- [ RunTime:0.003008s ]
INFO: [ view_parse ] --START--
INFO: [ template_filter ] --START--
INFO: Run Behavior\ContentReplaceBehavior [ RunTime:0.000089s ]
INFO: [ template_filter ] --END-- [ RunTime:0.000199s ]
NOTIC: [2048] Declaration of Common\Model\MenuModel::find() should be compatible with Think\Model::find($options = Array) /data/webroot/Application/Common/Model/MenuModel.class.php 第 5 行.
SQL: SHOW COLUMNS FROM `cms_menu` [ RunTime:0.0089s ]
SQL: SELECT * FROM `cms_menu` WHERE `status` <> -1 AND `type` = 1 ORDER BY listorder desc,menu_id desc  [ RunTime:0.0011s ]
NOTIC: [8] Undefined index: a /data/webroot/Application/Common/Common/function.php 第 33 行.
NOTIC: [8] Undefined index: a /data/webroot/Application/Common/Common/function.php 第 33 行.
NOTIC: [8] Undefined index: a /data/webroot/Application/Common/Common/function.php 第 33 行.
NOTIC: [8] Undefined index: a /data/webroot/Application/Common/Common/function.php 第 33 行.
NOTIC: [8] Undefined index: a /data/webroot/Application/Common/Common/function.php 第 33 行.
INFO: Run Behavior\ParseTemplateBehavior [ RunTime:0.191141s ]
INFO: [ view_parse ] --END-- [ RunTime:0.191235s ]
INFO: [ view_filter ] --START--
INFO: Run Behavior\WriteHtmlCacheBehavior [ RunTime:0.003606s ]
INFO: [ view_filter ] --END-- [ RunTime:0.003811s ]
INFO: [ app_end ] --START--
INFO: Run Behavior\ShowPageTraceBehavior [ RunTime:0.003174s ]
INFO: [ app_end ] --END-- [ RunTime:0.003288s ]

[ 2016-08-01T09:21:18+08:00 ] 172.16.110.0 /admin.php?c=menu
INFO: [ app_init ] --START--
INFO: Run Behavior\BuildLiteBehavior [ RunTime:0.000031s ]
INFO: [ app_init ] --END-- [ RunTime:0.001333s ]
INFO: [ app_begin ] --START--
INFO: Run Behavior\ReadHtmlCacheBehavior [ RunTime:0.001936s ]
INFO: [ app_begin ] --END-- [ RunTime:0.002003s ]
NOTIC: [2048] Declaration of Admin\Controller\MenuController::setStatus() should be compatible with Admin\Controller\CommonController::setStatus($data, $model) /data/webroot/Application/Admin/Controller/MenuController.class.php 第 6 行.
NOTIC: [2048] Declaration of Admin\Controller\MenuController::listorder() should be compatible with Admin\Controller\CommonController::listorder($model) /data/webroot/Application/Admin/Controller/MenuController.class.php 第 6 行.
NOTIC: [8] Undefined variable: module /data/webroot/ThinkPHP/Common/functions.php 第 990 行.
NOTIC: [8] Undefined variable: var /data/webroot/ThinkPHP/Common/functions.php 第 990 行.
NOTIC: [2] array_reverse() expects parameter 1 to be array, null given /data/webroot/ThinkPHP/Common/functions.php 第 990 行.
NOTIC: [2] http_build_query(): Parameter 1 expected to be Array or Object.  Incorrect value given /data/webroot/ThinkPHP/Common/functions.php 第 990 行.

[ 2016-08-01T09:21:20+08:00 ] 172.16.110.0 /admin.php?m=&&c=login
INFO: [ app_init ] --START--
INFO: Run Behavior\BuildLiteBehavior [ RunTime:0.000035s ]
INFO: [ app_init ] --END-- [ RunTime:0.001822s ]
INFO: [ app_begin ] --START--
INFO: Run Behavior\ReadHtmlCacheBehavior [ RunTime:0.002999s ]
INFO: [ app_begin ] --END-- [ RunTime:0.003124s ]
INFO: [ view_parse ] --START--
INFO: [ template_filter ] --START--
INFO: Run Behavior\ContentReplaceBehavior [ RunTime:0.000124s ]
INFO: [ template_filter ] --END-- [ RunTime:0.000360s ]
INFO: Run Behavior\ParseTemplateBehavior [ RunTime:1.928318s ]
INFO: [ view_parse ] --END-- [ RunTime:1.928507s ]
INFO: [ view_filter ] --START--
INFO: Run Behavior\WriteHtmlCacheBehavior [ RunTime:0.005381s ]
INFO: [ view_filter ] --END-- [ RunTime:0.005475s ]
INFO: [ app_end ] --START--
INFO: Run Behavior\ShowPageTraceBehavior [ RunTime:0.003388s ]
INFO: [ app_end ] --END-- [ RunTime:0.003485s ]

[ 2016-08-01T09:21:20+08:00 ] 172.16.110.0 /admin.php?m=&&c=login
INFO: [ app_init ] --START--
INFO: Run Behavior\BuildLiteBehavior [ RunTime:0.000046s ]
INFO: [ app_init ] --END-- [ RunTime:0.001970s ]
INFO: [ app_begin ] --START--
INFO: Run Behavior\ReadHtmlCacheBehavior [ RunTime:0.002816s ]
INFO: [ app_begin ] --END-- [ RunTime:0.002962s ]
INFO: [ view_parse ] --START--
INFO: [ template_filter ] --START--
INFO: Run Behavior\ContentReplaceBehavior [ RunTime:0.000082s ]
INFO: [ template_filter ] --END-- [ RunTime:0.000206s ]
INFO: Run Behavior\ParseTemplateBehavior [ RunTime:0.035258s ]
INFO: [ view_parse ] --END-- [ RunTime:0.035374s ]
INFO: [ view_filter ] --START--
INFO: Run Behavior\WriteHtmlCacheBehavior [ RunTime:0.002632s ]
INFO: [ view_filter ] --END-- [ RunTime:0.002759s ]
INFO: [ app_end ] --START--
INFO: Run Behavior\ShowPageTraceBehavior [ RunTime:0.003452s ]
INFO: [ app_end ] --END-- [ RunTime:0.003559s ]

[ 2016-08-01T09:21:25+08:00 ] 172.16.110.0 /admin.php?c=login&a=check
INFO: [ app_init ] --START--
INFO: Run Behavior\BuildLiteBehavior [ RunTime:0.000027s ]
INFO: [ app_init ] --END-- [ RunTime:0.002414s ]
INFO: [ app_begin ] --START--
INFO: Run Behavior\ReadHtmlCacheBehavior [ RunTime:0.002436s ]
INFO: [ app_begin ] --END-- [ RunTime:0.002539s ]
SQL: SHOW COLUMNS FROM `cms_admin` [ RunTime:2.6735s ]
SQL: SELECT * FROM `cms_admin` WHERE ( username="admin" ) LIMIT 1   [ RunTime:0.0103s ]

[ 2016-08-01T09:21:27+08:00 ] 172.16.110.0 /admin.php?c=index
INFO: [ app_init ] --START--
INFO: Run Behavior\BuildLiteBehavior [ RunTime:0.000021s ]
INFO: [ app_init ] --END-- [ RunTime:0.001238s ]
INFO: [ app_begin ] --START--
INFO: Run Behavior\ReadHtmlCacheBehavior [ RunTime:0.002254s ]
INFO: [ app_begin ] --END-- [ RunTime:0.002323s ]
INFO: [ view_parse ] --START--
INFO: [ template_filter ] --START--
INFO: Run Behavior\ContentReplaceBehavior [ RunTime:0.000103s ]
INFO: [ template_filter ] --END-- [ RunTime:0.000240s ]
NOTIC: [2048] Declaration of Common\Model\MenuModel::find() should be compatible with Think\Model::find($options = Array) /data/webroot/Application/Common/Model/MenuModel.class.php 第 5 行.
SQL: SHOW COLUMNS FROM `cms_menu` [ RunTime:0.0079s ]
SQL: SELECT * FROM `cms_menu` WHERE `status` <> -1 AND `type` = 1 ORDER BY listorder desc,menu_id desc  [ RunTime:0.0014s ]
NOTIC: [8] Undefined index: a /data/webroot/Application/Common/Common/function.php 第 33 行.
NOTIC: [8] Undefined index: a /data/webroot/Application/Common/Common/function.php 第 33 行.
NOTIC: [8] Undefined index: a /data/webroot/Application/Common/Common/function.php 第 33 行.
NOTIC: [8] Undefined index: a /data/webroot/Application/Common/Common/function.php 第 33 行.
NOTIC: [8] Undefined index: a /data/webroot/Application/Common/Common/function.php 第 33 行.
INFO: Run Behavior\ParseTemplateBehavior [ RunTime:0.186587s ]
INFO: [ view_parse ] --END-- [ RunTime:0.186677s ]
INFO: [ view_filter ] --START--
INFO: Run Behavior\WriteHtmlCacheBehavior [ RunTime:0.003338s ]
INFO: [ view_filter ] --END-- [ RunTime:0.003481s ]
INFO: [ app_end ] --START--
INFO: Run Behavior\ShowPageTraceBehavior [ RunTime:0.007283s ]
INFO: [ app_end ] --END-- [ RunTime:0.007645s ]

[ 2016-08-01T09:46:40+08:00 ] 172.16.110.0 /admin.php?c=admin&a=personal
INFO: [ app_init ] --START--
INFO: Run Behavior\BuildLiteBehavior [ RunTime:0.000033s ]
INFO: [ app_init ] --END-- [ RunTime:0.005867s ]
INFO: [ app_begin ] --START--
INFO: Run Behavior\ReadHtmlCacheBehavior [ RunTime:0.006362s ]
INFO: [ app_begin ] --END-- [ RunTime:0.006584s ]

[ 2016-08-01T09:47:05+08:00 ] 172.16.110.0 /admin.php?c=admin&a=personal
INFO: [ app_init ] --START--
INFO: Run Behavior\BuildLiteBehavior [ RunTime:0.000051s ]
INFO: [ app_init ] --END-- [ RunTime:0.003508s ]
INFO: [ app_begin ] --START--
INFO: Run Behavior\ReadHtmlCacheBehavior [ RunTime:0.003856s ]
INFO: [ app_begin ] --END-- [ RunTime:0.004036s ]
NOTIC: [2048] Declaration of Admin\Controller\AdminController::setStatus() should be compatible with Admin\Controller\CommonController::setStatus($data, $model) /data/webroot/Application/Admin/Controller/AdminController.class.php 第 7 行.
INFO: [ view_parse ] --START--
INFO: [ template_filter ] --START--
INFO: Run Behavior\ContentReplaceBehavior [ RunTime:0.000085s ]
INFO: [ template_filter ] --END-- [ RunTime:0.000216s ]
NOTIC: [2048] Declaration of Common\Model\MenuModel::find() should be compatible with Think\Model::find($options = Array) /data/webroot/Application/Common/Model/MenuModel.class.php 第 5 行.
SQL: SHOW COLUMNS FROM `cms_menu` [ RunTime:0.0067s ]
SQL: SELECT * FROM `cms_menu` WHERE `status` <> -1 AND `type` = 1 ORDER BY listorder desc,menu_id desc  [ RunTime:0.0010s ]
NOTIC: [8] Undefined index: a /data/webroot/Application/Common/Common/function.php 第 33 行.
NOTIC: [8] Undefined index: a /data/webroot/Application/Common/Common/function.php 第 33 行.
NOTIC: [8] Undefined index: a /data/webroot/Application/Common/Common/function.php 第 33 行.
NOTIC: [8] Undefined index: a /data/webroot/Application/Common/Common/function.php 第 33 行.
NOTIC: [8] Undefined index: a /data/webroot/Application/Common/Common/function.php 第 33 行.
INFO: Run Behavior\ParseTemplateBehavior [ RunTime:0.710397s ]
INFO: [ view_parse ] --END-- [ RunTime:0.710548s ]
INFO: [ view_filter ] --START--
INFO: Run Behavior\WriteHtmlCacheBehavior [ RunTime:0.003652s ]
INFO: [ view_filter ] --END-- [ RunTime:0.003756s ]
INFO: [ app_end ] --START--
INFO: Run Behavior\ShowPageTraceBehavior [ RunTime:0.005680s ]
INFO: [ app_end ] --END-- [ RunTime:0.005774s ]

[ 2016-08-01T09:49:28+08:00 ] 172.16.110.0 /admin.php?c=admin&a=personal
INFO: [ app_init ] --START--
INFO: Run Behavior\BuildLiteBehavior [ RunTime:0.000032s ]
INFO: [ app_init ] --END-- [ RunTime:0.002063s ]
INFO: [ app_begin ] --START--
INFO: Run Behavior\ReadHtmlCacheBehavior [ RunTime:0.003993s ]
INFO: [ app_begin ] --END-- [ RunTime:0.004151s ]
NOTIC: [2048] Declaration of Admin\Controller\AdminController::setStatus() should be compatible with Admin\Controller\CommonController::setStatus($data, $model) /data/webroot/Application/Admin/Controller/AdminController.class.php 第 7 行.
INFO: [ app_end ] --START--
INFO: Run Behavior\ShowPageTraceBehavior [ RunTime:0.004882s ]
INFO: [ app_end ] --END-- [ RunTime:0.005048s ]

[ 2016-08-01T09:52:13+08:00 ] 172.16.110.0 /admin.php?c=admin&a=personal
INFO: [ app_init ] --START--
INFO: Run Behavior\BuildLiteBehavior [ RunTime:0.000033s ]
INFO: [ app_init ] --END-- [ RunTime:0.002695s ]
INFO: [ app_begin ] --START--
INFO: Run Behavior\ReadHtmlCacheBehavior [ RunTime:0.003556s ]
INFO: [ app_begin ] --END-- [ RunTime:0.003689s ]
NOTIC: [2048] Declaration of Admin\Controller\AdminController::setStatus() should be compatible with Admin\Controller\CommonController::setStatus($data, $model) /data/webroot/Application/Admin/Controller/AdminController.class.php 第 7 行.
INFO: [ view_parse ] --START--
INFO: [ template_filter ] --START--
INFO: Run Behavior\ContentReplaceBehavior [ RunTime:0.000092s ]
INFO: [ template_filter ] --END-- [ RunTime:0.000241s ]
INFO: Run Behavior\ParseTemplateBehavior [ RunTime:5.093193s ]
INFO: [ view_parse ] --END-- [ RunTime:5.093459s ]
INFO: [ view_filter ] --START--
INFO: Run Behavior\WriteHtmlCacheBehavior [ RunTime:0.008735s ]
INFO: [ view_filter ] --END-- [ RunTime:0.008914s ]
INFO: [ app_end ] --START--
INFO: Run Behavior\ShowPageTraceBehavior [ RunTime:0.005116s ]
INFO: [ app_end ] --END-- [ RunTime:0.005274s ]

[ 2016-08-01T09:52:18+08:00 ] 172.16.110.0 /admin.php?c=admin&a=personal
INFO: [ app_init ] --START--
INFO: Run Behavior\BuildLiteBehavior [ RunTime:0.000036s ]
INFO: [ app_init ] --END-- [ RunTime:0.005056s ]
INFO: [ app_begin ] --START--
INFO: Run Behavior\ReadHtmlCacheBehavior [ RunTime:0.004990s ]
INFO: [ app_begin ] --END-- [ RunTime:0.005270s ]
NOTIC: [2048] Declaration of Admin\Controller\AdminController::setStatus() should be compatible with Admin\Controller\CommonController::setStatus($data, $model) /data/webroot/Application/Admin/Controller/AdminController.class.php 第 7 行.
INFO: [ view_parse ] --START--
INFO: [ template_filter ] --START--
INFO: Run Behavior\ContentReplaceBehavior [ RunTime:0.000084s ]
INFO: [ template_filter ] --END-- [ RunTime:0.000199s ]
NOTIC: [2048] Declaration of Common\Model\MenuModel::find() should be compatible with Think\Model::find($options = Array) /data/webroot/Application/Common/Model/MenuModel.class.php 第 5 行.
SQL: SHOW COLUMNS FROM `cms_menu` [ RunTime:0.0070s ]
SQL: SELECT * FROM `cms_menu` WHERE `status` <> -1 AND `type` = 1 ORDER BY listorder desc,menu_id desc  [ RunTime:0.0005s ]
NOTIC: [8] Undefined index: a /data/webroot/Application/Common/Common/function.php 第 33 行.
NOTIC: [8] Undefined index: a /data/webroot/Application/Common/Common/function.php 第 33 行.
NOTIC: [8] Undefined index: a /data/webroot/Application/Common/Common/function.php 第 33 行.
NOTIC: [8] Undefined index: a /data/webroot/Application/Common/Common/function.php 第 33 行.
NOTIC: [8] Undefined index: a /data/webroot/Application/Common/Common/function.php 第 33 行.
INFO: Run Behavior\ParseTemplateBehavior [ RunTime:0.678643s ]
INFO: [ view_parse ] --END-- [ RunTime:0.678862s ]
INFO: [ view_filter ] --START--
INFO: Run Behavior\WriteHtmlCacheBehavior [ RunTime:0.002128s ]
INFO: [ view_filter ] --END-- [ RunTime:0.002200s ]
INFO: [ app_end ] --START--
INFO: Run Behavior\ShowPageTraceBehavior [ RunTime:0.002352s ]
INFO: [ app_end ] --END-- [ RunTime:0.002400s ]

[ 2016-08-01T09:56:33+08:00 ] 172.16.110.0 /admin.php?c=admin&a=personal
INFO: [ app_init ] --START--
INFO: Run Behavior\BuildLiteBehavior [ RunTime:0.000036s ]
INFO: [ app_init ] --END-- [ RunTime:0.002679s ]
INFO: [ app_begin ] --START--
INFO: Run Behavior\ReadHtmlCacheBehavior [ RunTime:0.004046s ]
INFO: [ app_begin ] --END-- [ RunTime:0.004167s ]
NOTIC: [2048] Declaration of Admin\Controller\AdminController::setStatus() should be compatible with Admin\Controller\CommonController::setStatus($data, $model) /data/webroot/Application/Admin/Controller/AdminController.class.php 第 7 行.
INFO: [ view_parse ] --START--
INFO: [ template_filter ] --START--
INFO: Run Behavior\ContentReplaceBehavior [ RunTime:0.000084s ]
INFO: [ template_filter ] --END-- [ RunTime:0.000193s ]
NOTIC: [2048] Declaration of Common\Model\MenuModel::find() should be compatible with Think\Model::find($options = Array) /data/webroot/Application/Common/Model/MenuModel.class.php 第 5 行.
SQL: SHOW COLUMNS FROM `cms_menu` [ RunTime:0.0067s ]
SQL: SELECT * FROM `cms_menu` WHERE `status` <> -1 AND `type` = 1 ORDER BY listorder desc,menu_id desc  [ RunTime:0.0009s ]
NOTIC: [8] Undefined index: a /data/webroot/Application/Common/Common/function.php 第 33 行.
NOTIC: [8] Undefined index: a /data/webroot/Application/Common/Common/function.php 第 33 行.
NOTIC: [8] Undefined index: a /data/webroot/Application/Common/Common/function.php 第 33 行.
NOTIC: [8] Undefined index: a /data/webroot/Application/Common/Common/function.php 第 33 行.
NOTIC: [8] Undefined index: a /data/webroot/Application/Common/Common/function.php 第 33 行.
INFO: Run Behavior\ParseTemplateBehavior [ RunTime:0.398849s ]
INFO: [ view_parse ] --END-- [ RunTime:0.398962s ]
INFO: [ view_filter ] --START--
INFO: Run Behavior\WriteHtmlCacheBehavior [ RunTime:0.004357s ]
INFO: [ view_filter ] --END-- [ RunTime:0.004470s ]
INFO: [ app_end ] --START--
INFO: Run Behavior\ShowPageTraceBehavior [ RunTime:0.003925s ]
INFO: [ app_end ] --END-- [ RunTime:0.004031s ]

[ 2016-08-01T09:58:54+08:00 ] 172.16.110.0 /admin.php?c=admin&a=save
INFO: [ app_init ] --START--
INFO: Run Behavior\BuildLiteBehavior [ RunTime:0.000036s ]
INFO: [ app_init ] --END-- [ RunTime:0.003895s ]
INFO: [ app_begin ] --START--
INFO: Run Behavior\ReadHtmlCacheBehavior [ RunTime:0.003422s ]
INFO: [ app_begin ] --END-- [ RunTime:0.003546s ]
NOTIC: [2048] Declaration of Admin\Controller\AdminController::setStatus() should be compatible with Admin\Controller\CommonController::setStatus($data, $model) /data/webroot/Application/Admin/Controller/AdminController.class.php 第 7 行.
SQL: SHOW COLUMNS FROM `cms_admin` [ RunTime:0.0068s ]
SQL: UPDATE `cms_admin` SET `realname`='李四',`email`='tracywxh0830@126.com' WHERE ( admin_id=1 ) [ RunTime:0.0302s ]

[ 2016-08-01T09:58:54+08:00 ] 172.16.110.0 /admin.php?c=admin&a=save
INFO: [ app_init ] --START--
INFO: Run Behavior\BuildLiteBehavior [ RunTime:0.000061s ]
INFO: [ app_init ] --END-- [ RunTime:0.003788s ]
INFO: [ app_begin ] --START--
INFO: Run Behavior\ReadHtmlCacheBehavior [ RunTime:0.005814s ]
INFO: [ app_begin ] --END-- [ RunTime:0.006046s ]
NOTIC: [2048] Declaration of Admin\Controller\AdminController::setStatus() should be compatible with Admin\Controller\CommonController::setStatus($data, $model) /data/webroot/Application/Admin/Controller/AdminController.class.php 第 7 行.
SQL: SHOW COLUMNS FROM `cms_admin` [ RunTime:0.0064s ]
SQL: UPDATE `cms_admin` SET `realname`='李四',`email`='tracywxh0830@126.com' WHERE ( admin_id=1 ) [ RunTime:0.0006s ]

[ 2016-08-01T09:59:09+08:00 ] 172.16.110.0 /admin.php?c=admin&a=personal
INFO: [ app_init ] --START--
INFO: Run Behavior\BuildLiteBehavior [ RunTime:0.000038s ]
INFO: [ app_init ] --END-- [ RunTime:0.002829s ]
INFO: [ app_begin ] --START--
INFO: Run Behavior\ReadHtmlCacheBehavior [ RunTime:0.005504s ]
INFO: [ app_begin ] --END-- [ RunTime:0.005694s ]
NOTIC: [2048] Declaration of Admin\Controller\AdminController::setStatus() should be compatible with Admin\Controller\CommonController::setStatus($data, $model) /data/webroot/Application/Admin/Controller/AdminController.class.php 第 7 行.
SQL: SHOW COLUMNS FROM `cms_admin` [ RunTime:0.0066s ]
SQL: SELECT * FROM `cms_admin` WHERE ( admin_id =1 ) LIMIT 1   [ RunTime:0.0005s ]
INFO: [ view_parse ] --START--
INFO: [ template_filter ] --START--
INFO: Run Behavior\ContentReplaceBehavior [ RunTime:0.000094s ]
INFO: [ template_filter ] --END-- [ RunTime:0.000204s ]
NOTIC: [2048] Declaration of Common\Model\MenuModel::find() should be compatible with Think\Model::find($options = Array) /data/webroot/Application/Common/Model/MenuModel.class.php 第 88 行.
SQL: SHOW COLUMNS FROM `cms_menu` [ RunTime:0.0068s ]
SQL: SELECT * FROM `cms_menu` WHERE `status` <> -1 AND `type` = 1 ORDER BY listorder desc,menu_id desc  [ RunTime:0.0010s ]
NOTIC: [8] Undefined index: a /data/webroot/Application/Common/Common/function.php 第 33 行.
NOTIC: [8] Undefined index: a /data/webroot/Application/Common/Common/function.php 第 33 行.
NOTIC: [8] Undefined index: a /data/webroot/Application/Common/Common/function.php 第 33 行.
NOTIC: [8] Undefined index: a /data/webroot/Application/Common/Common/function.php 第 33 行.
NOTIC: [8] Undefined index: a /data/webroot/Application/Common/Common/function.php 第 33 行.
INFO: Run Behavior\ParseTemplateBehavior [ RunTime:4.988256s ]
INFO: [ view_parse ] --END-- [ RunTime:4.988358s ]
INFO: [ view_filter ] --START--
INFO: Run Behavior\WriteHtmlCacheBehavior [ RunTime:0.003858s ]
INFO: [ view_filter ] --END-- [ RunTime:0.003971s ]
INFO: [ app_end ] --START--
INFO: Run Behavior\ShowPageTraceBehavior [ RunTime:0.003865s ]
INFO: [ app_end ] --END-- [ RunTime:0.003970s ]

[ 2016-08-01T09:59:16+08:00 ] 172.16.110.0 /admin.php?c=admin&a=personal
INFO: [ app_init ] --START--
INFO: Run Behavior\BuildLiteBehavior [ RunTime:0.000056s ]
INFO: [ app_init ] --END-- [ RunTime:0.002302s ]
INFO: [ app_begin ] --START--
INFO: Run Behavior\ReadHtmlCacheBehavior [ RunTime:0.004951s ]
INFO: [ app_begin ] --END-- [ RunTime:0.005136s ]
NOTIC: [2048] Declaration of Admin\Controller\AdminController::setStatus() should be compatible with Admin\Controller\CommonController::setStatus($data, $model) /data/webroot/Application/Admin/Controller/AdminController.class.php 第 7 行.
SQL: SHOW COLUMNS FROM `cms_admin` [ RunTime:0.0073s ]
SQL: SELECT * FROM `cms_admin` WHERE ( admin_id =1 ) LIMIT 1   [ RunTime:0.0007s ]
INFO: [ view_parse ] --START--
INFO: [ template_filter ] --START--
INFO: Run Behavior\ContentReplaceBehavior [ RunTime:0.000088s ]
INFO: [ template_filter ] --END-- [ RunTime:0.000215s ]
NOTIC: [2048] Declaration of Common\Model\MenuModel::find() should be compatible with Think\Model::find($options = Array) /data/webroot/Application/Common/Model/MenuModel.class.php 第 88 行.
SQL: SHOW COLUMNS FROM `cms_menu` [ RunTime:0.0142s ]
SQL: SELECT * FROM `cms_menu` WHERE `status` <> -1 AND `type` = 1 ORDER BY listorder desc,menu_id desc  [ RunTime:0.0005s ]
NOTIC: [8] Undefined index: a /data/webroot/Application/Common/Common/function.php 第 33 行.
NOTIC: [8] Undefined index: a /data/webroot/Application/Common/Common/function.php 第 33 行.
NOTIC: [8] Undefined index: a /data/webroot/Application/Common/Common/function.php 第 33 行.
NOTIC: [8] Undefined index: a /data/webroot/Application/Common/Common/function.php 第 33 行.
NOTIC: [8] Undefined index: a /data/webroot/Application/Common/Common/function.php 第 33 行.
INFO: Run Behavior\ParseTemplateBehavior [ RunTime:4.755710s ]
INFO: [ view_parse ] --END-- [ RunTime:4.755786s ]
INFO: [ view_filter ] --START--
INFO: Run Behavior\WriteHtmlCacheBehavior [ RunTime:0.002840s ]
INFO: [ view_filter ] --END-- [ RunTime:0.002886s ]
INFO: [ app_end ] --START--
INFO: Run Behavior\ShowPageTraceBehavior [ RunTime:0.002664s ]
INFO: [ app_end ] --END-- [ RunTime:0.002715s ]

[ 2016-08-01T10:08:00+08:00 ] 172.16.110.0 /admin.php
INFO: [ app_init ] --START--
INFO: Run Behavior\BuildLiteBehavior [ RunTime:0.000023s ]
INFO: [ app_init ] --END-- [ RunTime:0.002179s ]
INFO: [ app_begin ] --START--
INFO: Run Behavior\ReadHtmlCacheBehavior [ RunTime:0.002701s ]
INFO: [ app_begin ] --END-- [ RunTime:0.002808s ]

[ 2016-08-01T10:16:18+08:00 ] 172.16.110.0 /admin.php
INFO: [ app_init ] --START--
INFO: Run Behavior\BuildLiteBehavior [ RunTime:0.000053s ]
INFO: [ app_init ] --END-- [ RunTime:0.005278s ]
INFO: [ app_begin ] --START--
INFO: Run Behavior\ReadHtmlCacheBehavior [ RunTime:0.006937s ]
INFO: [ app_begin ] --END-- [ RunTime:0.007184s ]
NOTIC: [2048] Declaration of Common\Model\NewsModel::select() should be compatible with Think\Model::select($options = Array) /data/webroot/Application/Common/Model/NewsModel.class.php 第 8 行.
NOTIC: [2048] Declaration of Common\Model\NewsModel::find() should be compatible with Think\Model::find($options = Array) /data/webroot/Application/Common/Model/NewsModel.class.php 第 8 行.
SQL: SHOW COLUMNS FROM `cms_news` [ RunTime:0.0093s ]
SQL: SELECT * FROM `cms_news` WHERE `status` = 1 ORDER BY count desc LIMIT 1   [ RunTime:0.0010s ]
SQL: SELECT COUNT(*) AS tp_count FROM `cms_news` WHERE `status` = 1 LIMIT 1   [ RunTime:0.0006s ]
SQL: SHOW COLUMNS FROM `cms_position` [ RunTime:0.0313s ]
ERR: Think\Model:getCount方法不存在！

[ 2016-08-01T10:21:47+08:00 ] 172.16.110.0 /admin.php
INFO: [ app_init ] --START--
INFO: Run Behavior\BuildLiteBehavior [ RunTime:0.000062s ]
INFO: [ app_init ] --END-- [ RunTime:0.003918s ]
INFO: [ app_begin ] --START--
INFO: Run Behavior\ReadHtmlCacheBehavior [ RunTime:0.004468s ]
INFO: [ app_begin ] --END-- [ RunTime:0.004684s ]
NOTIC: [2048] Declaration of Common\Model\NewsModel::select() should be compatible with Think\Model::select($options = Array) /data/webroot/Application/Common/Model/NewsModel.class.php 第 8 行.
NOTIC: [2048] Declaration of Common\Model\NewsModel::find() should be compatible with Think\Model::find($options = Array) /data/webroot/Application/Common/Model/NewsModel.class.php 第 8 行.
SQL: SHOW COLUMNS FROM `cms_news` [ RunTime:0.0094s ]
SQL: SELECT * FROM `cms_news` WHERE `status` = 1 ORDER BY count desc LIMIT 1   [ RunTime:0.0012s ]
SQL: SELECT COUNT(*) AS tp_count FROM `cms_news` WHERE `status` = 1 LIMIT 1   [ RunTime:0.0006s ]
SQL: SHOW COLUMNS FROM `cms_position` [ RunTime:0.0070s ]
SQL: SELECT COUNT(*) AS tp_count FROM `cms_position` WHERE `status` = 1 LIMIT 1   [ RunTime:0.2410s ]
SQL: SHOW COLUMNS FROM `cms_admin` [ RunTime:0.0070s ]
ERR: Think\Model:getLastLoginUsers方法不存在！

[ 2016-08-01T10:25:23+08:00 ] 172.16.110.0 /admin.php
INFO: [ app_init ] --START--
INFO: Run Behavior\BuildLiteBehavior [ RunTime:0.000034s ]
INFO: [ app_init ] --END-- [ RunTime:0.002814s ]
INFO: [ app_begin ] --START--
INFO: Run Behavior\ReadHtmlCacheBehavior [ RunTime:0.003156s ]
INFO: [ app_begin ] --END-- [ RunTime:0.003287s ]
NOTIC: [2048] Declaration of Common\Model\NewsModel::select() should be compatible with Think\Model::select($options = Array) /data/webroot/Application/Common/Model/NewsModel.class.php 第 8 行.
NOTIC: [2048] Declaration of Common\Model\NewsModel::find() should be compatible with Think\Model::find($options = Array) /data/webroot/Application/Common/Model/NewsModel.class.php 第 8 行.
SQL: SHOW COLUMNS FROM `cms_news` [ RunTime:0.0038s ]
SQL: SELECT * FROM `cms_news` WHERE `status` = 1 ORDER BY count desc LIMIT 1   [ RunTime:0.0007s ]
SQL: SELECT COUNT(*) AS tp_count FROM `cms_news` WHERE `status` = 1 LIMIT 1   [ RunTime:0.0003s ]
SQL: SHOW COLUMNS FROM `cms_position` [ RunTime:0.0046s ]
SQL: SELECT COUNT(*) AS tp_count FROM `cms_position` WHERE `status` = 1 LIMIT 1   [ RunTime:0.0003s ]
SQL: SHOW COLUMNS FROM `cms_admin` [ RunTime:0.0074s ]
ERR: Think\Model:getLastLoginUsers方法不存在！

[ 2016-08-01T10:25:57+08:00 ] 172.16.110.0 /admin.php
INFO: [ app_init ] --START--
INFO: Run Behavior\BuildLiteBehavior [ RunTime:0.000017s ]
INFO: [ app_init ] --END-- [ RunTime:0.001524s ]
INFO: [ app_begin ] --START--
INFO: Run Behavior\ReadHtmlCacheBehavior [ RunTime:0.002093s ]
INFO: [ app_begin ] --END-- [ RunTime:0.002156s ]
NOTIC: [2048] Declaration of Common\Model\NewsModel::select() should be compatible with Think\Model::select($options = Array) /data/webroot/Application/Common/Model/NewsModel.class.php 第 8 行.
NOTIC: [2048] Declaration of Common\Model\NewsModel::find() should be compatible with Think\Model::find($options = Array) /data/webroot/Application/Common/Model/NewsModel.class.php 第 8 行.
SQL: SHOW COLUMNS FROM `cms_news` [ RunTime:0.0062s ]
SQL: SELECT * FROM `cms_news` WHERE `status` = 1 ORDER BY count desc LIMIT 1   [ RunTime:0.0004s ]
SQL: SELECT COUNT(*) AS tp_count FROM `cms_news` WHERE `status` = 1 LIMIT 1   [ RunTime:0.0002s ]
SQL: SHOW COLUMNS FROM `cms_position` [ RunTime:0.0038s ]
SQL: SELECT COUNT(*) AS tp_count FROM `cms_position` WHERE `status` = 1 LIMIT 1   [ RunTime:0.0002s ]
SQL: SHOW COLUMNS FROM `cms_admin` [ RunTime:0.0091s ]
SQL: SELECT COUNT(*) AS tp_count FROM `cms_admin` WHERE `status` = 1 AND `lastlogintime` > 1469980800 LIMIT 1   [ RunTime:0.0009s ]

[ 2016-08-01T10:27:32+08:00 ] 172.16.110.0 /admin.php
INFO: [ app_init ] --START--
INFO: Run Behavior\BuildLiteBehavior [ RunTime:0.000027s ]
INFO: [ app_init ] --END-- [ RunTime:0.002783s ]
INFO: [ app_begin ] --START--
INFO: Run Behavior\ReadHtmlCacheBehavior [ RunTime:0.003297s ]
INFO: [ app_begin ] --END-- [ RunTime:0.003451s ]
NOTIC: [2048] Declaration of Common\Model\NewsModel::select() should be compatible with Think\Model::select($options = Array) /data/webroot/Application/Common/Model/NewsModel.class.php 第 8 行.
NOTIC: [2048] Declaration of Common\Model\NewsModel::find() should be compatible with Think\Model::find($options = Array) /data/webroot/Application/Common/Model/NewsModel.class.php 第 8 行.
SQL: SHOW COLUMNS FROM `cms_news` [ RunTime:0.0026s ]
SQL: SELECT * FROM `cms_news` WHERE `status` = 1 ORDER BY count desc LIMIT 1   [ RunTime:0.0008s ]
SQL: SELECT COUNT(*) AS tp_count FROM `cms_news` WHERE `status` = 1 LIMIT 1   [ RunTime:0.0004s ]
SQL: SHOW COLUMNS FROM `cms_position` [ RunTime:0.0065s ]
SQL: SELECT COUNT(*) AS tp_count FROM `cms_position` WHERE `status` = 1 LIMIT 1   [ RunTime:0.0005s ]
SQL: SHOW COLUMNS FROM `cms_admin` [ RunTime:0.0075s ]
ERR: Think\Model:getLastLoginUsers方法不存在！

[ 2016-08-01T10:29:26+08:00 ] 172.16.110.0 /admin.php
INFO: [ app_init ] --START--
INFO: Run Behavior\BuildLiteBehavior [ RunTime:0.000027s ]
INFO: [ app_init ] --END-- [ RunTime:0.002973s ]
INFO: [ app_begin ] --START--
INFO: Run Behavior\ReadHtmlCacheBehavior [ RunTime:0.003765s ]
INFO: [ app_begin ] --END-- [ RunTime:0.003858s ]
NOTIC: [2048] Declaration of Common\Model\NewsModel::select() should be compatible with Think\Model::select($options = Array) /data/webroot/Application/Common/Model/NewsModel.class.php 第 8 行.
NOTIC: [2048] Declaration of Common\Model\NewsModel::find() should be compatible with Think\Model::find($options = Array) /data/webroot/Application/Common/Model/NewsModel.class.php 第 8 行.
SQL: SHOW COLUMNS FROM `cms_news` [ RunTime:0.0025s ]
SQL: SELECT * FROM `cms_news` WHERE `status` = 1 ORDER BY count desc LIMIT 1   [ RunTime:0.0009s ]
SQL: SELECT COUNT(*) AS tp_count FROM `cms_news` WHERE `status` = 1 LIMIT 1   [ RunTime:0.0005s ]
SQL: SHOW COLUMNS FROM `cms_position` [ RunTime:0.0071s ]
SQL: SELECT COUNT(*) AS tp_count FROM `cms_position` WHERE `status` = 1 LIMIT 1   [ RunTime:0.0005s ]

[ 2016-08-01T10:31:39+08:00 ] 172.16.110.0 /admin.php
INFO: [ app_init ] --START--
INFO: Run Behavior\BuildLiteBehavior [ RunTime:0.000015s ]
INFO: [ app_init ] --END-- [ RunTime:0.001845s ]
INFO: [ app_begin ] --START--
INFO: Run Behavior\ReadHtmlCacheBehavior [ RunTime:0.002204s ]
INFO: [ app_begin ] --END-- [ RunTime:0.002249s ]
NOTIC: [2048] Declaration of Common\Model\NewsModel::select() should be compatible with Think\Model::select($options = Array) /data/webroot/Application/Common/Model/NewsModel.class.php 第 8 行.
NOTIC: [2048] Declaration of Common\Model\NewsModel::find() should be compatible with Think\Model::find($options = Array) /data/webroot/Application/Common/Model/NewsModel.class.php 第 8 行.
SQL: SHOW COLUMNS FROM `cms_news` [ RunTime:0.0046s ]
SQL: SELECT * FROM `cms_news` WHERE `status` = 1 ORDER BY count desc LIMIT 1   [ RunTime:0.0005s ]
SQL: SELECT COUNT(*) AS tp_count FROM `cms_news` WHERE `status` = 1 LIMIT 1   [ RunTime:0.0002s ]
SQL: SHOW COLUMNS FROM `cms_position` [ RunTime:0.0036s ]
SQL: SELECT COUNT(*) AS tp_count FROM `cms_position` WHERE `status` = 1 LIMIT 1   [ RunTime:0.0003s ]
SQL: SHOW COLUMNS FROM `cms_admin` [ RunTime:0.0094s ]
ERR: 1054:Unknown column 'last' in 'where clause'
 [ SQL语句 ] : SELECT COUNT(*) AS tp_count FROM `cms_admin` WHERE `status` = 1 AND (  last ) LIMIT 1  
ERR: 1054:Unknown column 'last' in 'where clause'
 [ SQL语句 ] : SELECT COUNT(*) AS tp_count FROM `cms_admin` WHERE `status` = 1 AND (  last ) LIMIT 1  

[ 2016-08-01T10:32:31+08:00 ] 172.16.110.0 /admin.php
INFO: [ app_init ] --START--
INFO: Run Behavior\BuildLiteBehavior [ RunTime:0.000047s ]
INFO: [ app_init ] --END-- [ RunTime:0.005539s ]
INFO: [ app_begin ] --START--
INFO: Run Behavior\ReadHtmlCacheBehavior [ RunTime:0.004812s ]
INFO: [ app_begin ] --END-- [ RunTime:0.004934s ]
NOTIC: [2048] Declaration of Common\Model\NewsModel::select() should be compatible with Think\Model::select($options = Array) /data/webroot/Application/Common/Model/NewsModel.class.php 第 8 行.
NOTIC: [2048] Declaration of Common\Model\NewsModel::find() should be compatible with Think\Model::find($options = Array) /data/webroot/Application/Common/Model/NewsModel.class.php 第 8 行.
SQL: SHOW COLUMNS FROM `cms_news` [ RunTime:0.0063s ]
SQL: SELECT * FROM `cms_news` WHERE `status` = 1 ORDER BY count desc LIMIT 1   [ RunTime:0.0008s ]
SQL: SELECT COUNT(*) AS tp_count FROM `cms_news` WHERE `status` = 1 LIMIT 1   [ RunTime:0.0004s ]
SQL: SHOW COLUMNS FROM `cms_position` [ RunTime:0.0058s ]
SQL: SELECT COUNT(*) AS tp_count FROM `cms_position` WHERE `status` = 1 LIMIT 1   [ RunTime:0.0005s ]
SQL: SHOW COLUMNS FROM `cms_admin` [ RunTime:0.0019s ]
SQL: SELECT COUNT(*) AS tp_count FROM `cms_admin` WHERE `status` = 1 AND `lastlogintime` > 1469980800 LIMIT 1   [ RunTime:0.0012s ]
NOTIC: [2] Illegal string offset 'tp_count' /data/webroot/Application/Common/Model/AdminModel.class.php 第 63 行.
INFO: [ view_parse ] --START--
INFO: [ template_filter ] --START--
INFO: Run Behavior\ContentReplaceBehavior [ RunTime:0.000173s ]
INFO: [ template_filter ] --END-- [ RunTime:0.000273s ]
NOTIC: [2048] Declaration of Common\Model\MenuModel::find() should be compatible with Think\Model::find($options = Array) /data/webroot/Application/Common/Model/MenuModel.class.php 第 88 行.
SQL: SHOW COLUMNS FROM `cms_menu` [ RunTime:0.0057s ]
SQL: SELECT * FROM `cms_menu` WHERE `status` <> -1 AND `type` = 1 ORDER BY listorder desc,menu_id desc  [ RunTime:0.0007s ]
NOTIC: [8] Undefined index: a /data/webroot/Application/Common/Common/function.php 第 33 行.
NOTIC: [8] Undefined index: a /data/webroot/Application/Common/Common/function.php 第 33 行.
NOTIC: [8] Undefined index: a /data/webroot/Application/Common/Common/function.php 第 33 行.
NOTIC: [8] Undefined index: a /data/webroot/Application/Common/Common/function.php 第 33 行.
NOTIC: [8] Undefined index: a /data/webroot/Application/Common/Common/function.php 第 33 行.
NOTIC: [8] Array to string conversion /data/webroot/Application/Runtime/Cache/Admin/b595b808c2ebeeeb0478ffc30bb4e87a.php 第 161 行.
INFO: Run Behavior\ParseTemplateBehavior [ RunTime:0.080994s ]
INFO: [ view_parse ] --END-- [ RunTime:0.081083s ]
INFO: [ view_filter ] --START--
INFO: Run Behavior\WriteHtmlCacheBehavior [ RunTime:0.002942s ]
INFO: [ view_filter ] --END-- [ RunTime:0.003026s ]
INFO: [ app_end ] --START--
INFO: Run Behavior\ShowPageTraceBehavior [ RunTime:0.003654s ]
INFO: [ app_end ] --END-- [ RunTime:0.003749s ]

[ 2016-08-01T10:34:16+08:00 ] 172.16.110.0 /admin.php
INFO: [ app_init ] --START--
INFO: Run Behavior\BuildLiteBehavior [ RunTime:0.000032s ]
INFO: [ app_init ] --END-- [ RunTime:0.003267s ]
INFO: [ app_begin ] --START--
INFO: Run Behavior\ReadHtmlCacheBehavior [ RunTime:0.003255s ]
INFO: [ app_begin ] --END-- [ RunTime:0.003374s ]
NOTIC: [2048] Declaration of Common\Model\NewsModel::select() should be compatible with Think\Model::select($options = Array) /data/webroot/Application/Common/Model/NewsModel.class.php 第 8 行.
NOTIC: [2048] Declaration of Common\Model\NewsModel::find() should be compatible with Think\Model::find($options = Array) /data/webroot/Application/Common/Model/NewsModel.class.php 第 8 行.
SQL: SHOW COLUMNS FROM `cms_news` [ RunTime:0.0087s ]
SQL: SELECT * FROM `cms_news` WHERE `status` = 1 ORDER BY count desc LIMIT 1   [ RunTime:0.0008s ]
SQL: SELECT COUNT(*) AS tp_count FROM `cms_news` WHERE `status` = 1 LIMIT 1   [ RunTime:0.0006s ]
SQL: SHOW COLUMNS FROM `cms_position` [ RunTime:0.0059s ]
SQL: SELECT COUNT(*) AS tp_count FROM `cms_position` WHERE `status` = 1 LIMIT 1   [ RunTime:0.0006s ]
SQL: SHOW COLUMNS FROM `cms_admin` [ RunTime:0.0071s ]
SQL: SELECT COUNT(*) AS tp_count FROM `cms_admin` WHERE `status` = 1 AND `lastlogintime` > 1469980800 LIMIT 1   [ RunTime:0.0005s ]
NOTIC: [2] Illegal string offset 'tp_count' /data/webroot/Application/Common/Model/AdminModel.class.php 第 63 行.
INFO: [ view_parse ] --START--
INFO: [ template_filter ] --START--
INFO: Run Behavior\ContentReplaceBehavior [ RunTime:0.000086s ]
INFO: [ template_filter ] --END-- [ RunTime:0.000173s ]
NOTIC: [2048] Declaration of Common\Model\MenuModel::find() should be compatible with Think\Model::find($options = Array) /data/webroot/Application/Common/Model/MenuModel.class.php 第 88 行.
SQL: SHOW COLUMNS FROM `cms_menu` [ RunTime:0.0028s ]
SQL: SELECT * FROM `cms_menu` WHERE `status` <> -1 AND `type` = 1 ORDER BY listorder desc,menu_id desc  [ RunTime:0.0017s ]
NOTIC: [8] Undefined index: a /data/webroot/Application/Common/Common/function.php 第 33 行.
NOTIC: [8] Undefined index: a /data/webroot/Application/Common/Common/function.php 第 33 行.
NOTIC: [8] Undefined index: a /data/webroot/Application/Common/Common/function.php 第 33 行.
NOTIC: [8] Undefined index: a /data/webroot/Application/Common/Common/function.php 第 33 行.
NOTIC: [8] Undefined index: a /data/webroot/Application/Common/Common/function.php 第 33 行.
NOTIC: [8] Array to string conversion /data/webroot/Application/Runtime/Cache/Admin/b595b808c2ebeeeb0478ffc30bb4e87a.php 第 161 行.
INFO: Run Behavior\ParseTemplateBehavior [ RunTime:0.605693s ]
INFO: [ view_parse ] --END-- [ RunTime:0.605799s ]
INFO: [ view_filter ] --START--
INFO: Run Behavior\WriteHtmlCacheBehavior [ RunTime:0.004099s ]
INFO: [ view_filter ] --END-- [ RunTime:0.004186s ]
INFO: [ app_end ] --START--
INFO: Run Behavior\ShowPageTraceBehavior [ RunTime:0.005915s ]
INFO: [ app_end ] --END-- [ RunTime:0.006057s ]

