[ 2016-08-02T08:14:16+08:00 ] 172.16.190.0 /admin.php
INFO: [ app_init ] --START--
INFO: Run Behavior\BuildLiteBehavior [ RunTime:0.000064s ]
INFO: [ app_init ] --END-- [ RunTime:1.259469s ]
INFO: [ app_begin ] --START--
INFO: Run Behavior\ReadHtmlCacheBehavior [ RunTime:0.008136s ]
INFO: [ app_begin ] --END-- [ RunTime:0.008304s ]
NOTIC: [8] Undefined variable: module /data/webroot/ThinkPHP/Common/functions.php 第 990 行.
NOTIC: [8] Undefined variable: var /data/webroot/ThinkPHP/Common/functions.php 第 990 行.
NOTIC: [2] array_reverse() expects parameter 1 to be array, null given /data/webroot/ThinkPHP/Common/functions.php 第 990 行.
NOTIC: [2] http_build_query(): Parameter 1 expected to be Array or Object.  Incorrect value given /data/webroot/ThinkPHP/Common/functions.php 第 990 行.

[ 2016-08-02T08:14:21+08:00 ] 172.16.190.0 /admin.php?m=&&c=login
INFO: [ app_init ] --START--
INFO: Run Behavior\BuildLiteBehavior [ RunTime:0.000033s ]
INFO: [ app_init ] --END-- [ RunTime:0.004988s ]
INFO: [ app_begin ] --START--
INFO: Run Behavior\ReadHtmlCacheBehavior [ RunTime:0.011964s ]
INFO: [ app_begin ] --END-- [ RunTime:0.012130s ]

[ 2016-08-02T08:21:56+08:00 ] 172.16.190.0 /admin.php?m=&&c=login
INFO: [ app_init ] --START--
INFO: Run Behavior\BuildLiteBehavior [ RunTime:0.000033s ]
INFO: [ app_init ] --END-- [ RunTime:0.016400s ]
INFO: [ app_begin ] --START--
INFO: Run Behavior\ReadHtmlCacheBehavior [ RunTime:0.006125s ]
INFO: [ app_begin ] --END-- [ RunTime:0.006265s ]
INFO: [ view_parse ] --START--
INFO: [ template_filter ] --START--
INFO: Run Behavior\ContentReplaceBehavior [ RunTime:0.000094s ]
INFO: [ template_filter ] --END-- [ RunTime:0.000307s ]
INFO: Run Behavior\ParseTemplateBehavior [ RunTime:0.108826s ]
INFO: [ view_parse ] --END-- [ RunTime:0.108981s ]
INFO: [ view_filter ] --START--
INFO: Run Behavior\WriteHtmlCacheBehavior [ RunTime:0.033763s ]
INFO: [ view_filter ] --END-- [ RunTime:0.033866s ]
INFO: [ app_end ] --START--
INFO: Run Behavior\ShowPageTraceBehavior [ RunTime:0.016664s ]
INFO: [ app_end ] --END-- [ RunTime:0.016802s ]

[ 2016-08-02T08:21:58+08:00 ] 172.16.190.0 /admin.php?c=login&a=check
INFO: [ app_init ] --START--
INFO: Run Behavior\BuildLiteBehavior [ RunTime:0.000049s ]
INFO: [ app_init ] --END-- [ RunTime:0.005655s ]
INFO: [ app_begin ] --START--
INFO: Run Behavior\ReadHtmlCacheBehavior [ RunTime:0.008128s ]
INFO: [ app_begin ] --END-- [ RunTime:0.008226s ]
SQL: SHOW COLUMNS FROM `cms_admin` [ RunTime:0.0363s ]
SQL: SELECT * FROM `cms_admin` WHERE ( username="admin" ) LIMIT 1   [ RunTime:0.0135s ]
SQL: UPDATE `cms_admin` SET `username`='admin',`password`='admin' WHERE ( admin_id=1 ) [ RunTime:0.0060s ]

[ 2016-08-02T08:21:58+08:00 ] 172.16.190.0 /admin.php?m=&&c=login
INFO: [ app_init ] --START--
INFO: Run Behavior\BuildLiteBehavior [ RunTime:0.000031s ]
INFO: [ app_init ] --END-- [ RunTime:0.006398s ]
INFO: [ app_begin ] --START--
INFO: Run Behavior\ReadHtmlCacheBehavior [ RunTime:0.008680s ]
INFO: [ app_begin ] --END-- [ RunTime:0.008977s ]
NOTIC: [8] Undefined variable: module /data/webroot/ThinkPHP/Common/functions.php 第 990 行.
NOTIC: [8] Undefined variable: var /data/webroot/ThinkPHP/Common/functions.php 第 990 行.
NOTIC: [2] array_reverse() expects parameter 1 to be array, null given /data/webroot/ThinkPHP/Common/functions.php 第 990 行.
NOTIC: [2] http_build_query(): Parameter 1 expected to be Array or Object.  Incorrect value given /data/webroot/ThinkPHP/Common/functions.php 第 990 行.

[ 2016-08-02T08:22:01+08:00 ] 172.16.190.0 /admin.php?m=&&c=index
INFO: [ app_init ] --START--
INFO: Run Behavior\BuildLiteBehavior [ RunTime:0.000042s ]
INFO: [ app_init ] --END-- [ RunTime:0.008934s ]
INFO: [ app_begin ] --START--
INFO: Run Behavior\ReadHtmlCacheBehavior [ RunTime:0.014381s ]
INFO: [ app_begin ] --END-- [ RunTime:0.014600s ]
NOTIC: [2048] Declaration of Common\Model\NewsModel::select() should be compatible with Think\Model::select($options = Array) /data/webroot/Application/Common/Model/NewsModel.class.php 第 8 行.
NOTIC: [2048] Declaration of Common\Model\NewsModel::find() should be compatible with Think\Model::find($options = Array) /data/webroot/Application/Common/Model/NewsModel.class.php 第 8 行.
SQL: SHOW COLUMNS FROM `cms_news` [ RunTime:0.0075s ]
SQL: SELECT * FROM `cms_news` WHERE `status` = 1 ORDER BY count desc LIMIT 1   [ RunTime:0.0162s ]
SQL: SELECT COUNT(*) AS tp_count FROM `cms_news` WHERE `status` = 1 LIMIT 1   [ RunTime:0.0005s ]
SQL: SHOW COLUMNS FROM `cms_position` [ RunTime:0.0430s ]
SQL: SELECT COUNT(*) AS tp_count FROM `cms_position` WHERE `status` = 1 LIMIT 1   [ RunTime:0.0026s ]
SQL: SHOW COLUMNS FROM `cms_admin` [ RunTime:0.0062s ]
SQL: SELECT COUNT(*) AS tp_count FROM `cms_admin` WHERE `status` = 1 AND `lastlogintime` > 1470067200 LIMIT 1   [ RunTime:0.0012s ]
NOTIC: [2] Illegal string offset 'tp_count' /data/webroot/Application/Common/Model/AdminModel.class.php 第 63 行.
INFO: [ view_parse ] --START--
INFO: [ template_filter ] --START--
INFO: Run Behavior\ContentReplaceBehavior [ RunTime:0.000148s ]
INFO: [ template_filter ] --END-- [ RunTime:0.000253s ]
NOTIC: [2048] Declaration of Common\Model\MenuModel::find() should be compatible with Think\Model::find($options = Array) /data/webroot/Application/Common/Model/MenuModel.class.php 第 88 行.
SQL: SHOW COLUMNS FROM `cms_menu` [ RunTime:0.0075s ]
SQL: SELECT * FROM `cms_menu` WHERE `status` <> -1 AND `type` = 1 ORDER BY listorder desc,menu_id desc  [ RunTime:0.0054s ]
NOTIC: [8] Undefined index: a /data/webroot/Application/Common/Common/function.php 第 33 行.
NOTIC: [8] Undefined index: a /data/webroot/Application/Common/Common/function.php 第 33 行.
NOTIC: [8] Undefined index: a /data/webroot/Application/Common/Common/function.php 第 33 行.
NOTIC: [8] Undefined index: a /data/webroot/Application/Common/Common/function.php 第 33 行.
NOTIC: [8] Undefined index: a /data/webroot/Application/Common/Common/function.php 第 33 行.
INFO: Run Behavior\ParseTemplateBehavior [ RunTime:0.180225s ]
INFO: [ view_parse ] --END-- [ RunTime:0.180362s ]
INFO: [ view_filter ] --START--
INFO: Run Behavior\WriteHtmlCacheBehavior [ RunTime:0.009584s ]
INFO: [ view_filter ] --END-- [ RunTime:0.009665s ]
INFO: [ app_end ] --START--
INFO: Run Behavior\ShowPageTraceBehavior [ RunTime:0.017727s ]
INFO: [ app_end ] --END-- [ RunTime:0.017924s ]

[ 2016-08-02T08:22:04+08:00 ] 172.16.190.0 /admin.php?c=index
INFO: [ app_init ] --START--
INFO: Run Behavior\BuildLiteBehavior [ RunTime:0.000035s ]
INFO: [ app_init ] --END-- [ RunTime:0.005216s ]
INFO: [ app_begin ] --START--
INFO: Run Behavior\ReadHtmlCacheBehavior [ RunTime:0.007984s ]
INFO: [ app_begin ] --END-- [ RunTime:0.008088s ]
NOTIC: [2048] Declaration of Common\Model\NewsModel::select() should be compatible with Think\Model::select($options = Array) /data/webroot/Application/Common/Model/NewsModel.class.php 第 8 行.
NOTIC: [2048] Declaration of Common\Model\NewsModel::find() should be compatible with Think\Model::find($options = Array) /data/webroot/Application/Common/Model/NewsModel.class.php 第 8 行.
SQL: SHOW COLUMNS FROM `cms_news` [ RunTime:0.0077s ]
SQL: SELECT * FROM `cms_news` WHERE `status` = 1 ORDER BY count desc LIMIT 1   [ RunTime:0.0022s ]
SQL: SELECT COUNT(*) AS tp_count FROM `cms_news` WHERE `status` = 1 LIMIT 1   [ RunTime:0.0006s ]
SQL: SHOW COLUMNS FROM `cms_position` [ RunTime:0.0063s ]
SQL: SELECT COUNT(*) AS tp_count FROM `cms_position` WHERE `status` = 1 LIMIT 1   [ RunTime:0.0020s ]
SQL: SHOW COLUMNS FROM `cms_admin` [ RunTime:0.0078s ]
SQL: SELECT COUNT(*) AS tp_count FROM `cms_admin` WHERE `status` = 1 AND `lastlogintime` > 1470067200 LIMIT 1   [ RunTime:0.0018s ]
NOTIC: [2] Illegal string offset 'tp_count' /data/webroot/Application/Common/Model/AdminModel.class.php 第 63 行.
INFO: [ view_parse ] --START--
INFO: [ template_filter ] --START--
INFO: Run Behavior\ContentReplaceBehavior [ RunTime:0.000131s ]
INFO: [ template_filter ] --END-- [ RunTime:0.000323s ]
NOTIC: [2048] Declaration of Common\Model\MenuModel::find() should be compatible with Think\Model::find($options = Array) /data/webroot/Application/Common/Model/MenuModel.class.php 第 88 行.
SQL: SHOW COLUMNS FROM `cms_menu` [ RunTime:0.0090s ]
SQL: SELECT * FROM `cms_menu` WHERE `status` <> -1 AND `type` = 1 ORDER BY listorder desc,menu_id desc  [ RunTime:0.0030s ]
NOTIC: [8] Undefined index: a /data/webroot/Application/Common/Common/function.php 第 33 行.
NOTIC: [8] Undefined index: a /data/webroot/Application/Common/Common/function.php 第 33 行.
NOTIC: [8] Undefined index: a /data/webroot/Application/Common/Common/function.php 第 33 行.
NOTIC: [8] Undefined index: a /data/webroot/Application/Common/Common/function.php 第 33 行.
NOTIC: [8] Undefined index: a /data/webroot/Application/Common/Common/function.php 第 33 行.
INFO: Run Behavior\ParseTemplateBehavior [ RunTime:2.415370s ]
INFO: [ view_parse ] --END-- [ RunTime:2.415481s ]
INFO: [ view_filter ] --START--
INFO: Run Behavior\WriteHtmlCacheBehavior [ RunTime:0.017519s ]
INFO: [ view_filter ] --END-- [ RunTime:0.017640s ]
INFO: [ app_end ] --START--
INFO: Run Behavior\ShowPageTraceBehavior [ RunTime:0.008271s ]
INFO: [ app_end ] --END-- [ RunTime:0.008421s ]

[ 2016-08-02T08:24:07+08:00 ] 172.16.190.0 /admin.php?c=content&a=index
INFO: [ app_init ] --START--
INFO: Run Behavior\BuildLiteBehavior [ RunTime:0.000032s ]
INFO: [ app_init ] --END-- [ RunTime:0.006162s ]
INFO: [ app_begin ] --START--
INFO: Run Behavior\ReadHtmlCacheBehavior [ RunTime:0.007310s ]
INFO: [ app_begin ] --END-- [ RunTime:0.007419s ]
NOTIC: [2048] Declaration of Admin\Controller\ContentController::setStatus() should be compatible with Admin\Controller\CommonController::setStatus($data, $model) /data/webroot/Application/Admin/Controller/ContentController.class.php 第 9 行.
NOTIC: [2048] Declaration of Admin\Controller\ContentController::listorder() should be compatible with Admin\Controller\CommonController::listorder($model) /data/webroot/Application/Admin/Controller/ContentController.class.php 第 9 行.
NOTIC: [8] Undefined index: title /data/webroot/Application/Admin/Controller/ContentController.class.php 第 13 行.
NOTIC: [8] Undefined index: catid /data/webroot/Application/Admin/Controller/ContentController.class.php 第 18 行.
NOTIC: [8] Undefined index: p /data/webroot/Application/Admin/Controller/ContentController.class.php 第 23 行.
NOTIC: [2048] Declaration of Common\Model\NewsModel::select() should be compatible with Think\Model::select($options = Array) /data/webroot/Application/Common/Model/NewsModel.class.php 第 8 行.
NOTIC: [2048] Declaration of Common\Model\NewsModel::find() should be compatible with Think\Model::find($options = Array) /data/webroot/Application/Common/Model/NewsModel.class.php 第 8 行.
SQL: SHOW COLUMNS FROM `cms_news` [ RunTime:0.0079s ]
SQL: SELECT * FROM `cms_news` ORDER BY listorder desc, news_id desc LIMIT 0,6   [ RunTime:0.0025s ]
SQL: SELECT COUNT(*) AS tp_count FROM `cms_news` LIMIT 1   [ RunTime:0.0004s ]
SQL: SHOW COLUMNS FROM `cms_position` [ RunTime:0.0075s ]
SQL: SELECT * FROM `cms_position` WHERE `status` = 1 ORDER BY id  [ RunTime:0.0064s ]
NOTIC: [2048] Declaration of Common\Model\MenuModel::find() should be compatible with Think\Model::find($options = Array) /data/webroot/Application/Common/Model/MenuModel.class.php 第 88 行.
SQL: SHOW COLUMNS FROM `cms_menu` [ RunTime:0.0095s ]
SQL: SELECT * FROM `cms_menu` WHERE `status` = 1 AND `type` = 0 ORDER BY listorder desc,menu_id desc  [ RunTime:0.0135s ]
INFO: [ view_parse ] --START--
INFO: [ template_filter ] --START--
INFO: Run Behavior\ContentReplaceBehavior [ RunTime:0.000123s ]
INFO: [ template_filter ] --END-- [ RunTime:0.000263s ]
SQL: SELECT * FROM `cms_menu` WHERE `status` <> -1 AND `type` = 1 ORDER BY listorder desc,menu_id desc  [ RunTime:0.0020s ]
NOTIC: [8] Undefined index: a /data/webroot/Application/Common/Common/function.php 第 33 行.
NOTIC: [8] Undefined index: a /data/webroot/Application/Common/Common/function.php 第 33 行.
NOTIC: [8] Undefined index: a /data/webroot/Application/Common/Common/function.php 第 33 行.
NOTIC: [8] Undefined index: a /data/webroot/Application/Common/Common/function.php 第 33 行.
NOTIC: [8] Undefined index: a /data/webroot/Application/Common/Common/function.php 第 33 行.
NOTIC: [8] Undefined variable: catid /data/webroot/Application/Runtime/Cache/Admin/ccc9ced3ad798311a07cb47b740981c5.php 第 115 行.
NOTIC: [8] Undefined variable: catid /data/webroot/Application/Runtime/Cache/Admin/ccc9ced3ad798311a07cb47b740981c5.php 第 115 行.
NOTIC: [8] Undefined variable: catid /data/webroot/Application/Runtime/Cache/Admin/ccc9ced3ad798311a07cb47b740981c5.php 第 115 行.
INFO: Run Behavior\ParseTemplateBehavior [ RunTime:0.145831s ]
INFO: [ view_parse ] --END-- [ RunTime:0.146099s ]
INFO: [ view_filter ] --START--
INFO: Run Behavior\WriteHtmlCacheBehavior [ RunTime:0.006578s ]
INFO: [ view_filter ] --END-- [ RunTime:0.006693s ]
INFO: [ app_end ] --START--
INFO: Run Behavior\ShowPageTraceBehavior [ RunTime:1.844010s ]
INFO: [ app_end ] --END-- [ RunTime:1.844204s ]

[ 2016-08-02T08:24:16+08:00 ] 172.16.190.0 /admin.php
INFO: [ app_init ] --START--
INFO: Run Behavior\BuildLiteBehavior [ RunTime:0.000058s ]
INFO: [ app_init ] --END-- [ RunTime:0.005827s ]
INFO: [ app_begin ] --START--
INFO: Run Behavior\ReadHtmlCacheBehavior [ RunTime:0.009623s ]
INFO: [ app_begin ] --END-- [ RunTime:0.009844s ]
NOTIC: [2048] Declaration of Common\Model\NewsModel::select() should be compatible with Think\Model::select($options = Array) /data/webroot/Application/Common/Model/NewsModel.class.php 第 8 行.
NOTIC: [2048] Declaration of Common\Model\NewsModel::find() should be compatible with Think\Model::find($options = Array) /data/webroot/Application/Common/Model/NewsModel.class.php 第 8 行.
SQL: SHOW COLUMNS FROM `cms_news` [ RunTime:0.0103s ]
SQL: SELECT * FROM `cms_news` WHERE `status` = 1 ORDER BY count desc LIMIT 1   [ RunTime:0.0023s ]
SQL: SELECT COUNT(*) AS tp_count FROM `cms_news` WHERE `status` = 1 LIMIT 1   [ RunTime:0.0005s ]
SQL: SHOW COLUMNS FROM `cms_position` [ RunTime:0.0086s ]
SQL: SELECT COUNT(*) AS tp_count FROM `cms_position` WHERE `status` = 1 LIMIT 1   [ RunTime:0.0065s ]
SQL: SHOW COLUMNS FROM `cms_admin` [ RunTime:0.0101s ]
SQL: SELECT COUNT(*) AS tp_count FROM `cms_admin` WHERE `status` = 1 AND `lastlogintime` > 1470067200 LIMIT 1   [ RunTime:0.0011s ]
NOTIC: [2] Illegal string offset 'tp_count' /data/webroot/Application/Common/Model/AdminModel.class.php 第 63 行.
INFO: [ view_parse ] --START--
INFO: [ template_filter ] --START--
INFO: Run Behavior\ContentReplaceBehavior [ RunTime:0.000094s ]
INFO: [ template_filter ] --END-- [ RunTime:0.000208s ]
NOTIC: [2048] Declaration of Common\Model\MenuModel::find() should be compatible with Think\Model::find($options = Array) /data/webroot/Application/Common/Model/MenuModel.class.php 第 88 行.
SQL: SHOW COLUMNS FROM `cms_menu` [ RunTime:0.0069s ]
SQL: SELECT * FROM `cms_menu` WHERE `status` <> -1 AND `type` = 1 ORDER BY listorder desc,menu_id desc  [ RunTime:0.0029s ]
NOTIC: [8] Undefined index: a /data/webroot/Application/Common/Common/function.php 第 33 行.
NOTIC: [8] Undefined index: a /data/webroot/Application/Common/Common/function.php 第 33 行.
NOTIC: [8] Undefined index: a /data/webroot/Application/Common/Common/function.php 第 33 行.
NOTIC: [8] Undefined index: a /data/webroot/Application/Common/Common/function.php 第 33 行.
NOTIC: [8] Undefined index: a /data/webroot/Application/Common/Common/function.php 第 33 行.
INFO: Run Behavior\ParseTemplateBehavior [ RunTime:0.121300s ]
INFO: [ view_parse ] --END-- [ RunTime:0.121454s ]
INFO: [ view_filter ] --START--
INFO: Run Behavior\WriteHtmlCacheBehavior [ RunTime:0.006723s ]
INFO: [ view_filter ] --END-- [ RunTime:0.006818s ]
INFO: [ app_end ] --START--
INFO: Run Behavior\ShowPageTraceBehavior [ RunTime:0.011224s ]
INFO: [ app_end ] --END-- [ RunTime:0.011413s ]

[ 2016-08-02T08:26:47+08:00 ] 172.16.190.0 /admin.php
INFO: [ app_init ] --START--
INFO: Run Behavior\BuildLiteBehavior [ RunTime:0.000036s ]
INFO: [ app_init ] --END-- [ RunTime:0.006111s ]
INFO: [ app_begin ] --START--
INFO: Run Behavior\ReadHtmlCacheBehavior [ RunTime:0.011417s ]
INFO: [ app_begin ] --END-- [ RunTime:0.011777s ]
NOTIC: [2048] Declaration of Common\Model\NewsModel::select() should be compatible with Think\Model::select($options = Array) /data/webroot/Application/Common/Model/NewsModel.class.php 第 8 行.
NOTIC: [2048] Declaration of Common\Model\NewsModel::find() should be compatible with Think\Model::find($options = Array) /data/webroot/Application/Common/Model/NewsModel.class.php 第 8 行.
SQL: SHOW COLUMNS FROM `cms_news` [ RunTime:0.0097s ]
SQL: SELECT * FROM `cms_news` WHERE `status` = 1 ORDER BY count desc LIMIT 1   [ RunTime:0.0020s ]
SQL: SELECT COUNT(*) AS tp_count FROM `cms_news` WHERE `status` = 1 LIMIT 1   [ RunTime:0.0006s ]
SQL: SHOW COLUMNS FROM `cms_position` [ RunTime:0.0076s ]
SQL: SELECT COUNT(*) AS tp_count FROM `cms_position` WHERE `status` = 1 LIMIT 1   [ RunTime:0.0022s ]
SQL: SHOW COLUMNS FROM `cms_admin` [ RunTime:0.0073s ]
SQL: SELECT COUNT(*) AS tp_count FROM `cms_admin` WHERE `status` = 1 AND `lastlogintime` > 1470067200 LIMIT 1   [ RunTime:0.0013s ]
NOTIC: [2] Illegal string offset 'tp_count' /data/webroot/Application/Common/Model/AdminModel.class.php 第 63 行.
INFO: [ view_parse ] --START--
INFO: [ template_filter ] --START--
INFO: Run Behavior\ContentReplaceBehavior [ RunTime:0.000102s ]
INFO: [ template_filter ] --END-- [ RunTime:0.000192s ]
NOTIC: [2048] Declaration of Common\Model\MenuModel::find() should be compatible with Think\Model::find($options = Array) /data/webroot/Application/Common/Model/MenuModel.class.php 第 88 行.
SQL: SHOW COLUMNS FROM `cms_menu` [ RunTime:0.0103s ]
SQL: SELECT * FROM `cms_menu` WHERE `status` <> -1 AND `type` = 1 ORDER BY listorder desc,menu_id desc  [ RunTime:0.0026s ]
NOTIC: [8] Undefined index: a /data/webroot/Application/Common/Common/function.php 第 33 行.
NOTIC: [8] Undefined index: a /data/webroot/Application/Common/Common/function.php 第 33 行.
NOTIC: [8] Undefined index: a /data/webroot/Application/Common/Common/function.php 第 33 行.
NOTIC: [8] Undefined index: a /data/webroot/Application/Common/Common/function.php 第 33 行.
NOTIC: [8] Undefined index: a /data/webroot/Application/Common/Common/function.php 第 33 行.
INFO: Run Behavior\ParseTemplateBehavior [ RunTime:2.737093s ]
INFO: [ view_parse ] --END-- [ RunTime:2.737194s ]
INFO: [ view_filter ] --START--
INFO: Run Behavior\WriteHtmlCacheBehavior [ RunTime:0.016568s ]
INFO: [ view_filter ] --END-- [ RunTime:0.016681s ]
INFO: [ app_end ] --START--
INFO: Run Behavior\ShowPageTraceBehavior [ RunTime:0.008937s ]
INFO: [ app_end ] --END-- [ RunTime:0.009068s ]

[ 2016-08-02T08:27:03+08:00 ] 172.16.190.0 /admin.php?c=position
INFO: [ app_init ] --START--
INFO: Run Behavior\BuildLiteBehavior [ RunTime:0.000045s ]
INFO: [ app_init ] --END-- [ RunTime:0.005464s ]
INFO: [ app_begin ] --START--
INFO: Run Behavior\ReadHtmlCacheBehavior [ RunTime:0.007064s ]
INFO: [ app_begin ] --END-- [ RunTime:0.007291s ]
NOTIC: [2048] Declaration of Admin\Controller\PositionController::setStatus() should be compatible with Admin\Controller\CommonController::setStatus($data, $model) /data/webroot/Application/Admin/Controller/PositionController.class.php 第 6 行.
NOTIC: [2048] Declaration of Admin\Controller\PositionController::listorder() should be compatible with Admin\Controller\CommonController::listorder($model) /data/webroot/Application/Admin/Controller/PositionController.class.php 第 6 行.
NOTIC: [8] Undefined index: title /data/webroot/Application/Admin/Controller/PositionController.class.php 第 11 行.
NOTIC: [8] Undefined index: id /data/webroot/Application/Admin/Controller/PositionController.class.php 第 16 行.
NOTIC: [8] Undefined index: p /data/webroot/Application/Admin/Controller/PositionController.class.php 第 21 行.
SQL: SHOW COLUMNS FROM `cms_position` [ RunTime:0.0101s ]
SQL: SELECT * FROM `cms_position` ORDER BY id desc LIMIT 0,6   [ RunTime:0.0028s ]
SQL: SELECT COUNT(*) AS tp_count FROM `cms_position` LIMIT 1   [ RunTime:0.0007s ]
INFO: [ view_parse ] --START--
INFO: [ template_filter ] --START--
INFO: Run Behavior\ContentReplaceBehavior [ RunTime:0.000110s ]
INFO: [ template_filter ] --END-- [ RunTime:0.000268s ]
NOTIC: [2048] Declaration of Common\Model\MenuModel::find() should be compatible with Think\Model::find($options = Array) /data/webroot/Application/Common/Model/MenuModel.class.php 第 88 行.
SQL: SHOW COLUMNS FROM `cms_menu` [ RunTime:0.0079s ]
SQL: SELECT * FROM `cms_menu` WHERE `status` <> -1 AND `type` = 1 ORDER BY listorder desc,menu_id desc  [ RunTime:0.0036s ]
NOTIC: [8] Undefined index: a /data/webroot/Application/Common/Common/function.php 第 33 行.
NOTIC: [8] Undefined index: a /data/webroot/Application/Common/Common/function.php 第 33 行.
NOTIC: [8] Undefined index: a /data/webroot/Application/Common/Common/function.php 第 33 行.
NOTIC: [8] Undefined index: a /data/webroot/Application/Common/Common/function.php 第 33 行.
NOTIC: [8] Undefined index: a /data/webroot/Application/Common/Common/function.php 第 33 行.
NOTIC: [8] Undefined variable: contentTitle /data/webroot/Application/Runtime/Cache/Admin/3a437f75b5b60a521a3ad0fc93a5ab5f.php 第 122 行.
NOTIC: [8] Undefined variable: new /data/webroot/Application/Runtime/Cache/Admin/3a437f75b5b60a521a3ad0fc93a5ab5f.php 第 150 行.
NOTIC: [8] Undefined variable: new /data/webroot/Application/Runtime/Cache/Admin/3a437f75b5b60a521a3ad0fc93a5ab5f.php 第 150 行.
NOTIC: [8] Undefined variable: new /data/webroot/Application/Runtime/Cache/Admin/3a437f75b5b60a521a3ad0fc93a5ab5f.php 第 150 行.
NOTIC: [8] Undefined variable: new /data/webroot/Application/Runtime/Cache/Admin/3a437f75b5b60a521a3ad0fc93a5ab5f.php 第 150 行.
NOTIC: [8] Undefined variable: new /data/webroot/Application/Runtime/Cache/Admin/3a437f75b5b60a521a3ad0fc93a5ab5f.php 第 150 行.
NOTIC: [8] Undefined variable: new /data/webroot/Application/Runtime/Cache/Admin/3a437f75b5b60a521a3ad0fc93a5ab5f.php 第 150 行.
NOTIC: [8] Undefined variable: new /data/webroot/Application/Runtime/Cache/Admin/3a437f75b5b60a521a3ad0fc93a5ab5f.php 第 150 行.
NOTIC: [8] Undefined variable: new /data/webroot/Application/Runtime/Cache/Admin/3a437f75b5b60a521a3ad0fc93a5ab5f.php 第 150 行.
NOTIC: [8] Undefined variable: new /data/webroot/Application/Runtime/Cache/Admin/3a437f75b5b60a521a3ad0fc93a5ab5f.php 第 150 行.
NOTIC: [8] Undefined variable: new /data/webroot/Application/Runtime/Cache/Admin/3a437f75b5b60a521a3ad0fc93a5ab5f.php 第 150 行.
INFO: Run Behavior\ParseTemplateBehavior [ RunTime:0.140229s ]
INFO: [ view_parse ] --END-- [ RunTime:0.140321s ]
INFO: [ view_filter ] --START--
INFO: Run Behavior\WriteHtmlCacheBehavior [ RunTime:0.007310s ]
INFO: [ view_filter ] --END-- [ RunTime:0.007407s ]
INFO: [ app_end ] --START--
INFO: Run Behavior\ShowPageTraceBehavior [ RunTime:0.007750s ]
INFO: [ app_end ] --END-- [ RunTime:0.007855s ]

[ 2016-08-02T08:27:10+08:00 ] 172.16.190.0 /admin.php
INFO: [ app_init ] --START--
INFO: Run Behavior\BuildLiteBehavior [ RunTime:0.000037s ]
INFO: [ app_init ] --END-- [ RunTime:0.005455s ]
INFO: [ app_begin ] --START--
INFO: Run Behavior\ReadHtmlCacheBehavior [ RunTime:0.006911s ]
INFO: [ app_begin ] --END-- [ RunTime:0.007054s ]
NOTIC: [2048] Declaration of Common\Model\NewsModel::select() should be compatible with Think\Model::select($options = Array) /data/webroot/Application/Common/Model/NewsModel.class.php 第 8 行.
NOTIC: [2048] Declaration of Common\Model\NewsModel::find() should be compatible with Think\Model::find($options = Array) /data/webroot/Application/Common/Model/NewsModel.class.php 第 8 行.
SQL: SHOW COLUMNS FROM `cms_news` [ RunTime:0.0071s ]
SQL: SELECT * FROM `cms_news` WHERE `status` = 1 ORDER BY count desc LIMIT 1   [ RunTime:0.0010s ]
SQL: SELECT COUNT(*) AS tp_count FROM `cms_news` WHERE `status` = 1 LIMIT 1   [ RunTime:0.0006s ]
SQL: SHOW COLUMNS FROM `cms_position` [ RunTime:0.0068s ]
SQL: SELECT COUNT(*) AS tp_count FROM `cms_position` WHERE `status` = 1 LIMIT 1   [ RunTime:0.0022s ]
SQL: SHOW COLUMNS FROM `cms_admin` [ RunTime:0.0062s ]
SQL: SELECT COUNT(*) AS tp_count FROM `cms_admin` WHERE `status` = 1 AND `lastlogintime` > 1470067200 LIMIT 1   [ RunTime:0.0012s ]
NOTIC: [2] Illegal string offset 'tp_count' /data/webroot/Application/Common/Model/AdminModel.class.php 第 63 行.
INFO: [ view_parse ] --START--
INFO: [ template_filter ] --START--
INFO: Run Behavior\ContentReplaceBehavior [ RunTime:0.000094s ]
INFO: [ template_filter ] --END-- [ RunTime:0.000202s ]
NOTIC: [2048] Declaration of Common\Model\MenuModel::find() should be compatible with Think\Model::find($options = Array) /data/webroot/Application/Common/Model/MenuModel.class.php 第 88 行.
SQL: SHOW COLUMNS FROM `cms_menu` [ RunTime:0.0071s ]
SQL: SELECT * FROM `cms_menu` WHERE `status` <> -1 AND `type` = 1 ORDER BY listorder desc,menu_id desc  [ RunTime:0.0025s ]
NOTIC: [8] Undefined index: a /data/webroot/Application/Common/Common/function.php 第 33 行.
NOTIC: [8] Undefined index: a /data/webroot/Application/Common/Common/function.php 第 33 行.
NOTIC: [8] Undefined index: a /data/webroot/Application/Common/Common/function.php 第 33 行.
NOTIC: [8] Undefined index: a /data/webroot/Application/Common/Common/function.php 第 33 行.
NOTIC: [8] Undefined index: a /data/webroot/Application/Common/Common/function.php 第 33 行.
INFO: Run Behavior\ParseTemplateBehavior [ RunTime:0.102370s ]
INFO: [ view_parse ] --END-- [ RunTime:0.102477s ]
INFO: [ view_filter ] --START--
INFO: Run Behavior\WriteHtmlCacheBehavior [ RunTime:0.006886s ]
INFO: [ view_filter ] --END-- [ RunTime:0.007011s ]
INFO: [ app_end ] --START--
INFO: Run Behavior\ShowPageTraceBehavior [ RunTime:0.006176s ]
INFO: [ app_end ] --END-- [ RunTime:0.006309s ]

