[ 2016-08-02T08:13:22+08:00 ] 172.16.190.0 /?
INFO: [ app_init ] --START--
INFO: Run Behavior\BuildLiteBehavior [ RunTime:0.000058s ]
INFO: [ app_init ] --END-- [ RunTime:0.013265s ]
INFO: [ app_begin ] --START--
INFO: Run Behavior\ReadHtmlCacheBehavior [ RunTime:0.012187s ]
INFO: [ app_begin ] --END-- [ RunTime:0.012316s ]
NOTIC: [2048] Declaration of Home\Controller\CommonController::error() should be compatible with Think\Controller::error($message = '', $jumpUrl = '', $ajax = false) /data/webroot/Application/Home/Controller/CommonController.class.php 第 23 行.
NOTIC: [2048] Declaration of Common\Model\NewsModel::select() should be compatible with Think\Model::select($options = Array) /data/webroot/Application/Common/Model/NewsModel.class.php 第 8 行.
NOTIC: [2048] Declaration of Common\Model\NewsModel::find() should be compatible with Think\Model::find($options = Array) /data/webroot/Application/Common/Model/NewsModel.class.php 第 8 行.
ERR: SQLSTATE[HY000] [2002] No such file or directory

[ 2016-08-02T08:13:26+08:00 ] 172.16.190.0 /?
INFO: [ app_init ] --START--
INFO: Run Behavior\BuildLiteBehavior [ RunTime:0.000045s ]
INFO: [ app_init ] --END-- [ RunTime:0.005627s ]
INFO: [ app_begin ] --START--
INFO: Run Behavior\ReadHtmlCacheBehavior [ RunTime:0.015368s ]
INFO: [ app_begin ] --END-- [ RunTime:0.015504s ]
NOTIC: [2048] Declaration of Home\Controller\CommonController::error() should be compatible with Think\Controller::error($message = '', $jumpUrl = '', $ajax = false) /data/webroot/Application/Home/Controller/CommonController.class.php 第 23 行.
NOTIC: [2048] Declaration of Common\Model\NewsModel::select() should be compatible with Think\Model::select($options = Array) /data/webroot/Application/Common/Model/NewsModel.class.php 第 8 行.
NOTIC: [2048] Declaration of Common\Model\NewsModel::find() should be compatible with Think\Model::find($options = Array) /data/webroot/Application/Common/Model/NewsModel.class.php 第 8 行.
ERR: SQLSTATE[HY000] [2002] No such file or directory

[ 2016-08-02T08:13:50+08:00 ] 172.16.190.0 /?
INFO: [ app_init ] --START--
INFO: Run Behavior\BuildLiteBehavior [ RunTime:0.000094s ]
INFO: [ app_init ] --END-- [ RunTime:0.007670s ]
INFO: [ app_begin ] --START--
INFO: Run Behavior\ReadHtmlCacheBehavior [ RunTime:0.007615s ]
INFO: [ app_begin ] --END-- [ RunTime:0.007783s ]
NOTIC: [2048] Declaration of Home\Controller\CommonController::error() should be compatible with Think\Controller::error($message = '', $jumpUrl = '', $ajax = false) /data/webroot/Application/Home/Controller/CommonController.class.php 第 23 行.
NOTIC: [2048] Declaration of Common\Model\NewsModel::select() should be compatible with Think\Model::select($options = Array) /data/webroot/Application/Common/Model/NewsModel.class.php 第 8 行.
NOTIC: [2048] Declaration of Common\Model\NewsModel::find() should be compatible with Think\Model::find($options = Array) /data/webroot/Application/Common/Model/NewsModel.class.php 第 8 行.
SQL: SHOW COLUMNS FROM `cms_news` [ RunTime:0.0324s ]
SQL: SELECT * FROM `cms_news` WHERE `status` = 1 ORDER BY count desc,news_id desc LIMIT 10   [ RunTime:0.0128s ]
NOTIC: [2048] Declaration of Common\Model\PositionContentModel::select() should be compatible with Think\Model::select($options = Array) /data/webroot/Application/Common/Model/PositionContentModel.class.php 第 106 行.
NOTIC: [2048] Declaration of Common\Model\PositionContentModel::find() should be compatible with Think\Model::find($options = Array) /data/webroot/Application/Common/Model/PositionContentModel.class.php 第 106 行.
SQL: SHOW COLUMNS FROM `cms_position_content` [ RunTime:0.0262s ]
SQL: SELECT * FROM `cms_position_content` WHERE `status` = 1 AND `position_id` = 2 ORDER BY id desc LIMIT 1   [ RunTime:0.0038s ]
SQL: SELECT * FROM `cms_position_content` WHERE `status` = 1 AND `position_id` = 3 ORDER BY id desc LIMIT 3   [ RunTime:0.0005s ]
SQL: SELECT * FROM `cms_news` WHERE `status` = 1 AND `thumb` <> '' ORDER BY listorder desc,news_id desc LIMIT 30   [ RunTime:0.0007s ]
SQL: SELECT * FROM `cms_position_content` WHERE `status` = 1 AND `position_id` = 5 ORDER BY id desc LIMIT 2   [ RunTime:0.0007s ]
INFO: [ view_parse ] --START--
INFO: [ template_filter ] --START--
INFO: Run Behavior\ContentReplaceBehavior [ RunTime:0.000127s ]
INFO: [ template_filter ] --END-- [ RunTime:0.000273s ]
NOTIC: [2048] Declaration of Common\Model\BasicModel::save() should be compatible with Think\Model::save($data = '', $options = Array) /data/webroot/Application/Common/Model/BasicModel.class.php 第 28 行.
NOTIC: [2048] Declaration of Common\Model\BasicModel::select() should be compatible with Think\Model::select($options = Array) /data/webroot/Application/Common/Model/BasicModel.class.php 第 28 行.
NOTIC: [2048] Declaration of Common\Model\MenuModel::find() should be compatible with Think\Model::find($options = Array) /data/webroot/Application/Common/Model/MenuModel.class.php 第 88 行.
SQL: SHOW COLUMNS FROM `cms_menu` [ RunTime:0.0247s ]
SQL: SELECT * FROM `cms_menu` WHERE `status` = 1 AND `type` = 0 ORDER BY listorder desc,menu_id desc  [ RunTime:0.0074s ]
NOTIC: [8] Undefined index: count /data/webroot/Application/Runtime/Cache/Home/2a94b8bda04ff446dcedd42276fc99ee.php 第 34 行.
INFO: Run Behavior\ParseTemplateBehavior [ RunTime:0.200053s ]
INFO: [ view_parse ] --END-- [ RunTime:0.200175s ]
INFO: [ view_filter ] --START--
INFO: Run Behavior\WriteHtmlCacheBehavior [ RunTime:0.014037s ]
INFO: [ view_filter ] --END-- [ RunTime:0.014197s ]
INFO: [ app_end ] --START--
INFO: Run Behavior\ShowPageTraceBehavior [ RunTime:0.013957s ]
INFO: [ app_end ] --END-- [ RunTime:0.014092s ]

[ 2016-08-02T08:25:43+08:00 ] 172.16.190.0 /
INFO: [ app_init ] --START--
INFO: Run Behavior\BuildLiteBehavior [ RunTime:0.000036s ]
INFO: [ app_init ] --END-- [ RunTime:0.006620s ]
INFO: [ app_begin ] --START--
INFO: Run Behavior\ReadHtmlCacheBehavior [ RunTime:0.007838s ]
INFO: [ app_begin ] --END-- [ RunTime:0.007950s ]
NOTIC: [2048] Declaration of Home\Controller\CommonController::error() should be compatible with Think\Controller::error($message = '', $jumpUrl = '', $ajax = false) /data/webroot/Application/Home/Controller/CommonController.class.php 第 23 行.
NOTIC: [2048] Declaration of Common\Model\NewsModel::select() should be compatible with Think\Model::select($options = Array) /data/webroot/Application/Common/Model/NewsModel.class.php 第 8 行.
NOTIC: [2048] Declaration of Common\Model\NewsModel::find() should be compatible with Think\Model::find($options = Array) /data/webroot/Application/Common/Model/NewsModel.class.php 第 8 行.
SQL: SHOW COLUMNS FROM `cms_news` [ RunTime:0.0084s ]
SQL: SELECT * FROM `cms_news` WHERE `status` = 1 ORDER BY count desc,news_id desc LIMIT 10   [ RunTime:0.0131s ]
NOTIC: [2048] Declaration of Common\Model\PositionContentModel::select() should be compatible with Think\Model::select($options = Array) /data/webroot/Application/Common/Model/PositionContentModel.class.php 第 106 行.
NOTIC: [2048] Declaration of Common\Model\PositionContentModel::find() should be compatible with Think\Model::find($options = Array) /data/webroot/Application/Common/Model/PositionContentModel.class.php 第 106 行.
SQL: SHOW COLUMNS FROM `cms_position_content` [ RunTime:0.0075s ]
SQL: SELECT * FROM `cms_position_content` WHERE `status` = 1 AND `position_id` = 2 ORDER BY id desc LIMIT 1   [ RunTime:0.0305s ]
SQL: SELECT * FROM `cms_position_content` WHERE `status` = 1 AND `position_id` = 3 ORDER BY id desc LIMIT 3   [ RunTime:0.0006s ]
SQL: SELECT * FROM `cms_news` WHERE `status` = 1 AND `thumb` <> '' ORDER BY listorder desc,news_id desc LIMIT 30   [ RunTime:0.0007s ]
SQL: SELECT * FROM `cms_position_content` WHERE `status` = 1 AND `position_id` = 5 ORDER BY id desc LIMIT 2   [ RunTime:0.0005s ]
INFO: [ view_parse ] --START--
INFO: [ template_filter ] --START--
INFO: Run Behavior\ContentReplaceBehavior [ RunTime:0.000113s ]
INFO: [ template_filter ] --END-- [ RunTime:0.000369s ]
NOTIC: [2048] Declaration of Common\Model\BasicModel::save() should be compatible with Think\Model::save($data = '', $options = Array) /data/webroot/Application/Common/Model/BasicModel.class.php 第 28 行.
NOTIC: [2048] Declaration of Common\Model\BasicModel::select() should be compatible with Think\Model::select($options = Array) /data/webroot/Application/Common/Model/BasicModel.class.php 第 28 行.
NOTIC: [2048] Declaration of Common\Model\MenuModel::find() should be compatible with Think\Model::find($options = Array) /data/webroot/Application/Common/Model/MenuModel.class.php 第 88 行.
SQL: SHOW COLUMNS FROM `cms_menu` [ RunTime:0.0093s ]
SQL: SELECT * FROM `cms_menu` WHERE `status` = 1 AND `type` = 0 ORDER BY listorder desc,menu_id desc  [ RunTime:0.0029s ]
NOTIC: [8] Undefined index: count /data/webroot/Application/Runtime/Cache/Home/2a94b8bda04ff446dcedd42276fc99ee.php 第 34 行.
INFO: Run Behavior\ParseTemplateBehavior [ RunTime:0.175193s ]
INFO: [ view_parse ] --END-- [ RunTime:0.175291s ]
INFO: [ view_filter ] --START--
INFO: Run Behavior\WriteHtmlCacheBehavior [ RunTime:0.007039s ]
INFO: [ view_filter ] --END-- [ RunTime:0.007214s ]
INFO: [ app_end ] --START--
INFO: Run Behavior\ShowPageTraceBehavior [ RunTime:0.010455s ]
INFO: [ app_end ] --END-- [ RunTime:0.010575s ]

[ 2016-08-02T08:25:45+08:00 ] 172.16.190.0 /index.php?c=index&a=getCount
INFO: [ app_init ] --START--
INFO: Run Behavior\BuildLiteBehavior [ RunTime:0.000038s ]
INFO: [ app_init ] --END-- [ RunTime:0.004683s ]
INFO: [ app_begin ] --START--
INFO: Run Behavior\ReadHtmlCacheBehavior [ RunTime:0.006618s ]
INFO: [ app_begin ] --END-- [ RunTime:0.006717s ]
NOTIC: [2048] Declaration of Home\Controller\CommonController::error() should be compatible with Think\Controller::error($message = '', $jumpUrl = '', $ajax = false) /data/webroot/Application/Home/Controller/CommonController.class.php 第 23 行.
NOTIC: [2048] Declaration of Common\Model\NewsModel::select() should be compatible with Think\Model::select($options = Array) /data/webroot/Application/Common/Model/NewsModel.class.php 第 8 行.
NOTIC: [2048] Declaration of Common\Model\NewsModel::find() should be compatible with Think\Model::find($options = Array) /data/webroot/Application/Common/Model/NewsModel.class.php 第 8 行.
SQL: SHOW COLUMNS FROM `cms_news` [ RunTime:0.0070s ]
SQL: SELECT * FROM `cms_news` WHERE `news_id` IN ('42','23','18','24','22','21','20')  [ RunTime:0.0025s ]

[ 2016-08-02T08:25:48+08:00 ] 172.16.190.0 /index.php?c=detail&id=42
INFO: [ app_init ] --START--
INFO: Run Behavior\BuildLiteBehavior [ RunTime:0.000084s ]
INFO: [ app_init ] --END-- [ RunTime:0.005344s ]
INFO: [ app_begin ] --START--
INFO: Run Behavior\ReadHtmlCacheBehavior [ RunTime:0.008760s ]
INFO: [ app_begin ] --END-- [ RunTime:0.008870s ]
NOTIC: [2048] Declaration of Home\Controller\CommonController::error() should be compatible with Think\Controller::error($message = '', $jumpUrl = '', $ajax = false) /data/webroot/Application/Home/Controller/CommonController.class.php 第 23 行.
NOTIC: [2048] Declaration of Common\Model\NewsModel::select() should be compatible with Think\Model::select($options = Array) /data/webroot/Application/Common/Model/NewsModel.class.php 第 8 行.
NOTIC: [2048] Declaration of Common\Model\NewsModel::find() should be compatible with Think\Model::find($options = Array) /data/webroot/Application/Common/Model/NewsModel.class.php 第 8 行.
SQL: SHOW COLUMNS FROM `cms_news` [ RunTime:0.0077s ]
SQL: SELECT * FROM `cms_news` WHERE ( news_id=42 ) LIMIT 1   [ RunTime:0.0006s ]
NOTIC: [8] Undefined variable: message /data/webroot/Application/Home/Controller/CommonController.class.php 第 19 行.
INFO: [ view_parse ] --START--
INFO: [ template_filter ] --START--
INFO: Run Behavior\ContentReplaceBehavior [ RunTime:0.000100s ]
INFO: [ template_filter ] --END-- [ RunTime:0.000301s ]
NOTIC: [2048] Declaration of Common\Model\BasicModel::save() should be compatible with Think\Model::save($data = '', $options = Array) /data/webroot/Application/Common/Model/BasicModel.class.php 第 28 行.
NOTIC: [2048] Declaration of Common\Model\BasicModel::select() should be compatible with Think\Model::select($options = Array) /data/webroot/Application/Common/Model/BasicModel.class.php 第 28 行.
NOTIC: [2048] Declaration of Common\Model\MenuModel::find() should be compatible with Think\Model::find($options = Array) /data/webroot/Application/Common/Model/MenuModel.class.php 第 88 行.
SQL: SHOW COLUMNS FROM `cms_menu` [ RunTime:0.0086s ]
SQL: SELECT * FROM `cms_menu` WHERE `status` = 1 AND `type` = 0 ORDER BY listorder desc,menu_id desc  [ RunTime:0.0024s ]
NOTIC: [8] Undefined variable: res /data/webroot/Application/Runtime/Cache/Home/9e03bccc44c1f457e70232be6abc4e68.php 第 22 行.
NOTIC: [8] Undefined variable: res /data/webroot/Application/Runtime/Cache/Home/9e03bccc44c1f457e70232be6abc4e68.php 第 23 行.
NOTIC: [8] Undefined variable: res /data/webroot/Application/Runtime/Cache/Home/9e03bccc44c1f457e70232be6abc4e68.php 第 23 行.
NOTIC: [8] Undefined variable: res /data/webroot/Application/Runtime/Cache/Home/9e03bccc44c1f457e70232be6abc4e68.php 第 23 行.
INFO: Run Behavior\ParseTemplateBehavior [ RunTime:0.145106s ]
INFO: [ view_parse ] --END-- [ RunTime:0.145197s ]
INFO: [ view_filter ] --START--
INFO: Run Behavior\WriteHtmlCacheBehavior [ RunTime:0.005449s ]
INFO: [ view_filter ] --END-- [ RunTime:0.005523s ]
SQL: UPDATE `cms_news` SET `count`='1' WHERE ( news_id=42 ) [ RunTime:0.0005s ]
NOTIC: [2048] Declaration of Common\Model\NewsContentModel::find() should be compatible with Think\Model::find($options = Array) /data/webroot/Application/Common/Model/NewsContentModel.class.php 第 42 行.
SQL: SHOW COLUMNS FROM `cms_news_content` [ RunTime:0.0231s ]
SQL: SELECT * FROM `cms_news_content` WHERE ( news_id=42 ) LIMIT 1   [ RunTime:0.0008s ]
SQL: SELECT * FROM `cms_news` WHERE `status` = 1 ORDER BY count desc,news_id desc LIMIT 10   [ RunTime:0.0015s ]
NOTIC: [2048] Declaration of Common\Model\PositionContentModel::select() should be compatible with Think\Model::select($options = Array) /data/webroot/Application/Common/Model/PositionContentModel.class.php 第 106 行.
NOTIC: [2048] Declaration of Common\Model\PositionContentModel::find() should be compatible with Think\Model::find($options = Array) /data/webroot/Application/Common/Model/PositionContentModel.class.php 第 106 行.
SQL: SHOW COLUMNS FROM `cms_position_content` [ RunTime:0.0083s ]
SQL: SELECT * FROM `cms_position_content` WHERE `status` = 1 AND `position_id` = 5 ORDER BY id desc LIMIT 2   [ RunTime:1.8354s ]
NOTIC: [8] Undefined index: catid /data/webroot/Application/Home/Controller/DetailController.class.php 第 33 行.
INFO: [ view_parse ] --START--
INFO: [ template_filter ] --START--
INFO: Run Behavior\ContentReplaceBehavior [ RunTime:0.000088s ]
INFO: [ template_filter ] --END-- [ RunTime:-2.156861s ]
SQL: SELECT * FROM `cms_menu` WHERE `status` = 1 AND `type` = 0 ORDER BY listorder desc,menu_id desc  [ RunTime:0.0018s ]
NOTIC: [8] Undefined index: title /data/webroot/Application/Runtime/Cache/Home/0d75cb75cd30b13fdd4834afd69acb19.php 第 35 行.
INFO: Run Behavior\ParseTemplateBehavior [ RunTime:0.187406s ]
INFO: [ view_parse ] --END-- [ RunTime:-1.920907s ]
INFO: [ view_filter ] --START--
INFO: Run Behavior\WriteHtmlCacheBehavior [ RunTime:0.000026s ]
INFO: [ view_filter ] --END-- [ RunTime:-2.102915s ]
INFO: [ app_end ] --START--
INFO: Run Behavior\ShowPageTraceBehavior [ RunTime:0.011178s ]
INFO: [ app_end ] --END-- [ RunTime:0.011279s ]

[ 2016-08-02T08:25:54+08:00 ] 172.16.190.0 /
INFO: [ app_init ] --START--
INFO: Run Behavior\BuildLiteBehavior [ RunTime:0.000044s ]
INFO: [ app_init ] --END-- [ RunTime:0.005840s ]
INFO: [ app_begin ] --START--
INFO: Run Behavior\ReadHtmlCacheBehavior [ RunTime:0.006787s ]
INFO: [ app_begin ] --END-- [ RunTime:0.006906s ]
NOTIC: [2048] Declaration of Home\Controller\CommonController::error() should be compatible with Think\Controller::error($message = '', $jumpUrl = '', $ajax = false) /data/webroot/Application/Home/Controller/CommonController.class.php 第 23 行.
NOTIC: [2048] Declaration of Common\Model\NewsModel::select() should be compatible with Think\Model::select($options = Array) /data/webroot/Application/Common/Model/NewsModel.class.php 第 8 行.
NOTIC: [2048] Declaration of Common\Model\NewsModel::find() should be compatible with Think\Model::find($options = Array) /data/webroot/Application/Common/Model/NewsModel.class.php 第 8 行.
SQL: SHOW COLUMNS FROM `cms_news` [ RunTime:0.0079s ]
SQL: SELECT * FROM `cms_news` WHERE `status` = 1 ORDER BY count desc,news_id desc LIMIT 10   [ RunTime:0.0023s ]
NOTIC: [2048] Declaration of Common\Model\PositionContentModel::select() should be compatible with Think\Model::select($options = Array) /data/webroot/Application/Common/Model/PositionContentModel.class.php 第 106 行.
NOTIC: [2048] Declaration of Common\Model\PositionContentModel::find() should be compatible with Think\Model::find($options = Array) /data/webroot/Application/Common/Model/PositionContentModel.class.php 第 106 行.
SQL: SHOW COLUMNS FROM `cms_position_content` [ RunTime:0.0101s ]
SQL: SELECT * FROM `cms_position_content` WHERE `status` = 1 AND `position_id` = 2 ORDER BY id desc LIMIT 1   [ RunTime:0.0182s ]
SQL: SELECT * FROM `cms_position_content` WHERE `status` = 1 AND `position_id` = 3 ORDER BY id desc LIMIT 3   [ RunTime:0.0005s ]
SQL: SELECT * FROM `cms_news` WHERE `status` = 1 AND `thumb` <> '' ORDER BY listorder desc,news_id desc LIMIT 30   [ RunTime:0.0007s ]
SQL: SELECT * FROM `cms_position_content` WHERE `status` = 1 AND `position_id` = 5 ORDER BY id desc LIMIT 2   [ RunTime:0.0005s ]
INFO: [ view_parse ] --START--
INFO: [ template_filter ] --START--
INFO: Run Behavior\ContentReplaceBehavior [ RunTime:0.000115s ]
INFO: [ template_filter ] --END-- [ RunTime:0.000302s ]
NOTIC: [2048] Declaration of Common\Model\BasicModel::save() should be compatible with Think\Model::save($data = '', $options = Array) /data/webroot/Application/Common/Model/BasicModel.class.php 第 28 行.
NOTIC: [2048] Declaration of Common\Model\BasicModel::select() should be compatible with Think\Model::select($options = Array) /data/webroot/Application/Common/Model/BasicModel.class.php 第 28 行.
NOTIC: [2048] Declaration of Common\Model\MenuModel::find() should be compatible with Think\Model::find($options = Array) /data/webroot/Application/Common/Model/MenuModel.class.php 第 88 行.
SQL: SHOW COLUMNS FROM `cms_menu` [ RunTime:0.0099s ]
SQL: SELECT * FROM `cms_menu` WHERE `status` = 1 AND `type` = 0 ORDER BY listorder desc,menu_id desc  [ RunTime:0.0025s ]
NOTIC: [8] Undefined index: count /data/webroot/Application/Runtime/Cache/Home/2a94b8bda04ff446dcedd42276fc99ee.php 第 34 行.
INFO: Run Behavior\ParseTemplateBehavior [ RunTime:0.141292s ]
INFO: [ view_parse ] --END-- [ RunTime:0.141397s ]
INFO: [ view_filter ] --START--
INFO: Run Behavior\WriteHtmlCacheBehavior [ RunTime:0.005879s ]
INFO: [ view_filter ] --END-- [ RunTime:0.005985s ]
INFO: [ app_end ] --START--
INFO: Run Behavior\ShowPageTraceBehavior [ RunTime:0.008468s ]
INFO: [ app_end ] --END-- [ RunTime:0.008609s ]

[ 2016-08-02T08:25:57+08:00 ] 172.16.190.0 /index.php?c=index&a=getCount
INFO: [ app_init ] --START--
INFO: Run Behavior\BuildLiteBehavior [ RunTime:0.000079s ]
INFO: [ app_init ] --END-- [ RunTime:0.005240s ]
INFO: [ app_begin ] --START--
INFO: Run Behavior\ReadHtmlCacheBehavior [ RunTime:0.005839s ]
INFO: [ app_begin ] --END-- [ RunTime:0.006051s ]
NOTIC: [2048] Declaration of Home\Controller\CommonController::error() should be compatible with Think\Controller::error($message = '', $jumpUrl = '', $ajax = false) /data/webroot/Application/Home/Controller/CommonController.class.php 第 23 行.
NOTIC: [2048] Declaration of Common\Model\NewsModel::select() should be compatible with Think\Model::select($options = Array) /data/webroot/Application/Common/Model/NewsModel.class.php 第 8 行.
NOTIC: [2048] Declaration of Common\Model\NewsModel::find() should be compatible with Think\Model::find($options = Array) /data/webroot/Application/Common/Model/NewsModel.class.php 第 8 行.
SQL: SHOW COLUMNS FROM `cms_news` [ RunTime:0.0096s ]
SQL: SELECT * FROM `cms_news` WHERE `news_id` IN ('42','23','18','24','22','21','20')  [ RunTime:0.0026s ]

[ 2016-08-02T08:26:53+08:00 ] 172.16.190.0 /index.php?c=detail&id=22
INFO: [ app_init ] --START--
INFO: Run Behavior\BuildLiteBehavior [ RunTime:0.000056s ]
INFO: [ app_init ] --END-- [ RunTime:0.005596s ]
INFO: [ app_begin ] --START--
INFO: Run Behavior\ReadHtmlCacheBehavior [ RunTime:0.006167s ]
INFO: [ app_begin ] --END-- [ RunTime:0.006289s ]
NOTIC: [2048] Declaration of Home\Controller\CommonController::error() should be compatible with Think\Controller::error($message = '', $jumpUrl = '', $ajax = false) /data/webroot/Application/Home/Controller/CommonController.class.php 第 23 行.
NOTIC: [2048] Declaration of Common\Model\NewsModel::select() should be compatible with Think\Model::select($options = Array) /data/webroot/Application/Common/Model/NewsModel.class.php 第 8 行.
NOTIC: [2048] Declaration of Common\Model\NewsModel::find() should be compatible with Think\Model::find($options = Array) /data/webroot/Application/Common/Model/NewsModel.class.php 第 8 行.
SQL: SHOW COLUMNS FROM `cms_news` [ RunTime:0.0089s ]
SQL: SELECT * FROM `cms_news` WHERE ( news_id=22 ) LIMIT 1   [ RunTime:0.0020s ]
SQL: UPDATE `cms_news` SET `count`='23' WHERE ( news_id=22 ) [ RunTime:0.0025s ]
NOTIC: [2048] Declaration of Common\Model\NewsContentModel::find() should be compatible with Think\Model::find($options = Array) /data/webroot/Application/Common/Model/NewsContentModel.class.php 第 42 行.
SQL: SHOW COLUMNS FROM `cms_news_content` [ RunTime:0.0059s ]
SQL: SELECT * FROM `cms_news_content` WHERE ( news_id=22 ) LIMIT 1   [ RunTime:0.0051s ]
SQL: SELECT * FROM `cms_news` WHERE `status` = 1 ORDER BY count desc,news_id desc LIMIT 10   [ RunTime:0.0012s ]
NOTIC: [2048] Declaration of Common\Model\PositionContentModel::select() should be compatible with Think\Model::select($options = Array) /data/webroot/Application/Common/Model/PositionContentModel.class.php 第 106 行.
NOTIC: [2048] Declaration of Common\Model\PositionContentModel::find() should be compatible with Think\Model::find($options = Array) /data/webroot/Application/Common/Model/PositionContentModel.class.php 第 106 行.
SQL: SHOW COLUMNS FROM `cms_position_content` [ RunTime:0.0071s ]
SQL: SELECT * FROM `cms_position_content` WHERE `status` = 1 AND `position_id` = 5 ORDER BY id desc LIMIT 2   [ RunTime:0.0015s ]
INFO: [ view_parse ] --START--
INFO: [ template_filter ] --START--
INFO: Run Behavior\ContentReplaceBehavior [ RunTime:0.000083s ]
INFO: [ template_filter ] --END-- [ RunTime:0.000171s ]
NOTIC: [2048] Declaration of Common\Model\BasicModel::save() should be compatible with Think\Model::save($data = '', $options = Array) /data/webroot/Application/Common/Model/BasicModel.class.php 第 28 行.
NOTIC: [2048] Declaration of Common\Model\BasicModel::select() should be compatible with Think\Model::select($options = Array) /data/webroot/Application/Common/Model/BasicModel.class.php 第 28 行.
NOTIC: [2048] Declaration of Common\Model\MenuModel::find() should be compatible with Think\Model::find($options = Array) /data/webroot/Application/Common/Model/MenuModel.class.php 第 88 行.
SQL: SHOW COLUMNS FROM `cms_menu` [ RunTime:0.0088s ]
SQL: SELECT * FROM `cms_menu` WHERE `status` = 1 AND `type` = 0 ORDER BY listorder desc,menu_id desc  [ RunTime:0.0024s ]
INFO: Run Behavior\ParseTemplateBehavior [ RunTime:0.155443s ]
INFO: [ view_parse ] --END-- [ RunTime:0.155552s ]
INFO: [ view_filter ] --START--
INFO: Run Behavior\WriteHtmlCacheBehavior [ RunTime:0.005952s ]
INFO: [ view_filter ] --END-- [ RunTime:0.006156s ]
INFO: [ app_end ] --START--
INFO: Run Behavior\ShowPageTraceBehavior [ RunTime:0.009126s ]
INFO: [ app_end ] --END-- [ RunTime:0.009212s ]

